7 24 19:30:11 <item4>	안녕하세요
7 24 19:30:29 <Jstring>	안녕하세요^^
7 24 19:30:31 *	ellif_ip (ellif@*.*.*.*) has joined
7 24 19:30:31 *	ㅇㅈㅇ gives voice to ellif_ip
7 24 19:30:46 <grimb>	안녕하세요
7 24 19:31:07 <sz>	안녕하세요
7 24 19:31:07 <item4>	일단 약속대로 바로 시작은 하겠습니다
7 24 19:31:13 <grimb>	네
7 24 19:31:24 <ellif_ip>	 넵 기
7 24 19:31:25 <item4>	지난시간 배운것중에 기억에 남는걸 나눠보도록 하겠습니다
7 24 19:31:26 <wk>	안녕하세요
7 24 19:31:30 <item4>	어떤게 기억에 남으시나요?
7 24 19:32:10 <Jstring>	scanf
7 24 19:32:12 <Jstring>	포인터?
7 24 19:32:24 <ellif_ip>	%
7 24 19:32:43 <grimb>	변수에 담은 내용
7 24 19:33:13 <sz>	저도 포인터가...
7 24 19:33:32 <lyn>	나누기는 힘들다....는 저저번이었나
7 24 19:33:42 <lyn>	포인터랑 %요
7 24 19:33:48 <item4>	역시 포인터가 가장 인상적이었군요
7 24 19:34:03 <item4>	아직 포인터 부분이 이해가 안가더라도 괜찮습니다
7 24 19:34:13 <item4>	포인터 부분은 추후에 보다 상세히 다룰 기회가 올거에요
7 24 19:34:16 <item4>	지금은 일단
7 24 19:34:27 <item4>	저 부분에 &가 들어가는건 포인터가 필요해서..! 라는것 정도만 알면 됩니다
7 24 19:34:53 <item4>	자 그럼 지난번 과제 해보신분 계신가요
7 24 19:34:58 <grimb>	네!
7 24 19:35:05 <Jstring>	네
7 24 19:35:06 <ellif_ip>	완료하기는 했습니다
7 24 19:35:40 <item4>	혹시라도 놓치신분들이 계실 수 있으니 이번 과제도 한번 같이 풀어보겠습니다
7 24 19:36:19 <item4>	이번 과제의 키포인트도 역시 % 였는데요
7 24 19:36:39 <item4>	이번 문제에서 가장 복잡한 부분은 어느 부분이었나요
7 24 19:37:20 <Jstring>	지폐 계산기랑 거의 같은 유형이라
7 24 19:37:26 <Jstring>	나름 수월했던거같네요
7 24 19:38:11 <item4>	지폐 계산때는 숫자가 딱딱 맞아 떨어져서 좀 용이한 감이 없지 않은데
7 24 19:38:16 <item4>	이번에는 조금 독특했죠
7 24 19:38:24 <item4>	같이 보도록 하겠습니다
7 24 19:38:31 <item4>	입력 변수를 input이라고 가정하면
7 24 19:38:36 <item4>	int input, day, hour, minute, second;
7 24 19:38:44 <item4>	이런식으로 정리가 가능하겠습니다
7 24 19:38:50 <grimb>	하루를 초로 바꾸고 1시간 / 1분 / 1초 단위로 나누었습니다.
7 24 19:38:54 <item4>	한번에 선언하기 지난시간 마지막에 나왔었지요
7 24 19:39:01 <item4>		printf("초:");
7 24 19:39:01 <item4>		scanf("%d",&input);
7 24 19:39:07 <item4>	이렇게 두줄 쓰고 입력을 받구요
7 24 19:39:23 <ellif_ip>	으음 일자도 추가 가능하겠네요
7 24 19:39:24 <item4>	여기서 초: 이거 출력하는건 그냥 보기 좋으라고 하는거.. 별도로 설명 안해도 되겠지요?
7 24 19:39:41 <grimb>	네
7 24 19:39:51 <ellif_ip>	한번에 선언하기가 지난주 로그에 있었나요?
7 24 19:39:59 <item4>	지난주 로그 마지막 부분에
7 24 19:40:06 <item4>	질문으로 나와서 답변해드렸습니다
7 24 19:40:10 <ellif_ip>	포함됐으면 됐습니다.
7 24 19:40:20 <item4>	먼저 날짜부터 봐보겠습니다
7 24 19:40:24 <item4>	day=input/86400;
7 24 19:40:42 <item4>	뜬금없이 86400은 또 뭔가 하고 질문이 올 것 같습니다
7 24 19:40:54 <item4>	이것은 미리 계산을 해 둔 값인데요
7 24 19:41:05 <item4>	하루는 24시간 * 1시간은 60분 * 1분은 60초
7 24 19:41:11 <item4>	!= 24 * 60 * 60
7 24 19:41:12 <냐옹이>	24 * 60 * 60 == 86 400
7 24 19:41:20 <item4>	하면 86400이 나옵니다
7 24 19:41:26 <grimb>	네
7 24 19:41:35 <lyn>	....! 제 계산이 처음부터 틀렸었군요 이런
7 24 19:41:38 <item4>	자주 쓰이는(?) 숫자니까 외워두셔도 되고
7 24 19:42:00 <item4>	필요할때마다 계산하면 됩니다
7 24 19:42:04 <item4>	다만 주의하셔야할점은
7 24 19:42:08 <item4>	day=input/86400;
7 24 19:42:10 <item4>	라면
7 24 19:42:25 <item4>	day=input/(24*60*60); 입니다
7 24 19:42:28 <item4>	괄호를 생략하면
7 24 19:42:31 <item4>	값이 이상하게 나옵니다
7 24 19:42:35 <item4>	굳이 괄호를 빼야겠다면
7 24 19:42:45 <item4>	day=input/24/60/60;
7 24 19:42:49 <item4>	이렇게 하면 되겠지만
7 24 19:42:58 <item4>	지난시간에도 언급을 했지만.. 나누기는 줄이는게 좋습니다
7 24 19:43:20 <item4>	다음, 시간을 봐보겠습니다
7 24 19:43:43 <item4>	hour=input%86400/3600; 
7 24 19:43:55 <item4>	3600은 60*60입니다
7 24 19:44:01 <item4>	역시 미리 구해둔 값을 넣은것인데
7 24 19:44:17 <item4>	계속 해보겠습니다
7 24 19:44:49 <item4>		minute=input%3600/60;
7 24 19:44:49 <item4>		second=input%60;
7 24 19:45:01 <item4>	식은 다 만들었고 이제
7 24 19:45:05 <item4>	출력만 해보면 되겠군요
7 24 19:45:35 <item4>	출력에 대해서 지난시간에 배운거 생각나는거 있으신분?
7 24 19:46:05 <Jstring>	칸띄우기가 있었어요
7 24 19:46:25 <Jstring>	줄 띄우기라 해야하나
7 24 19:46:36 <item4>	네. 줄 띄우기, \n을 배웠습니다
7 24 19:47:07 <item4>		printf("%d초는 변환하면 다음과 같습니다.\n",input);
7 24 19:47:07 <item4>		printf("- %d일 %d시간 %d분 %d초",day,hour,minute,second);
7 24 19:47:12 <item4>	이런식으로 출력이 가능하겠군요
7 24 19:47:56 <item4>	12345초를 변환하면 다들 몇이 나오시나요
7 24 19:48:33 <grimb>	3시간 25분 45초
7 24 19:48:46 <Jstring>	3시간 25분 45초 입니다!!
7 24 19:48:48 <item4>	다들 똑같이 나오시나요
7 24 19:49:48 <item4>	자, 오늘은 일단 수업 들어가기 전부터 숙제를 몇개 내드리겠습니다
7 24 19:49:56 <lyn>	...어디서 틀린건지;
7 24 19:50:11 <item4>	이번 시간부터는 숙제가 좀 많은날이 있을 수 있습니다
7 24 19:50:20 <item4>	lyn, 소스를 codepad.org 에 저장해서 올려주세요
7 24 19:50:55 <lyn>	http://codepad.org/uCqWvX0d 여깄습니다
7 24 19:51:01 <item4>	오늘 숙제는 평 <-> ㎡ 계산기, 원 <-> 달러 계산기를 만들어오는겁니다
7 24 19:51:42 <item4>	달러 환율은 복잡하니까
7 24 19:51:48 <item4>	?환율 1달러
7 24 19:51:48 <멍멍이>	1.00 미국 달러 = 1113.50 대한민국 원
7 24 19:51:51 <lyn>	아찻
7 24 19:51:52 <item4>	1100원이라고 칩시다
7 24 19:52:04 <lyn>	오류 처리했습니다
7 24 19:52:31 <item4>	네. 처리 되신것 같으니 진행하겠습니다
7 24 19:52:38 <item4>	숙제 다들 해보실 수 있겠나요?
7 24 19:52:45 <grimb>	네
7 24 19:52:46 <sz>	네 ㅎㅎ
7 24 19:52:48 <lyn>	네
7 24 19:52:51 <item4>	만들어오셔야 하는 프로그램이 벌써 4개입니다
7 24 19:52:55 <item4>	평 -> 제곱미터
7 24 19:52:58 <item4>	제곱미터 -> 평
7 24 19:53:00 <item4>	원 -> 달러
7 24 19:53:03 <item4>	달러 -> 원
7 24 19:53:17 <item4>	무지 쉬운거지만 계속 내드리는 이유는
7 24 19:53:21 <item4>	손에 익기 위해서입니다
7 24 19:53:29 <grimb>	네!~
7 24 19:53:40 <grimb>	하루에 하나씩 만들겠습니다~ ㅎㅎ
7 24 19:54:19 <item4>	오늘부터는 좀 더 재밌는 놀이를 해보도록 하겠습니다
7 24 19:54:32 <item4>	제가 심부름을 시킵니다.
7 24 19:54:41 <item4>	"우유 1개 사와, 계란 있으면 6개 사와"
7 24 19:54:49 <item4>	무엇을 얼마나 사오시겠습니까
7 24 19:55:07 <Jstring>	엇 질문인가요...
7 24 19:55:12 <lyn>	우유하나랑, 계란이 있으면 6개 없으면 안사와야죠
7 24 19:55:22 <sz>	냉장고 열어보고 계란 있으면 우유 6개.. 아님 1개..
7 24 19:55:48 <item4>	이건 우스개지만 프로그래머는 우유 6개를 사온다고 합니다
7 24 19:56:14 <lyn>	ㅎㅎㅎㅎㅎ
7 24 19:56:14 <item4>	프로그래머 귀에는 계란이 있으면 우유 6개, 아니면 1개로 들린다는 우스개인데요
7 24 19:56:25 <item4>	우리도 이 바보놀이에 동참해보겠습니다
7 24 19:57:05 <item4>	마트에 계란이 몇개 있는지를 int egg라는 변수에 넣고
7 24 19:57:08 <grimb>	뭔가 어렵네요. ㅎㅎ
7 24 19:57:21 <item4>	몇개의 우유를 사올지를 int milk; 라는 변수에 저장한다고 칩시다
7 24 19:57:56 <item4>	계란 갯수는 입력을 받아볼까요?
7 24 19:58:24 <item4>	printf("계란:");
7 24 19:58:24 <item4>		scanf("%d",&egg);
7 24 19:58:35 <item4>	우리의 목표는
7 24 19:59:00 <item4>	printf("프로그래머는 우유를 %d개 사왔습니다.",milk);
7 24 19:59:04 <item4>	입니다
7 24 19:59:14 <item4>	계란이 없으면 1개
7 24 19:59:23 <item4>	계란이 있으면 6개를 사오게 만들어야합니다
7 24 19:59:56 <item4>	일단 계란이 없다고 치고
7 24 20:00:05 <item4>	milk=1 해봅시다
7 24 20:00:59 <item4>	http://codepad.org/miHCV6o8
7 24 20:01:03 <item4>	이런식으로 소스가 될테고
7 24 20:01:13 <item4>	당연히 우유는 1개라고 나올겁니다
7 24 20:01:41 <item4>	하지만 우리의 목표는 계란 갯수에 따라 사오는게 다릅니다
7 24 20:01:49 <item4>	즉, milk의 값이 조건에 따라 달라지는건데요
7 24 20:01:58 <item4>	여기서 아주 새로운것을 만나게 됩니다
7 24 20:02:49 <item4>	http://codepad.org/pX87YBA4
7 24 20:02:57 <item4>	이렇게 소스를 만들고 넣어봅시다
7 24 20:02:59 <item4>	실행도 해보세요
7 24 20:03:27 <grimb>	프로그래머는 우유를 `1개 사왔습니다.
7 24 20:03:38 <grimb>	분명히 계란1개를 사오라고 했는데...말이지요.
7 24 20:04:05 <Jstring>	오
7 24 20:04:07 <Jstring>	되네요
7 24 20:04:08 <item4>	입력에 0과 1
7 24 20:04:12 <ellif_ip>	6개가 아니라요?
7 24 20:04:14 <item4>	두번에 나눠서 써보세요
7 24 20:04:58 <lyn>	0이면 1개, 1이면 6개 사오네요
7 24 20:05:14 <item4>	자, 여기엔 무슨 마술이 들어가있을까요
7 24 20:05:27 <lyn>	if가 추가됐군요
7 24 20:05:38 <item4>	네. 처음 보는게 나왔습니다
7 24 20:05:50 <item4>	if, 영어 수업시간에 하루도 빠짐없이 나올법한 녀석입니다
7 24 20:05:57 <item4>	만약 ~~ 라면 이란 뜻이죠
7 24 20:06:12 <item4>	if(egg>0)
7 24 20:06:18 <item4>	느낌상 이 줄은
7 24 20:06:32 <item4>	계란이 0개 이상이면.. 이라는 느낌입니다
7 24 20:06:55 <item4>	그럼, 이렇게 해석해볼까요
7 24 20:07:09 <item4>	if(A) = 만약 A가 맞는 말이면
7 24 20:07:20 <item4>	{ } 안에 내용을 실행한다
7 24 20:07:39 <item4>	자, 계란이 1개 이상일때는 확실히 프로그래머는 우유를 6개 사왔습니다
7 24 20:08:01 <item4>	즉, 제 설명대로 되었다는 뜻인데요
7 24 20:08:09 <item4>	if(egg>0)에서
7 24 20:08:18 <item4>	if(){ } .. 를
7 24 20:08:24 <item4>	조건문 이라고 하고
7 24 20:08:42 <item4>	egg>0 이것이 이 조건문의 조건이 됩니다
7 24 20:09:04 <item4>	만약 계란이 0개거나 그 이하면 계란을 사오지 않겠지요
7 24 20:09:21 <item4>	아, 계란은 원래 안사오는군요
7 24 20:09:44 <item4>	자, 그럼 이제 이걸 응용해볼까 합니다
7 24 20:09:59 <item4>	이번엔 직접 만들어보는 시간입니다
7 24 20:10:09 <item4>	int a,b=5;
7 24 20:10:12 <item4>	를 둡니다
7 24 20:10:16 <item4>	a는 입력을 받을겁니다
7 24 20:11:01 <item4>	a가 b보다 크면 "a(%d)는 b(%d)보다 큽니다"
7 24 20:11:07 <item4>	라고 출력하게 만들어봅시다
7 24 20:11:15 <item4>	8시 18분까지 드리면 될까요
7 24 20:11:19 <item4>	한번 해봅시다
7 24 20:11:22 <Jstring>	넵~
7 24 20:11:44 <ellif_ip>	으윽 버스 안에서 만들어야 하는군요 ㅇㅅㅇ...()
7 24 20:11:50 <lyn>	네..
7 24 20:16:37 <lyn>	완료~
7 24 20:17:14 <sz>	저도 다 했습니다 :)
7 24 20:18:39 <lyn>	if 두개 연달아 쓰니까 이상한게 출력되고, 한번더 실행하려니까 Id returned 1 exit status라는 에러가 뜨네요;
7 24 20:19:07 <item4>	천천히 봅시다
7 24 20:19:28 <item4>	http://codepad.org/fIqHMPGj
7 24 20:19:33 <item4>	일단 이렇게 나옵니다
7 24 20:19:39 <item4>	실행해서
7 24 20:19:44 <item4>	0, 5, 10
7 24 20:19:47 <item4>	넣어서 보시면
7 24 20:19:52 <item4>	결과가 다를겁니다
7 24 20:20:52 <item4>	결과 다른거 확인 하셨나요
7 24 20:21:25 <sz>	네 ㅎㅎ
7 24 20:21:37 <lyn>	0,5는 안뜨고 10만 뜨네요
7 24 20:21:41 <Jstring>	어라 다 결과가 똑같이 뜨네요ㅜ
7 24 20:22:09 <item4>	맞게 하신분은
7 24 20:22:14 <item4>	0,5는 아무것도 안나오고
7 24 20:22:18 <item4>	10만 떠야 정상입니다
7 24 20:22:29 <sz>	헉 뭐가 잘못된거죠 ㄷㄷ;;
7 24 20:22:30 <Jstring>	아하 
7 24 20:22:31 <Jstring>	저는 
7 24 20:22:38 <Jstring>	if (a>b) 에 
7 24 20:22:39 <Jstring>	마지막에 
7 24 20:22:42 <Jstring>	세미콜론을 추가했었는데 
7 24 20:22:50 <Jstring>	그래서 다 같이 나왔네요. 세미콜론 추가가 어떤 의미를 가지죠?
7 24 20:22:58 <lyn>	아. 복사해서 돌려보라는 건줄 ㅎㅎ
7 24 20:23:06 <lyn>	제꺼는 에러가 뜨면서 실행이 안됩니다...
7 24 20:23:16 <item4>	자, lyn 님은 소스 복사해서 올려주세요
7 24 20:24:15 <lyn>	http://codepad.org/KJ96bqFf
7 24 20:24:47 <lyn>	if 클때 같을때 두개 만들어봤다가 두번째 실행때 에러나길래 같을때를 지웠는데도 여전히 에러가 나네요
7 24 20:25:07 <item4>	일단 소스상에 문제는 없어보입니다
7 24 20:25:13 <item4>	컴파일러를 껐다가 켜보세요
7 24 20:25:19 <item4>	개발 관련으로 떠있는 창도 모두 다요
7 24 20:25:23 <item4>	IRC빼고..
7 24 20:25:48 <lyn>	여전히 에러가 나네요...
7 24 20:25:58 <lyn>	[Error] ld returned 1 exit status
7 24 20:25:58 <item4>	에러 스크린샷을 찍어서 올려주세요
7 24 20:26:23 <lyn>	스크린샷을 어떻게요?
7 24 20:26:56 <item4>	제 컴퓨터에서도 실행 잘 되는데
7 24 20:27:09 <item4>	음.. 확장자가 혹시 cpp 아닌가요
7 24 20:27:28 <lyn>	아닙니다..
7 24 20:27:36 <lyn>	아
7 24 20:27:43 <lyn>	똑같이 복사해서 새파일에 해봤더니 돌아가네요
7 24 20:27:58 <lyn>	원본쪽은 여전히 에러가 나고..
7 24 20:28:11 <item4>	원본쪽 파일명이나 뭐 이런게 문제일 것 같은데.. 일단 넘어가겠습니다
7 24 20:28:22 <item4>	자, 제 소스를 기준으로 설명드리겠습니다
7 24 20:28:28 <item4>		if(a>b)
7 24 20:28:28 <item4>		{
7 24 20:28:28 <item4>			printf("a(%d)는 b(%d)보다 큽니다",a,b);
7 24 20:28:28 <item4>		}
7 24 20:28:37 <item4>	모든 줄에는 ;가 붙는다고 해놓고선
7 24 20:28:43 <item4>	3줄이나 ;가 안붙었습니다
7 24 20:29:04 <item4>	{ 랑 }는 int main() 때도 안붙이는거랬으니까 그렇다 치고
7 24 20:29:06 <item4>	왜 if
7 24 20:29:17 <item4>	if(a>b)에는 안붙이는걸까요
7 24 20:29:22 <Jstring>	음
7 24 20:29:28 <Jstring>	;자체가 뭔가 명령이 끝났다는 뜻인데
7 24 20:29:36 <Jstring>	if는 조건을 보고 그 안에 내용까지 실행시켜야 하니
7 24 20:29:41 <Jstring>	실행될 내용에 가서야 닫아주는거 아니띾요
7 24 20:30:06 <lyn>	{}까지가 if조건문의 완결이고 }는 ;을 포함하고있어서?
7 24 20:30:06 <item4>	네. if문은 뒤에 따라오는 { } 를 실행할지를 정해주는데
7 24 20:30:14 <item4>	;를 붙여버리면 ; 시점에서 끝나버립니다
7 24 20:30:29 <item4>	앞으로 if 말고도 비슷한 녀석들을 좀 더 볼텐데요
7 24 20:30:40 <item4>	;를 붙이면 안되는 녀석들의 특징은
7 24 20:30:43 <item4>	{ } 를 달고 나옵니다
7 24 20:30:54 <item4>	그게 아니면 #을 앞에 붙이고 나옵니다
7 24 20:31:24 <item4>	if는 { } 를 달고나왔으니 해당된다고 볼 수 있습니다
7 24 20:31:35 *	ellif_w7 (eripu@*.*.*.*) has joined
7 24 20:31:35 *	ㅇㅈㅇ gives voice to ellif_w7
7 24 20:31:39 <item4>	자, 여기서 잠깐 소스에 장난을 쳐보겠습니다
7 24 20:31:46 <item4>	if(a>b)
7 24 20:31:46 <item4>		{
7 24 20:31:46 <item4>			printf("a(%d)는 b(%d)보다 큽니다",a,b);
7 24 20:31:46 <item4>		}
7 24 20:31:52 <item4>	{와 } 를 지워보세요
7 24 20:32:18 <Jstring>	실행되네요
7 24 20:32:27 <item4>	그래도 정상적으로 실행됩니다
7 24 20:32:33 <item4>	이유는, if는 { } 가 없으면
7 24 20:32:38 <item4>	자기 뒤로 오는 딱 한줄만 
7 24 20:32:44 <item4>	자기 { } 안에 있다고 가정하고 실행합니다
7 24 20:32:52 <item4>	지금같은 상황에선 { } 를 생략할 수 있습니다
7 24 20:33:14 <item4>	하지만, 지금 우리는 초심자기도 하고
7 24 20:33:16 <lyn>	밑줄이 아니라 그냥 옆에 있어도 그렇게 처리하는군요..
7 24 20:33:18 *	ellif_ip has quit (Connection closed)
7 24 20:33:29 <item4>	네, 옆에 있어도 그렇게 동작합니다
7 24 20:33:35 <item4>	하지만, 지금 우리는 초심자기도 하고
7 24 20:33:46 <item4>	소스가 한눈에 안들어오면 나중에 버그났을때 찾기가 힘듭니다
7 24 20:33:53 <item4>	고로 한줄이어도 { }는 붙이는걸로 합시다
7 24 20:34:18 <item4>	다시 { } 를 붙인 상태로 돌려놓읍시다
7 24 20:35:56 <item4>	자 그럼
7 24 20:35:59 <item4>	이제 하나 더해봅시다
7 24 20:36:06 <lyn>	아까 그 파일은 실행파일이 이미 열려있다면서 지워지지도 않네요; 재붓해야하나;
7 24 20:36:23 <item4>	lyn, 검은 창 떠있는거 있나 확인해보세요
7 24 20:36:28 <item4>	실행창으로..
7 24 20:37:03 <lyn>	없어요...
7 24 20:37:09 <item4>	그럼 뭔가 꼬인것 같은데
7 24 20:37:14 <item4>	일단 다른 파일로는 가능하시죠?
7 24 20:37:19 <lyn>	네
7 24 20:37:29 <item4>	그럼 오늘은 다른파일에서 진행하고 스터디 끝나고 제거하시면 될 것 같네요
7 24 20:37:45 <item4>	그럼 이제 출력문을 하나 더해보려고 합니다
7 24 20:37:55 <item4>	a>b가 아닐때
7 24 20:38:14 <item4>	이번엔
7 24 20:38:22 <item4>	a(%d)는 b(%d)보다 크지 않습니다
7 24 20:38:25 <item4>	라고 출력을 할겁니다
7 24 20:38:30 <item4>	어떻게 구문 설계를 해야할까요
7 24 20:39:30 <Jstring>	c에서 등괄호 사용이 가능한가요? 
7 24 20:39:45 <item4>	그건 잠시 뒤에 배울거지만
7 24 20:39:49 <item4>	일단 떠오르는거라면
7 24 20:39:57 <item4>	if문을 하나 더 쓰는걸 생각하고 계실거라 봅니다
7 24 20:40:04 <item4>	a가 b보다 작거나 같다
7 24 20:40:11 <lyn>	아까 그렇게 했다가 에러가...
7 24 20:40:21 <item4>	if(a가 b보다 작거나 같다){ printf(~~); }
7 24 20:40:27 <item4>	이렇게 하면 될 것도 같습니다
7 24 20:40:46 <item4>	하지만, 우리는 보다 절약적(?)으로 살아보도록 하겠습니다
7 24 20:40:56 <item4>	절약적이라고 한 것은 소스의 실행량에 대한것인데요
7 24 20:41:02 <item4>	if(조건) 을 넣으면
7 24 20:41:10 <item4>	컴퓨터는 이 조건을 실행해봅니다
7 24 20:41:20 <Jstring>	아하
7 24 20:41:21 <item4>	실행해보고 참이면 { } 를 실행하고
7 24 20:41:25 <item4>	아니면 넘어가는식인데요
7 24 20:41:31 <item4>	if문이 2개라면 두번 실행하겠죠
7 24 20:41:47 <item4>	하지만 a>b가 맞는말인지 틀린말인지 이미 if문은 알고 있습니다
7 24 20:42:10 <item4>	우리에게 필요한건 if 조건문이 성립 안할때는...? 입니다
7 24 20:42:35 <item4>	이렇게 고쳐보겠습니다
7 24 20:43:10 <item4>	http://codepad.org/P5y3Bra8
7 24 20:43:57 <item4>	이번에도
7 24 20:43:59 <item4>	0,5,10
7 24 20:44:03 <item4>	넣고 실행을 해봅시다
7 24 20:44:52 <lyn>	잘 되네요
7 24 20:45:10 <item4>	이번엔 뭘 넣어도 일단 대답을 해줍니다
7 24 20:45:22 <Jstring>	잘되네요
7 24 20:45:35 <item4>	추리해보건데, if가 성립하지 않으면 else { } 가 실행되는 모양입니다
7 24 20:46:24 <item4>	else는 꼭 필요한건 아니지만
7 24 20:46:33 <item4>	조건의 반대가 되는 상황에 대한 대응이 필요할때 쓰입니다
7 24 20:46:54 <item4>	지금 상황에서는
7 24 20:46:58 <item4>	a>b면
7 24 20:47:02 <item4>	printf("a(%d)는 b(%d)보다 큽니다",a,b);
7 24 20:47:07 <item4>	쪽이 실행되도록 해주는것이고
7 24 20:47:11 <item4>	a>b가 아니면
7 24 20:47:19 <item4>	printf("a(%d)는 b(%d)보다 크지 않습니다",a,b); 가 실행되게 해줍니다
7 24 20:48:02 <item4>	자, 저는 여기에
7 24 20:48:07 <item4>	조건을 하나 더 달아보고 싶어졌습니다
7 24 20:48:14 <item4>	a랑 b가 같다면?
7 24 20:48:24 <item4>	자, 어떻게 넣으면 될까요?
7 24 20:48:40 <ellif_w7>	else로는 안 가던데...()
7 24 20:48:51 <item4>	일단 떠오르는대로 말로 써보자면
7 24 20:49:00 <ellif_w7>	else(a=b) 를 넣으면 오류가 뜨더군요
7 24 20:49:25 <item4>	일단 a랑 b가 같다는건
7 24 20:49:29 <Jstring>	else안에 if를 써주면 안될까요?
7 24 20:49:31 <item4>	a>b는 아니라는거니까
7 24 20:49:35 <item4>	else로 갈텐데
7 24 20:49:42 <item4>	이 안에 if문을 하나 더 써서
7 24 20:50:05 <item4>	if(a랑 b가 같다) { 같아요 출력 } else { 작아요 출력 }
7 24 20:50:11 <item4>	이렇게 하면 되지 않을까요?
7 24 20:50:18 <item4>	한번 해봅시다
7 24 20:50:25 <item4>	a랑 b가 같다는
7 24 20:50:32 <item4>	a==b 라고 씁니다
7 24 20:50:38 <item4>	=가 2개인것을 꼭 주의해주세요
7 24 20:50:43 <lyn>	!!
7 24 20:50:51 <ellif_w7>	아 그렇죠
7 24 20:50:56 <ellif_w7>	=는 대입이니까
7 24 20:51:39 <Jstring>	되네요!
7 24 20:52:05 <item4>	http://codepad.org/Roy9mIKV
7 24 20:52:09 <item4>	이런식으로 만드시면 됩니다
7 24 20:52:17 <item4>	역시 0,5,10을 넣어봅시다
7 24 20:53:23 <item4>	어떤가요, 잘들 되시나요?
7 24 20:53:27 <Jstring>	잘 됩니다!!
7 24 20:53:31 <ellif_w7>	이제 잘 되네요
7 24 20:53:56 <item4>	그런데 이제 이 방법을 놓고 고민을 해봅시다
7 24 20:54:01 <item4>	만약 제가 여러분께
7 24 20:54:06 <item4>	1이면 A
7 24 20:54:11 <item4>	2면 S
7 24 20:54:13 <item4>	3이면 D
7 24 20:54:17 <item4>	4면 F ...
7 24 20:54:26 <item4>	해서 10까지 출력을 하라고 시켰다고 칩시다
7 24 20:54:32 <item4>	그럼 소스 구조가 어떻게 될까요
7 24 20:54:54 <ellif_w7>	If else안에 If else If else If else ...() 10번 반복되겠네요
7 24 20:55:19 <item4>	네. 10번씩이나 반복이 되게 됩니다
7 24 20:55:27 <item4>	이걸 과연 효율적이라고 할 수 있을까요?
7 24 20:55:36 <lyn>	다른 명령어가...
7 24 20:55:49 <item4>	네. 프로그래머들은 그래서 다른 명령어를 만들어놓았습니다
7 24 20:55:54 <item4>	이렇게 고쳐보겠습니다
7 24 20:56:26 <item4>	http://codepad.org/zkP6JKjA
7 24 20:57:51 <item4>	새로운게 보이시나요?
7 24 20:58:04 <ellif_w7>	else if가 등장하는군요.
7 24 20:58:21 <item4>	else if라는것이 나타났습니다
7 24 20:58:33 <item4>	else if는 이렇게 해석됩니다
7 24 20:58:46 <item4>	먼저 a>b를 실행해봅니다
7 24 20:58:53 <item4>	이게 틀렸을때
7 24 20:58:58 <item4>	이제 그 다음에 있는 줄인
7 24 20:59:03 <item4>	else if(a==b)
7 24 20:59:05 <item4>	여기로 옵니다
7 24 20:59:09 <item4>	그리고 이제
7 24 20:59:13 <item4>	a==b를 실행해서 봅니다
7 24 20:59:21 <item4>	a==b가 맞으면 자기 아래 있는 { }를 실행하고
7 24 20:59:26 <item4>	아니면 그 다음으로 넘깁니다
7 24 20:59:41 <item4>	그렇게 계속 넘기다가
7 24 20:59:48 <item4>	else가 나오면 거기서 멈추고
7 24 21:00:04 <item4>	만약 else가 없다면 그대로 거기서 끝납니다
7 24 21:00:33 <Jstring>	else if는 계속 사용할 수 있는거네요?
7 24 21:00:36 <item4>	네
7 24 21:00:42 <item4>	else if문은 여러개 사용할 수 있습니다
7 24 21:01:23 <item4>	else if문을 여러개 쓰는 예제를 한번 해보겠습니다
7 24 21:01:40 <item4>	char input;
7 24 21:01:44 <item4>	변수를 둘거구요
7 24 21:01:56 <item4>	scanf로 입력을 받습니다
7 24 21:02:14 <item4>	A가 입력되면 3획입니다
7 24 21:02:24 <item4>	S가 입력되면 1획입니다
7 24 21:02:29 <item4>	D가 입력되면 2획입니다
7 24 21:02:36 <item4>	F가 입력되면 3획입니다
7 24 21:02:45 <item4>	그 외의 글자가 입력되면 잘 모르겠습니다
7 24 21:02:50 <item4>	라고 출력하게 짜보겠습니다
7 24 21:03:03 <item4>	문자는 문자열과 달리 ' ' 로 감싼다는것
7 24 21:03:10 <item4>	비교는 = 가 아니라 == 라는것
7 24 21:03:19 <item4>	문자열 포맷은 %c라는점에 주의해서
7 24 21:03:25 <item4>	12분까지 짜주세요
7 24 21:03:47 <Jstring>	넵!
7 24 21:09:10 <ellif_w7>	~is not declared in this scope
7 24 21:09:15 <ellif_w7>	는 무슨 의미인가요
7 24 21:09:28 <item4>	소스 보여주세요
7 24 21:09:43 <item4>	codepad.org에 올려주시면 됩니다
7 24 21:10:31 <ellif_w7>	http://codepad.org/teFlngdf
7 24 21:10:48 <item4>	제가 의도한 함정에 걸리셨네요
7 24 21:11:08 <item4>	12분 되면 설명해드리겠습니다
7 24 21:11:18 <lyn>	ㅎㅎㅎㅎ 함정이 있었군요
7 24 21:11:29 <lyn>	어쩐지 안되는데 이게 함정때문인지 아님 아무데나 그냥 빠진건지;
7 24 21:12:37 <item4>	시간좀 더드릴까요?
7 24 21:13:22 <item4>	시간이 더 필요한분은 안계신것 같네요
7 24 21:13:26 <item4>	일단 답부터 보겠습니다
7 24 21:13:41 <Jstring>	넵
7 24 21:13:43 <Jstring>	어렵네요
7 24 21:14:06 <item4>	http://codepad.org/yorrsqaS
7 24 21:14:14 <item4>	이렇게 나오신분 계신가요
7 24 21:15:11 <ellif_w7>	''구나...()
7 24 21:15:22 <item4>	<item4> 문자는 문자열과 달리 ' ' 로 감싼다는것
7 24 21:15:22 <item4>	<item4> 비교는 = 가 아니라 == 라는것
7 24 21:15:22 <item4>	<item4> 문자열 포맷은 %c라는점에 주의해서
7 24 21:15:28 <item4>	위에 팁을 3개 드렸는데
7 24 21:15:32 <item4>	모두 다 출현했습니다
7 24 21:15:44 <item4>	scanf("%c",&input);
7 24 21:15:54 <item4>	문자를 입력받는거니까 %c를 사용했구요
7 24 21:15:56 <lyn>	ㅎㅎㅎㅎ 여기저기 많이 틀렸는데 함정이 아니라 그냥 여기저기 막 빠진듯
7 24 21:16:06 <item4>	비교는 = 가 아니라 == 였구요
7 24 21:16:10 <item4>	자, 그리고 마지막
7 24 21:16:16 <item4>	A가 아니라 'A' 였습니다
7 24 21:16:25 <item4>	그냥 A라고만 써놓으면
7 24 21:16:29 <item4>	A라는 이름의 변수를 찾습니다
7 24 21:16:36 <item4>	A라는 이름의 변수는 선언된 적 없기때문에
7 24 21:16:42 <item4>	Line 10: error: 'A' was not declared in this scope
7 24 21:16:54 <item4>	지금 이 영역엔 A라는 변수가 선언되지 않았다
7 24 21:16:57 <item4>	라는 에러가 나온겁니다
7 24 21:17:46 <item4>	맞추신분 손 한번 들어보실까요
7 24 21:18:17 <item4>	어어.. 제가 설마 전멸시켜버렸나요
7 24 21:18:17 <Jstring>	코드는 맞게 짰는데 정작 오타로 오류가 계속 나고 있었네요ㅎㅎ
7 24 21:18:25 <lyn>	if(m=='A','F') 하는식으로 한번에 할 순 없나요?
7 24 21:18:40 <item4>	lyn, 이번시간.. 좀 시간이 안되면 다음시간에 배울겁니다
7 24 21:18:56 <lyn>	함정엔 안걸렸는데 ;를 빼먹고 if else라고 다 써놔서......;;
7 24 21:19:01 <lyn>	네
7 24 21:19:21 <item4>	이런식으로 else if문을 여러개 쓰는것도 가능합니다
7 24 21:19:55 <item4>	오늘 만든 이 파일의 주제는
7 24 21:19:59 <item4>	앞으로 몇번 더 우려먹을겁니다
7 24 21:20:25 <item4>	자, 그럼 이제
7 24 21:20:36 <item4>	중요한걸 해보겠습니다
7 24 21:20:42 <item4>	5>4
7 24 21:20:52 <item4>	우리는 당연히 이게 참인걸 압니다
7 24 21:21:00 <item4>	그럼, 컴퓨터는 이걸 어떻게 인식할까요?
7 24 21:21:12 <lyn>	양쪽에서 빼보고 뺄게 더 남은쪽?
7 24 21:21:24 <item4>	5>4 자체는
7 24 21:21:28 <item4>	CPU에서 비교를 해주는데
7 24 21:21:36 <item4>	그 결과를 어떻게 컴퓨터가 보관을 하는지를
7 24 21:21:41 <item4>	알 필요가 있겠습니다
7 24 21:22:09 <item4>	이번엔 코드를 직접 짜진 않고
7 24 21:22:16 <item4>	냐옹이를 통해 맛보기로 보도록 하겠습니다
7 24 21:22:26 <item4>	!c printf("%d",5>4);
7 24 21:22:29 <냐옹이>	1
7 24 21:22:30 <item4>	!c printf("%d",5==4);
7 24 21:22:33 <item4>	!c printf("%d",5<4);
7 24 21:22:33 <냐옹이>	0
7 24 21:22:37 <냐옹이>	0
7 24 21:22:48 <item4>	자, 어떻게 보이시나요
7 24 21:22:56 <Jstring>	참이면 1
7 24 21:22:58 <Jstring>	아니면 0
7 24 21:23:03 <item4>	네 맞습니다
7 24 21:23:05 <Jstring>	2진법으로 보관하네요
7 24 21:23:22 <item4>	그럼 다음단계입니다
7 24 21:23:48 <item4>	!c int a=0; if(a){ printf("TRUE"); }
7 24 21:23:52 <냐옹이>	(아무것도 출력되지 않았습니다.)
7 24 21:23:57 <item4>	!c int a=1; if(a){ printf("TRUE"); }
7 24 21:24:00 <냐옹이>	TRUE
7 24 21:24:06 <item4>	이건 왜이럴까요
7 24 21:24:45 <lyn>	if(0)은 거짓, if(1)은 조건문 충족인가요
7 24 21:24:52 <item4>	그렇습니다
7 24 21:24:57 <item4>	제가 if(~~)
7 24 21:24:59 <item4>	에서
7 24 21:25:07 <item4>	~~가 실행된다고 말씀드렸는데요
7 24 21:25:13 <item4>	a를 실행해본 결과가
7 24 21:25:26 <item4>	즉, a에 담긴 값이 0이면 실행이 안될것이고
7 24 21:25:29 <item4>	1이면 될겁니다
7 24 21:26:16 <item4>	자 그럼 이건 어떨까요
7 24 21:26:23 <item4>	!c int a=2; if(a){ printf("TRUE"); }
7 24 21:26:26 <냐옹이>	TRUE
7 24 21:26:31 <item4>	!c int a=123456789; if(a){ printf("TRUE"); }
7 24 21:26:33 <냐옹이>	TRUE
7 24 21:26:36 <item4>	!c int a=-1; if(a){ printf("TRUE"); }
7 24 21:26:39 <냐옹이>	TRUE
7 24 21:26:47 <item4>	이 세개는 왜이럴까요
7 24 21:27:15 <lyn>	!c float a=0.1; if(a){ printf("TRUE"); }
7 24 21:27:18 <냐옹이>	TRUE
7 24 21:27:29 <lyn>	0이면 거짓이고 0이 아니면 전부 참...
7 24 21:27:34 <item4>	네 정답입니다
7 24 21:27:37 <item4>	0만 거짓
7 24 21:27:40 <item4>	나머진 모두 참입니다
7 24 21:27:47 <lyn>	!c int a=0.1; if(a){ printf("TRUE"); }
7 24 21:27:51 <냐옹이>	(아무것도 출력되지 않았습니다.)
7 24 21:28:11 <item4>	int에는 0.1이 들어가면 0이 되니까 그렇게 나온거구요
7 24 21:28:27 <item4>	제가 이걸 설명한 이유는 뭘까요
7 24 21:28:33 <SJK00n>	아이템사다
7 24 21:28:57 <ellif_w7>	SJK00n, 수업중이에요 조용히 좀...()
7 24 21:29:11 <item4>	단순히 0인지 아닌지 검사할때는
7 24 21:29:23 <item4>	if(a) 이런식으로 써도 된다는점을 보여드리는게 목표였구요
7 24 21:29:35 <item4>	또한, 이런것도 가능함을 보여드리고 싶었습니다
7 24 21:29:47 <item4>	!c int a=123<456; if(a){ printf("TRUE"); }
7 24 21:29:49 <냐옹이>	TRUE
7 24 21:30:26 <item4>	<나 == 같은것들에 대해서는 다음시간에 좀 더 상세히 알아보겠구요
7 24 21:30:32 <item4>	과제를 더 내드리겠습니다
7 24 21:30:43 <item4>	벌써 4개나 있는데 너무 많지 않냐고 하실지 모르지만
7 24 21:30:48 <lyn>	괜찮습니다
7 24 21:30:49 <item4>	하루에 하나씩.. 하면
7 24 21:31:02 <item4>	아직 3개 더 할 수 있겠군요
7 24 21:31:12 <lyn>	!c int a=10.1; if(a){ printf("TRUE"); }
7 24 21:31:14 <냐옹이>	TRUE
7 24 21:31:19 <item4>	첫번째 과제입니다
7 24 21:31:33 <item4>	이번엔 섭씨 온도를 입력받습니다
7 24 21:31:42 <item4>	물은 0도에서 얼고
7 24 21:31:45 <item4>	100도에서 끓습니다
7 24 21:31:51 <item4>	물의 온도를 입력하면
7 24 21:31:56 <item4>	얼음, 물, 수증기
7 24 21:32:06 <item4>	물의 상태를 출력해주세요
7 24 21:32:14 <item4>	예를들어 -50을 쓰면 얼음 이라고 나와야겠고
7 24 21:32:19 <item4>	120이라고 쓰면 수증기라고 나와야겠죠
7 24 21:32:41 <item4>	두번째 과제입니다
7 24 21:32:54 <item4>	지난 수업에 지폐 출력하는걸 했었습니다
7 24 21:33:04 <item4>	그런데 0장, 0개짜리가 너무 많이 나왔었는데요
7 24 21:33:12 <item4>	이번엔 0장, 0개짜리는 생략하도록 고쳐봅시다
7 24 21:33:45 <item4>	가령 12000원 이라고 적었을때
7 24 21:33:48 <item4>	500원 0개 라던가
7 24 21:33:51 <item4>	100원 0개
7 24 21:33:54 <item4>	이런것 안나오도록이요
7 24 21:34:37 <item4>	마지막으로..
7 24 21:34:41 <item4>	과제 하나 더 내드릴까요?
7 24 21:34:43 <lyn>	그건 그냥 저부분을 지우기만 하면 되는거 아닌가요?
7 24 21:34:57 <ellif_w7>	elseif가 들어가야죠
7 24 21:34:58 <item4>	lyn, 지우면 12500원을 입력했을때는 어떻게 대응하실건가요
7 24 21:35:20 <lyn>	만원한장 천원두장 나머진 팁...
7 24 21:35:50 <lyn>	제가 과제를 잘 이해 못하는것 같은데요..
7 24 21:35:59 <item4>	네 말씀해주세요
7 24 21:36:21 <lyn>	그럼 500원은 생략 이 아니라 어떤식으로 표현하라는 말씀이신지
7 24 21:36:24 <lyn>	아
7 24 21:36:26 <lyn>	0이요
7 24 21:36:29 <item4>	네
7 24 21:36:31 <item4>	0개이면
7 24 21:36:33 <lyn>	그렇군요
7 24 21:36:34 <item4>	0개라고 말 안하고
7 24 21:36:38 <item4>	건너 뛰게 하라는 말입니다
7 24 21:36:45 <lyn>	네 이해했습니다
7 24 21:37:15 <item4>	이제 과제 6개 내드렸는데
7 24 21:37:21 <item4>	나는 과제 욕심이 많다 하시는분 손들어주세요
7 24 21:37:26 <lyn>	저요
7 24 21:37:52 <item4>	한분밖에 안계신건가요
7 24 21:38:11 <item4>	속으로는 다들 하고싶어하는거 아니까 하나 더 내도록 하겠습니다
7 24 21:38:21 <item4>	쉬운걸로 하겠습니다
7 24 21:38:48 <sz>	 ㅋㅋㅋㅋㅋㅋㅋㅋ이런
7 24 21:39:04 <item4>	이번엔 가위바위보입니다
7 24 21:39:05 <lyn>	ㅋㅋㅋㅋㅋㅋㅋㅋ
7 24 21:39:15 <item4>	이 주제는 나중에 조금 더 심화해서 다뤄볼건데요
7 24 21:39:21 <lyn>	나중엔 랜덤을..
7 24 21:39:29 <item4>	컴퓨터는 주먹을 쥐고 있습니다
7 24 21:39:38 <item4>	컴퓨터의 손을 int computer
7 24 21:39:40 <item4>	라고 하고
7 24 21:39:48 <item4>	가위는 0, 바위는 1, 보는 2라고 합시다
7 24 21:39:57 <item4>	컴퓨터는 주먹이라고 했으니까
7 24 21:40:03 <item4>	int computer=1;
7 24 21:40:06 <item4>	해놓으면 되겠지요
7 24 21:40:17 <item4>	이제, 사용자에게 0,1,2로 입력을 받습니다
7 24 21:40:39 <item4>	이기면 이겼다, 졌으면 졌다, 비겼으면 비겼다 라고 나오게 만들어봅시다
7 24 21:41:07 <item4>	일단 어려우니까  int computer=1; 일때만 놓고 짜오시면 됩니다
7 24 21:41:29 <item4>	자, 그럼 과제 7개입니다
7 24 21:41:58 <lyn>	현재시간같은걸 불러올 수만 있어도 랜덤을 할 수 있겠군요..
7 24 21:42:03 <item4>	다 해오실거라 믿습니다 ^_^.. 하면 부담스러우시겠군요
7 24 21:42:25 <item4>	7개씩이나 내드린건
7 24 21:42:32 <item4>	컴퓨터로 푸는 문제에 익숙해지기 위함이구요
7 24 21:42:41 <item4>	오늘 내드린 과제중에 가장 중요한걸 꼽으라면
7 24 21:42:43 <grimb>	오늘 머리가 무거워서 그런지, 지금까지 한 것도 머리에 다 안들어오네요. ㅎㅎ
7 24 21:42:48 <item4>	지난번 만든 프로그램을 응용하는
7 24 21:42:57 <item4>	지폐 갯수 문제입니다
7 24 21:43:32 <item4>	다음시간 시작때는 지폐문제를 같이 풀어보도록 하겠습니다
7 24 21:43:49 <item4>	그 외의 문제의 정답 여부가 궁금하신분은 스터디 전에 오셔서 질문해주세요
7 24 21:44:05 <item4>	자, 다른 질문 없으신가요
7 24 21:44:12 <item4>	이해 안가는점이라던가 말씀해주세요
7 24 21:45:14 <item4>	질문 없으신가요?
7 24 21:45:37 <lyn>	네
7 24 21:45:46 <sz>	저도 없습니다
7 24 21:46:06 <ellif_w7>	으음 if
7 24 21:46:08 <lyn>	!c int a=-0.5; if(a){ printf("TRUE"); }
7 24 21:46:12 <냐옹이>	(아무것도 출력되지 않았습니다.)
7 24 21:46:21 <ellif_w7>	if 조건
7 24 21:46:22 <ellif_w7>	{
7 24 21:46:26 <ellif_w7>	} 구문을
7 24 21:46:29 <lyn>	정말 버리는 거군요 내림도 아니고.
7 24 21:46:38 <ellif_w7>	한 줄로 if 조건 { } 으로 써도 되는 것인가요?
7 24 21:46:55 <item4>	일단 제가 쓴건
7 24 21:46:59 <item4>	미관상 그렇게 쓴겁니다
7 24 21:47:03 <item4>	한줄로 몰아서 써도 되지만
7 24 21:47:07 <item4>	그렇게하면 읽기가 힘들죠
7 24 21:47:19 <item4>	상황에 따라 다르겠지만
7 24 21:47:31 <item4>	다른 사람이 읽기 편한 소스가 아무래도 좋겠죠
7 24 21:48:10 <lyn>	아. Dev 쓰는데 저장할때 기본확장자를 cpp말고 c로 변경할 수 있나요?
7 24 21:48:45 <ellif_w7>	뭐 저는 그냥 cpp에서 곧바로 컴파일하는데 잘 되더라고요
7 24 21:48:49 <item4>	그건 저도 잘 모르겠네요. 한번 검색해보셔야 할 것 같구요
7 24 21:48:54 <lyn>	네
7 24 21:48:56 <item4>	확장자는 cpp로 해도 동작은 할겁니다
7 24 21:49:02 <lyn>	네..
7 24 21:49:07 <item4>	하지만 일단 c로 하는것이
7 24 21:49:12 <item4>	C 스터디니까 좋을것 같네요
7 24 21:49:16 <lyn>	ㅎㅎㅎㅎㅎ
7 24 21:49:26 <ellif_w7>	으음 6번째 숙제는 두 가지 더 나아가야 할 점이 보이는데
7 24 21:49:30 <ellif_w7>	지금 수준에서는 풀 수 없네요.
7 24 21:50:02 <item4>	여섯번째 숙제는
7 24 21:50:10 <item4>	생각해보시면 의외로 쉬운 문제니까
7 24 21:50:14 <item4>	차근차근 생각해보시면 됩니다
7 24 21:50:18 <ellif_w7>	일단 푸는건 풀었는데
7 24 21:50:19 <item4>	힌트를 드리자면 최대한 쪼개라는것
7 24 21:50:52 <ellif_w7>	대화형 인터페이스를 확실히 만들려면 두 가지 부분이 해결되어야 하는데
7 24 21:50:58 <ellif_w7>	이건 현재 진도를 더 뛰어나가네요.
7 24 21:51:18 <item4>	처음부터 배우시는 분도 계시니
7 24 21:51:22 <item4>	너무 조바심 내진 마시고
7 24 21:51:26 <item4>	천천히 즐기면서 갑시다
7 24 21:51:34 <item4>	숙제가 너무 어려워서 지원이 필요하다 싶을땐
7 24 21:51:38 <item4>	언제라도 좋으니 채널로 와주세요
7 24 21:51:55 <item4>	보통 사람이 잔다 싶을 시간 빼고는 거의 접속중입니다
7 24 21:52:07 <item4>	와서 질문해주시면 답변해드리겠습니다
7 24 21:52:15 <item4>	다른 질문 더 없으시면 오늘은 여기서 마치겠습니다
7 24 21:52:41 <ellif_w7>	고생하셨습니다+_+
7 24 21:52:45 <item4>	수고하셨습니다
7 24 21:52:55 <sz>	고생 많으셨습니다 :)