7 03 19:28:11 <item4>	----- 여기부터 스터디 내용으로 포함됩니다 ------------------------------------------------
7 03 19:28:25 *	Chang (Chang@*.*.*.*) has joined
7 03 19:28:26 *	ㅇㅈㅇ gives voice to Chang
7 03 19:28:45 <item4>	자세한 인사는 5분만 더 기다려서 35분에 시작하겠습니다
7 03 19:29:05 *	jijonprotoss_ (jijonprotos@*.*.*.*) has joined
7 03 19:29:06 *	ㅇㅈㅇ gives voice to jijonprotoss_
7 03 19:29:13 *	hihihoho (hihihoho@*.*.*.*) has joined
7 03 19:29:14 *	ㅇㅈㅇ gives voice to hihihoho
7 03 19:29:24 *	jijonprotoss has quit (Connection closed)
7 03 19:29:50 *	jijonprotoss_ has quit (Quit: Leaving)
7 03 19:29:56 *	jijonprotoss_ (jijonprotos@*.*.*.*) has joined
7 03 19:29:56 *	ㅇㅈㅇ gives voice to jijonprotoss_
7 03 19:31:44 *	OHSANGHOON (OHSANGHOON@*.*.*.*) has joined
7 03 19:31:44 *	ㅇㅈㅇ gives voice to OHSANGHOON
7 03 19:31:52 *	item4 has changed the topic to: [1기 온라인 스터디 그룹] 오늘은 처음 오는분이 많으니 35분에 시작합니다
7 03 19:32:15 *	Notepad (Notepad@*.*.*.*) has joined
7 03 19:32:16 *	ㅇㅈㅇ gives voice to Notepad
7 03 19:32:29 *	dcdc (dcdc@*.*.*.*) has joined
7 03 19:32:29 *	ㅇㅈㅇ gives voice to dcdc
7 03 19:32:35 <dcdc>	앗...
7 03 19:32:40 <dcdc>	이거 방 들어간건가요??
7 03 19:32:42 <item4>	네
7 03 19:32:45 <item4>	접속 되셨습니다
7 03 19:32:45 <dcdc>	앗사~
7 03 19:32:47 <dcdc>	감사합니다...
7 03 19:32:52 <dcdc>	늦어서 죄송합니다.
7 03 19:33:04 <ellif_ip>	어서오셔요
7 03 19:34:40 <item4>	35분되면 시작하겠습니다
7 03 19:35:25 *	드류드류 (6e462d4b@web/*.*.*.*) has joined
7 03 19:35:25 *	ㅇㅈㅇ gives voice to 드류드류
7 03 19:35:55 *	item4 has changed the topic to: [1기 온라인 스터디 그룹] 프로그래밍 그룹, 첫 시간
7 03 19:36:10 <item4>	안녕하세요. 이번에 온라인 스터디 그룹을 리드하게 된 item4라고 합니다
7 03 19:36:26 <투명테이프>	반갑습니다~
7 03 19:36:28 <812AAER5O>	안녕하세요. 반갑습니다. 그림비 라고 합니다.
7 03 19:36:31 <jijonprotoss_>	반갑습니다
7 03 19:36:33 <item4>	호칭은.. 여러가지 들었는데.. 그냥 편하게 item4님이라고 불러주시면 감사하겠습니다.
7 03 19:36:35 <talkk>	안녕하세요~ 
7 03 19:36:35 <sz>	잘부탁드려요 :)
7 03 19:36:38 <SEED>	안녕하세요. ~
7 03 19:36:38 <귀여운머슴>	안녕하세요~ 반갑습니다 :)
7 03 19:36:47 <Toto>	안녕하세요
7 03 19:36:47 <item4>	강사님이라던가 선생님 같은 호칭은.. 부담스럽습니다.. ^^;;
7 03 19:36:55 <momo>	반갑습니다. 
7 03 19:36:56 <lyn>	잘부탁드립니다ㅋㅋ
7 03 19:37:01 <dcdc>	네... 모두들 반갑습니다.
7 03 19:37:05 <dcdc>	잘부탁드립니다...
7 03 19:37:14 <dcdc>	근데... 소리는 어떻게 나오게 하나요?
7 03 19:37:29 <item4>	음성(sound) 수업이 아닙니다
7 03 19:37:31 <ellif_ip>	그냥 채팅으로만 하는 강의엡니다.
7 03 19:37:37 <dcdc>	ㅡㅡ;;
7 03 19:38:00 <드류드류>	잘 부탁드립니다.
7 03 19:38:04 <귀여운머슴>	두근두근하네요 ㅎㅎㅎ
7 03 19:38:05 <item4>	음성강의를 하면 좋을지도 모르지만.. 제가 목이 안좋아서 할 수가 없네요
7 03 19:38:08 <Jstring>	잘부탁드립니다!
7 03 19:38:13 <hihihoho>	잘부탁드려요~
7 03 19:38:17 <dcdc>	네... 알겠습니다. 선생님.
7 03 19:38:20 <Seulki>	반갑습니다 ~~~~~~~ * _ *
7 03 19:38:25 <item4>	총 신청해주신분은 128분인데요
7 03 19:38:36 <item4>	반절도 접속을 안해주셨네요.
7 03 19:38:46 <item4>	예상보다 접속자가 좀 적긴 하지만 예정대로 시작은 하겠습니다
7 03 19:38:55 <nolboo>	방이름을 item4로만 알고 계신 분이 많을듯.
7 03 19:39:08 *	T_T_T (3t@*.*.*.*) has joined
7 03 19:39:08 *	ㅇㅈㅇ gives voice to T_T_T
7 03 19:39:11 <nolboo>	저도 조금 전에야 알고 고쳐서 들어왔어요.
7 03 19:39:20 <Taistealai>	-ㅁ-
7 03 19:39:24 <T_T_T>	안녕하세요 __)
7 03 19:39:28 <투명테이프>	100분정도 안들어오셨네요;
7 03 19:39:43 *	jinhorus (jinhorus@user-387g5ai.cable.mindspring.com) has joined
7 03 19:39:44 *	ㅇㅈㅇ gives voice to jinhorus
7 03 19:39:50 <item4>	뭐, 몇명인가가 중요한게 아니라 몇분이 따라올 수 있느냐가 중요한거니까요.
7 03 19:40:00 <item4>	먼저, 설문조사(?)를 하겠습니다
7 03 19:40:02 <jinhorus>	안녕하세요
7 03 19:40:16 <투명테이프>	안녕하세요~
7 03 19:40:20 <Chang>	m
7 03 19:40:26 <dcdc>	우리나라 사람들이 다 이래요. 신뢰가 없네.
7 03 19:40:28 <item4>	간단한 조사인데요 해당하는분은 대답해주세요
7 03 19:40:31 <dcdc>	넵
7 03 19:40:33 <투명테이프>	네
7 03 19:40:33 <812AAER5O>	네
7 03 19:40:39 <귀여운머슴>	넵
7 03 19:40:43 <드류드류>	네
7 03 19:40:51 <item4>	먼저, 나는 컴파일러를 설치하지 않았다 하는분 손들어주세요
7 03 19:41:11 <dcdc>	ㅡㅡ;; 컴파일러가 뭔가요? 혹시 Dev-C++을 말씀하시는건가요?
7 03 19:41:12 <드류드류>	Dev-C++ 이요?
7 03 19:41:22 <item4>	네. Dev-C++ 설치하신분들은 설치하신겁니다
7 03 19:41:30 <jijonprotoss_>	네 설치했습니다.
7 03 19:41:31 <드류드류>	설치했습니다.
7 03 19:41:33 <SEED>	VS도 괜찮나요?
7 03 19:41:38 <item4>	VS도 괜찮습니다
7 03 19:41:44 <Hyerim>	설치했습니다~
7 03 19:41:53 <lyn>	했습니다
7 03 19:41:54 <jinhorus>	설치안했어요..
7 03 19:41:55 <Toto>	맥이라서 이클립스로 할게요
7 03 19:41:57 <dcdc>	저는 Dev-C++ 설치했습니다.
7 03 19:41:58 <item4>	설치 안하신분이 있으시면 그분은 스터디 진행이 힘들어서요
7 03 19:42:11 <item4>	설치 자체는 오래 걸리지 않으니 설문조사 하는 동안 빨리 설치하고 와주세요
7 03 19:42:20 <jinhorus>	네
7 03 19:42:54 <item4>	다른분들은 다 설치 되신건가요
7 03 19:42:58 <Seulki>	네!!!!!!!!!!1
7 03 19:42:58 <귀여운머슴>	spq
7 03 19:42:58 <투명테이프>	넵
7 03 19:43:00 <귀여운머슴>	넵
7 03 19:43:02 <나이스비>	네
7 03 19:43:02 <jijonprotoss_>	네넵
7 03 19:43:03 <momo>	예.
7 03 19:43:07 <mathieu>	네네네
7 03 19:43:13 <item4>	두번째 조사입니다
7 03 19:43:25 <OHSANGHOON>	넵
7 03 19:43:25 <item4>	사전에 스터디 진행 시간을 1시간에서 1시간 30분정도라고 고지한 바 있는데요
7 03 19:43:38 <item4>	이 속도로 해서는 너무 진도가 느리다는 결론을 내렸습니다
7 03 19:43:42 <item4>	1시간정도 분량을 늘려
7 03 19:43:46 <item4>	진행했으면 하는데
7 03 19:43:53 <item4>	혹시 매우 곤란해지시는분 계신지요
7 03 19:44:06 <투명테이프>	괜찮습니다~
7 03 19:44:08 <Seulki>	저는 괜찮아요!!!
7 03 19:44:09 <dcdc>	선생님... 건의드려도 되나요?
7 03 19:44:10 <lyn>	전 좋습니다. 더 늘려도 괜찮습니다
7 03 19:44:11 <Taistealai>	매우 곤란하지는 않고 2시간 까지는 괜찮은데 두시간 반 정도는 좀 길긴 하네요
7 03 19:44:12 <Uniquegon>	상관은 없는데 왠지 너무 길어지지 않을지... 해봐야 될거 같네요
7 03 19:44:19 <jijonprotoss_>	전 괜찮습니다
7 03 19:44:23 <812AAER5O>	저도 괜찮습니다.
7 03 19:44:24 <item4>	dcdc, 말씀해주세요
7 03 19:44:24 <드류드류>	역시 해 봐야 알 것 같습니다!
7 03 19:44:26 <Seulki>	두 시간이 딱 좋은 것 같아요!
7 03 19:44:27 <나이스비>	빠르게 진행을 하시죠
7 03 19:44:33 <Toto>	10시전에만 마치면돼요
7 03 19:44:50 <dcdc>	아닙니다. 자제하겠습니다.
7 03 19:44:51 <ellif_ip>	저는 10시까지 풀로 채워야 한다고 보는 편이라 으음....()
7 03 19:44:51 <sz>	시간을 2시간정도로하고 과제를 늘리는 쪽이 좋을것같아요
7 03 19:44:53 <item4>	(아, 제가 닉네임, ~~~ 를 적는건 호출이라고 하는 IRC 사용법입니다.)
7 03 19:44:58 <dcdc>	저는 오늘은 조금 힘들긴할거 같네요.
7 03 19:45:06 <mathieu>	시간자체보다는 루즈해지지만않으면 좋을것같네요
7 03 19:45:14 <item4>	시간을 늘리려 했던 이유를 설명드릴게요
7 03 19:45:23 <item4>	보통 대학에서 C를 가르칠때
7 03 19:45:29 <item4>	한학기를 기준으로 하고
7 03 19:45:44 <item4>	한학기동안 3교시 정도에 걸쳐서 진행을 합니다
7 03 19:45:57 <item4>	16주동안 3~4시간을 진행한다는 뜻인데요
7 03 19:46:03 <item4>	대학과 코스는 다소 다를지 몰라도
7 03 19:46:09 <item4>	배워야할 결과적 내용은 같게 됩니다
7 03 19:46:27 <item4>	근데 1시간 30분으로는 속도가 너무 늦어지는 감이 없지 않아서
7 03 19:46:36 <item4>	30분에서 1시간 늘려 잡으려고 하는거구요
7 03 19:47:03 <item4>	스터디 내용은 고지대로 업로드 되니 걱정 안하셔도 될 것 같습니다
7 03 19:47:17 <Jstring>	알겠습니다!
7 03 19:47:31 <momo>	예.
7 03 19:47:33 <Seulki>	좋아요!
7 03 19:47:34 <드류드류>	넵!
7 03 19:47:34 <item4>	오늘은 첫날이니 2시간 정도, 9시 30분 정도에 마무리 될 것 같네요
7 03 19:47:36 <jijonprotoss_>	예
7 03 19:47:39 <투명테이프>	넵 전 어떻게하든 맞춰서 가겠습니다ㅋㅋ
7 03 19:47:51 <귀여운머슴>	넵
7 03 19:48:29 <item4>	다음 부분은요
7 03 19:48:42 <item4>	이번에 신청받으면서 중점적으로 다뤄달라는 부분을 적어달라고 해드린 부분이 있습니다
7 03 19:49:08 <item4>	해당 부분들은 모두 읽어보았구요
7 03 19:49:13 <item4>	매우 다양한 요구사항들이 있었습니다
7 03 19:49:22 <item4>	그걸 다 들어드리는건 불가능하다고 판단했고
7 03 19:49:24 *	OHSANGHOON has quit (Connection closed)
7 03 19:49:27 <item4>	일단 기본 정책이었던
7 03 19:49:40 <item4>	정말 아무것도 모르는분이 이해할 수 있는것을 목표로 하되
7 03 19:49:48 <item4>	거치고 지나갈 수 있는 부분이라면 수용하도록 하겠습니다
7 03 19:50:10 <투명테이프>	넵
7 03 19:50:26 <812AAER5O>	네!
7 03 19:50:27 <item4>	그리고, 수업 진행 방법에 대해서입니다
7 03 19:50:38 *	OHSANGHOON_ (OHSANGHOON@*.*.*.*) has joined
7 03 19:50:38 *	OHSANGHOON (OHSANGHOON@*.*.*.*) has joined
7 03 19:50:38 *	ㅇㅈㅇ gives voice to OHSANGHOON_ OHSANGHOON
7 03 19:50:41 <item4>	오늘은 5분 늦게 시작했지만
7 03 19:50:50 <item4>	7시 30분 시작을 원칙으로 하고
7 03 19:50:57 <item4>	일단 기본 형식은
7 03 19:51:10 <item4>	1. 공부할 사항에 대해 설명한다
7 03 19:51:15 <item4>	2. 질문을 받는다
7 03 19:51:26 <item4>	3. 다른 방법이나 해법등을 가지고 토론해본다
7 03 19:51:31 <item4>	의 3박자로 진행됩니다
7 03 19:51:41 *	talkk has quit (Ping timeout: 121 seconds)
7 03 19:51:45 <item4>	여기서, 1번 사항을 진행중일때
7 03 19:51:50 <item4>	만약 다른분들이 글을 섞으시면
7 03 19:51:57 <item4>	읽는데 방해가 될 수 있습니다
7 03 19:52:08 <item4>	설명 도중에 궁금한점이 생기시면
7 03 19:52:09 *	spearsky (7db07f20@web/*.*.*.*) has joined
7 03 19:52:09 *	ㅇㅈㅇ gives voice to spearsky
7 03 19:52:15 <item4>	/msg item4 질문내용
7 03 19:52:21 <item4>	이런식으로 메시지를 날려주시면
7 03 19:52:29 <item4>	질문 시간에 취합해서 답변해드리도록 하겠습니다
7 03 19:52:30 *	Chang has quit (Ping timeout: 121 seconds)
7 03 19:52:55 <Jstring>	넵!
7 03 19:53:03 <spearsky>	늦어서 죄송
7 03 19:53:04 <SEED>	네. 알겠습니다
7 03 19:53:38 *	ellif_ip has quit (Ping timeout: 121 seconds)
7 03 19:54:00 <item4>	그럼 이제 본격적으로 시작해보도록 하겠습니다
7 03 19:54:22 <item4>	모두 Dev-C++(등의 개발환경)을 실행해주세요
7 03 19:54:59 *	mathieu has quit (Ping timeout: 121 seconds)
7 03 19:55:42 *	ellif_ip (ellif@*.*.*.*) has joined
7 03 19:55:43 *	ㅇㅈㅇ gives voice to ellif_ip
7 03 19:55:44 <item4>	실행이 되신분은 (보통 좌측 상단에 종이 모양으로 생긴) 새 파일 버튼을 눌러주세요
7 03 19:55:49 *	talkk (talkk@*.*.*.*) has joined
7 03 19:55:50 *	ㅇㅈㅇ gives voice to talkk
7 03 19:55:59 <item4>	소스파일, 프로젝트등을 물어볼 경우 소스파일을 만들어주시면 됩니다
7 03 19:56:45 <item4>	눌러서 새 페이지를 생성하신분들은 말씀해주세요.
7 03 19:56:50 <드류드류>	넵
7 03 19:56:51 <sz>	만들었습니다
7 03 19:56:51 <Seulki>	했어용
7 03 19:56:51 <812AAER5O>	네 생성하였습니다
7 03 19:56:54 <Hyerim>	네~
7 03 19:56:57 <SEED>	네 ~
7 03 19:56:57 <T_T_T>	완료했습니다
7 03 19:56:57 <jinhorus>	네~
7 03 19:57:01 <Jstring>	했습니다.
7 03 19:57:14 <Taistealai>	생성완료
7 03 19:57:15 <jijonprotoss_>	완료요!
7 03 19:57:16 <item4>	앞으로 수업중에 파일을 만든다고 하면 이렇게 진행이 될겁니다
7 03 19:57:29 <item4>	기본적으로 살펴보면 Dev-C++ 기준으론
7 03 19:57:36 <item4>	좌측엔 프로젝트나 클래스, 디버그 같은
7 03 19:57:42 <item4>	기능들이 위치하고 있고
7 03 19:57:46 <item4>	우측에 넓게 
7 03 19:57:55 <item4>	뭔가 글을 쓸 수 있는 칸이 위치하고 있습니다
7 03 19:58:03 *	OHSANGHOON_ has quit (Connection closed)
7 03 19:58:08 <lyn>	했습니다~
7 03 19:58:11 *	Mathieu (afdf349e@web/*.*.*.*) has joined
7 03 19:58:11 *	ㅇㅈㅇ gives voice to Mathieu
7 03 19:58:25 <투명테이프>	넵
7 03 19:58:33 <item4>	오늘은 프로그래밍은 딱 한가지만 해볼겁니다
7 03 19:58:34 *	nolboo has quit (Client exited)
7 03 19:58:52 <item4>	혹시, 이중에 hello world 라는 단어 들어보신분 계신가요
7 03 19:58:57 <SEED>	저요
7 03 19:58:58 <드류드류>	저요
7 03 19:58:59 <T_T_T>	네
7 03 19:58:59 <Taistealai>	-_-/
7 03 19:59:00 <Toto>	네
7 03 19:59:03 <OHSANGHOON>	네
7 03 19:59:05 <Seulki>	넹
7 03 19:59:07 <lyn>	생활코딩 따라할때...
7 03 19:59:08 <투명테이프>	전 처음 들어봅니다;
7 03 19:59:09 <Jstring>	들어봤어요ㅎㅎ
7 03 19:59:11 <item4>	왠진 몰라도 프로그래밍을 공부하려고 하면
7 03 19:59:15 <item4>	이걸 가장 먼저 해봅니다
7 03 19:59:28 <item4>	이건 딱히 큰 이유가 있는것은 아니지만
7 03 19:59:35 <item4>	흥미 유발에는 충분하다고 생각하기에
7 03 19:59:39 <item4>	한번 해보도록 하겠습니다
7 03 19:59:50 <item4>	http://codepad.org/hkSlS1LU
7 03 19:59:54 <item4>	이 주소에 접속하시면
7 03 19:59:56 *	talkk has quit (Ping timeout: 121 seconds)
7 03 20:00:03 <item4>	#include <stdio.h> 로 시작하는
7 03 20:00:06 <item4>	7줄이 있습니다
7 03 20:00:19 <item4>	처음 해보는거니 가급적 타이핑이 좋겠지요?
7 03 20:00:26 <item4>	똑같이 타이핑해서 입력해주세요
7 03 20:00:29 <item4>	오타에 주의해주세요
7 03 20:00:54 *	talkk (talkk@*.*.*.*) has joined
7 03 20:00:55 *	ㅇㅈㅇ gives voice to talkk
7 03 20:01:04 <item4>	입력을 마치신분들은 말씀해주세요
7 03 20:01:08 *	nolboo (nolboo@*.*.*.*) has joined
7 03 20:01:08 *	ㅇㅈㅇ gives voice to nolboo
7 03 20:01:13 <Seulki>	했습니당
7 03 20:01:16 <SEED>	네
7 03 20:01:16 <sz>	했습니다
7 03 20:01:20 <talkk>	아 놓쳤다 ㅠㅠ
7 03 20:01:20 <item4>	talkk, nolboo http://codepad.org/hkSlS1LU 를 에디터창에 입력해주세요.
7 03 20:01:22 <Toto>	네
7 03 20:01:24 <lyn>	했습니다~
7 03 20:01:36 <Uniquegon>	네 됐습니다
7 03 20:01:39 <item4>	타이핑이 느리신 분들도 계실 수 있으니 오늘은 천천히 하지만
7 03 20:01:41 <T_T_T>	넵
7 03 20:01:44 *	OHSANGHOON has quit (Connection closed)
7 03 20:01:47 <item4>	영타 속도는 어느정도는 나와주셔야 합니다
7 03 20:01:58 *	OHSANGHOON (OHSANGHOON@*.*.*.*) has joined
7 03 20:01:59 *	ㅇㅈㅇ gives voice to OHSANGHOON
7 03 20:02:00 <item4>	막 빠르진 않더라도 독수리는 면해야 본인 스스로가 편하실겁니다
7 03 20:02:09 <드류드류>	넵
7 03 20:02:11 <item4>	모두 입력하셨나요?
7 03 20:02:16 <jijonprotoss_>	완료!
7 03 20:02:22 <talkk>	접속 끊겼다가 켜졌는데 ㅠ 따라갈 방법없나요
7 03 20:02:26 <jinhorus>	네 이게 뛰어쓰기다 해야되죠~
7 03 20:02:30 <812AAER5O>	타이핑 완료!
7 03 20:02:40 <spearsky>	완료
7 03 20:02:40 <투명테이프>	했습니다
7 03 20:02:41 <item4>	talkk, 에디터창에 http://codepad.org/hkSlS1LU 를 입력해주시면 됩니다
7 03 20:02:59 <Jstring>	했습니다!
7 03 20:03:01 <item4>	입력을 완료하셨으면
7 03 20:03:05 <item4>	이제, 메뉴를 뒤져봅시다
7 03 20:03:11 <item4>	Dev-
7 03 20:03:16 <item4>	Dev-C++의 기준으로는
7 03 20:03:19 <item4>	실행 에 보면
7 03 20:03:26 <item4>	컴파일 후 실행 이라는 버튼이 있습니다
7 03 20:04:02 <item4>	Dev-C++사용자분들은 그곳을 이용해주시면 되고
7 03 20:04:17 <item4>	VC를 이용하시는분들은.. 제가 지금 VC가 없어서 찾아드릴 수가 없네요
7 03 20:04:36 <item4>	컴파일 후 실행 찾으셨나요
7 03 20:04:45 <SEED>	네 했습니다.
7 03 20:04:46 <드류드류>	네
7 03 20:04:46 <T_T_T>	네
7 03 20:04:47 <lyn>	네
7 03 20:04:49 <jinhorus>	버전이 영어라서 실행이 영어로 execute인가요?
7 03 20:04:54 <Seulki>	맞아용
7 03 20:04:56 <Taistealai>	oo
7 03 20:04:57 <item4>	네
7 03 20:05:01 <Seulki>	근데 g++ 에러가 납니다
7 03 20:05:04 <sz>	디버그 -> 디버깅 하지 않고 시작 or ctrl+F5
7 03 20:05:14 <sz>	비주얼스튜디오는 이렇게..
7 03 20:05:22 <투명테이프>	넵 했습니다
7 03 20:05:25 <Toto>	저도 g++ 랑 gcc에러가 뜨네요
7 03 20:05:31 <item4>	비주얼 스튜디오에도 컴파일 있을거에요
7 03 20:05:36 <item4>	gcc 사용하시는분도 계신가요
7 03 20:05:58 <Toto>	이클립스에서 그 에러가 두개 뜨면서 컴파일에 null이 떠버려요
7 03 20:06:08 <item4>	잠시
7 03 20:06:12 <item4>	일단 먼저
7 03 20:06:15 <item4>	저장을 해봅시다
7 03 20:06:24 <item4>	디스켓 모양 버튼.. 은 모두 공통일 것 같네요
7 03 20:06:30 <item4>	helloworld.c 로 저장해주세요
7 03 20:06:35 <item4>	cpp로 저장되지 않도록 주의해주세요
7 03 20:07:12 <Seulki>	넵넵
7 03 20:07:22 <Jstring>	그냥 c 소스파일로 저장하나요?
7 03 20:07:36 <item4>	네
7 03 20:07:54 <Seulki>	아 저는 cpp로 저장을 해서 에러가 난 것 같네요 이제 잘 됩니당
7 03 20:07:57 <Seulki>	감사합니당
7 03 20:08:24 <item4>	저장하신분들은 아까 찾은 컴파일 후 실행을 눌러주세요
7 03 20:09:02 <T_T_T>	cmd창 같은게 순식간에 뜨는것 같다가 사라지네요;;;
7 03 20:09:03 <812AAER5O>	네
7 03 20:09:10 *	talkk has quit (Ping timeout: 121 seconds)
7 03 20:09:12 <item4>	cmd창같은게 순식간에 사라지신분들은
7 03 20:09:16 <Jstring>	실행했습니다. 
7 03 20:09:21 <item4>	dev-c++ *.*.*.* 버전이실거구요
7 03 20:09:27 <Taistealai>	-_-/
7 03 20:09:27 <item4>	검은창이 떠서 있는분들은
7 03 20:09:31 <item4>	그 이상버전이거나
7 03 20:09:42 <item4>	다른 컴파일러를 쓰고 계신 분일겁니다
7 03 20:09:47 <Taistealai>	.9.9.2 버전을 바꿔야 하나요?
7 03 20:09:50 <투명테이프>	두둥
7 03 20:09:51 <Seulki>	source file not compiled 에러가 납니다
7 03 20:09:52 <투명테이프>	그렇군요
7 03 20:09:53 <Seulki>	ㅜ 
7 03 20:10:09 <item4>	Seulki, execute 전에 complie을 해주셔야 합니다
7 03 20:10:25 <item4>	cmd창이 순식간에 사라진분들을 위해 설명을 해드리자면
7 03 20:10:45 <ellif_ip>	 item4, 컴파일 후 실행을 누르는데
7 03 20:10:47 <ellif_ip>	동일한 오류 나요.
7 03 20:11:07 <item4>	시작 실행 (윈도 비스타부터는 시작버튼에 있겠죠)에서 cmd를 치고 실행해주세요
7 03 20:11:13 <item4>	ellif_ip, msg로 에러 내용 보내주세요
7 03 20:11:43 <Taistealai>	cmd 후 실행해도 같은 현상입니다
7 03 20:11:55 <item4>	cmd창이 떴다면
7 03 20:12:05 <item4>	이제 자기가 파일을 만든곳으로 이동해야합니다
7 03 20:12:21 <item4>	문제를 겪는분들중에 cd 사용법을 모르시는분 계신가요
7 03 20:12:24 <Notepad>	system("PAUSE"); 혹은 getch(); 을  return 0; 위에 넣고 컴파일 돌리면 바로 안 꺼집니다.
7 03 20:12:35 <lyn>	저요...
7 03 20:12:52 <item4>	Notepad, 그 방법도 있긴 한데 일단 기본 설명을 위해서요
7 03 20:13:10 <item4>	lyn, 화면에 어떻게 나와있나요
7 03 20:13:13 <item4>	cmd 화면이요
7 03 20:13:31 <lyn>	잠깐 떴다가 꺼져서
7 03 20:13:37 <lyn>	그냥 cmd 따로 켰어요
7 03 20:13:40 <item4>	네
7 03 20:13:43 <item4>	그 cmd창에
7 03 20:13:50 <item4>	c:\Users\
7 03 20:13:54 <item4>	뭐 이런식으로 나오지 않는지요
7 03 20:13:55 <lyn>	C:\Users\Administrator>
7 03 20:13:56 <lyn>	네
7 03 20:14:05 <item4>	파일은 어디 저장해놓으셨나요
7 03 20:14:09 <lyn>	바탕화면이요
7 03 20:14:11 <Taistealai>	d:\
7 03 20:14:17 <Taistealai>	?
7 03 20:14:20 <Taistealai>	d:\
7 03 20:14:20 *	nolboo has quit (Client exited)
7 03 20:14:24 <Taistealai>	d driver요
7 03 20:14:53 <item4>	Taistealai님은 D: 라고 치고 엔터
7 03 20:15:27 <item4>	lyn, 님은 cd "바탕 화면"
7 03 20:15:30 <item4>	이라고 적고 엔터 쳐보세요
7 03 20:15:41 *	OHSANGHOON has quit (Quit: Leaving)
7 03 20:15:43 *	ik (ik@nttkyo593083.tkyo.nt.ftth.ppp.infoweb.ne.jp) has joined
7 03 20:15:44 *	ㅇㅈㅇ gives voice to ik
7 03 20:15:52 <Taistealai>	cd /d d:\
7 03 20:16:03 <Taistealai>	cmd 명령어 찾아서 해결했어요
7 03 20:16:09 <item4>	네
7 03 20:16:16 <item4>	lyn, 이동 되셨나요
7 03 20:16:23 <lyn>	네 들어갔어요
7 03 20:16:32 <item4>	그 다음에
7 03 20:16:43 <item4>	저장된 파일명을 적고 엔터를 쳐보세요. .c 떼고요
7 03 20:16:54 <Taistealai>	완료
7 03 20:17:13 <item4>	Hello world! 라는 창이 모두 나오셨는지요
7 03 20:17:19 <T_T_T>	sp
7 03 20:17:19 <sz>	네
7 03 20:17:20 <T_T_T>	네
7 03 20:17:20 <lyn>	'helloworld'는 내부 또는 외부 명령, 실행할 수 있는 프로그램, 또는 배치파일이 아닙니다
7 03 20:17:20 <SEED>	네
7 03 20:17:24 <lyn>	라고 뜹니다
7 03 20:17:26 <jijonprotoss_>	네
7 03 20:17:32 <item4>	lyn, 컴파일 후 실행 누르셨었나요
7 03 20:17:33 <드류드류>	저도 린 님처럼..
7 03 20:17:39 <lyn>	....아 잘못들어갔네요; d:로 들어갔어야;
7 03 20:17:53 <item4>	드류드류, 파일 어디 저장하셨나요
7 03 20:17:54 *	Gulu (Gulu@*.*.*.*) has joined
7 03 20:17:54 *	ㅇㅈㅇ gives voice to Gulu
7 03 20:17:56 *	Gulu has quit (Connection closed)
7 03 20:18:07 <드류드류>	오...이제 됩니다!
7 03 20:18:20 <드류드류>	컴파일을 다시 했더니...
7 03 20:18:20 <item4>	자, 그럼 이제 모두 되시는건가요
7 03 20:18:31 <lyn>	네 됩니다!
7 03 20:18:37 <Mathieu>	눈팅으로 따라오니 잘 됩니다
7 03 20:18:40 <ellif_ip>	집에 가서 해볼게요
7 03 20:18:41 <ellif_ip>	ㅎㄹ
7 03 20:18:54 <item4>	자, 지금 우리는
7 03 20:18:57 <item4>	1. 파일을 만들고
7 03 20:19:05 <item4>	2. 뭔진 모르지만 시키는대로 받아적고
7 03 20:19:10 <item4>	3. c라는 확장자로 저장한 다음
7 03 20:19:17 <item4>	4. 컴파일 후 실행을 눌렀습니다
7 03 20:19:27 <momo>	vim에서 helloworld.c 로 3까지는 했는데, :!goo % -o %<  하면 오류만 떠서요.
7 03 20:19:50 <jinhorus>	네 4번까지 했습니다
7 03 20:19:59 <item4>	vim으로 하고 계신분이 계셨군요
7 03 20:20:13 <item4>	goo가 아니라 gcc 아닐까요
7 03 20:20:24 <momo>	흑! 그런가요. 감사.
7 03 20:21:11 <item4>	다른 문제 생기신분들 계신가요
7 03 20:21:17 <item4>	없으면 진행하려고 합니다
7 03 20:21:25 <드류드류>	넵
7 03 20:21:35 <lyn>	네
7 03 20:21:41 <Seulki>	ㅠㅠ컴파일 문제로 아직 아무것도 못하고 있습니당; 이따 돌아올게요
7 03 20:21:49 <item4>	1,2,3,4를 거치자 잘은 몰라도 
7 03 20:21:54 <투명테이프>	계속 경로를 못찾는다고 나와서..ㅜㅜ 문제가 있지만 따로 해보겠습니다
7 03 20:22:04 <item4>	Hello world! 라는 결과물이 나왔습니다
7 03 20:22:15 <item4>	이것을 해보는데 의미가 있는것은
7 03 20:22:26 <item4>	이렇게 지금 실행이 안되는분들이 있을 수 있어서입니다
7 03 20:22:31 <momo>	hello.c:1:19: fatal error: stdi.h: 그런 파일이나 디렉터리가 없습니다 compilation terminated.  shell returned 1  계속하려면 엔터 혹은 명령을 입력하십시오.
7 03 20:22:54 <Notepad>	 - include <stdio.h> 
7 03 20:22:58 <item4>	momo, 오타 나셨네요. stdio.h로 해주세요
7 03 20:22:58 <momo>	나중에 해보겠습니다.
7 03 20:23:09 *	ellif_ip has quit (Connection closed)
7 03 20:23:10 <momo>	예. 고맙습니다.
7 03 20:23:17 *	드류드류_ (7bfee468@web/*.*.*.*) has joined
7 03 20:23:18 *	ㅇㅈㅇ gives voice to 드류드류_
7 03 20:23:32 <드류드류_>	아...튕겼...
7 03 20:24:03 <item4>	오늘 이렇게 해보면서
7 03 20:24:16 <item4>	지금 개발환경이 안되는분들은 개발환경을 손을 보셔야 할거에요
7 03 20:24:45 <Mathieu>	그럼아까 실행눌러서 튕긴 사람들은 업글하면 괜찮은 건가요?
7 03 20:24:51 *	spearsky has quit (Ping timeout: 121 seconds)
7 03 20:24:54 <item4>	이렇게 간단한 작업을 해보는데도 여러가지 오류가 나올 수 있죠
7 03 20:25:06 <item4>	업그레이드 하시면 창이 유지되서 나올겁니다
7 03 20:25:15 <item4>	자세한 이유는 조금 더 지나가서 설명해드릴게요
7 03 20:25:17 *	jijonprotoss_ has quit (Connection closed)
7 03 20:25:26 *	드류드류 has quit (Ping timeout: 121 seconds)
7 03 20:25:27 <lyn>	*.*.*.* 인데 창 유지가 안돼요..
7 03 20:25:28 <Mathieu>	네 업그레이드해놓겠습니다
7 03 20:25:39 <momo>	흐메...
7 03 20:25:39 *	jijonprotoss_ (jijonprotoss@*.*.*.*) has joined
7 03 20:25:40 *	ㅇㅈㅇ gives voice to jijonprotoss_
7 03 20:25:41 <투명테이프>	넵 아까 오류나던거 해결했습니다
7 03 20:25:44 <item4>	lyn, 아직도 실행이 안되시나요
7 03 20:25:48 <momo>	됐습니다. !! Hello world! 계속하려면 엔터 혹은 명령을 입력하십시오. 
7 03 20:25:50 <투명테이프>	다음에는 업그레이드 할게요
7 03 20:26:06 <momo>	세상에... 감격.
7 03 20:26:07 <lyn>	실행에서 따로 cmd 켜면 되지만 Dec-C++에서 컴파일후 실행 하면 창이 안듭니다
7 03 20:26:14 <lyn>	안뜹니다;
7 03 20:26:25 <item4>	lyn, cmd로 따로 실행을 하셔야 할거에요
7 03 20:26:33 <lyn>	네..
7 03 20:26:37 <item4>	Dev-C++ *.*.*.*는 실행용을 바로 만들어줘서 그런데
7 03 20:26:51 *	hihihoho has quit (Quit: Leaving)
7 03 20:26:53 <item4>	자세한건 좀 더 진행하면서 보도록 합시다
7 03 20:27:15 *	ellif_w7 (eripu@*.*.*.*) has joined
7 03 20:27:15 *	ㅇㅈㅇ gives voice to ellif_w7
7 03 20:27:25 <item4>	오늘은 7줄의 코드를 입력했습니다
7 03 20:27:43 <item4>	여기서 우리가 어림잡아 의미를 알법한 단어를 찾아봅시다
7 03 20:27:53 <item4>	먼저 첫번째줄이요
7 03 20:27:59 <item4>	#include <stdio.h>
7 03 20:28:05 *	쪼알 (79a60519@web/*.*.*.*) has joined
7 03 20:28:05 <item4>	stdio.h는 뭔지 몰라도
7 03 20:28:05 *	ㅇㅈㅇ gives voice to 쪼알
7 03 20:28:16 <item4>	include는 어디서 본듯한 영단어입니다
7 03 20:28:18 <item4>	?dic include
7 03 20:28:19 <멍멍이>	【타동사】 1. …을 포함하다(※진행형 불가) / 2. include＋[목]／include＋[목]＋[전치사]＋[명사] …을 […안에] 포함[가입, 산입(算入)]시키다[in, among, with ‥]
7 03 20:28:31 <item4>	include는 포함하다 라는 뜻을 가진 단어네요
7 03 20:28:40 <item4>	그럼 이 줄은 무언가를 포함하는거라고 추측이 가능하겠죠
7 03 20:28:47 <item4>	세번째 줄을 보겠습니다
7 03 20:28:53 <item4>	int main()
7 03 20:29:03 <item4>	여기서, 추측 가능한것은 무엇이 있을까요
7 03 20:29:11 <lyn>	메인이요
7 03 20:29:19 <드류드류_>	중요한놈..?!
7 03 20:29:24 <Jstring>	시작..?
7 03 20:29:25 <jijonprotoss_>	내용을 입력하는 것 같네요
7 03 20:29:31 <lyn>	?dic main
7 03 20:29:32 <멍멍이>	【형용사】 1. (※비교 변화 없음) (한정적) / 2. [사물이] 주요한, 주된, 가장 중요한, 중심적인 / 3. 충분한, 혼신의, 온 힘을 다한. / 【명사】 1. (미) (수도·가스 등의 배관에서) 본관; (보통 mains) (전기를 끌어넣는) 간선((영) mains); (영) (the mains) 벽의 콘센트; (형용사적) (영) 본관의, 간선의
7 03 20:29:32 <Toto>	리턴이 int요
7 03 20:29:32 <멍멍이>	2. (the main) 주요부(분), 주요한 점. / 3. (the main) (문어) 대해, 바다; (섬과 구별하여) 본토(mainland). / 【자동사】 1. (속어) (헤로인 등의 마약을) 정맥에 주사하다(mainline).
7 03 20:29:33 <멍멍이>	【명사】 1. 닭싸움, 투계. / 2. (주사위 노름에서) 5에서 9까지의 숫자. / 3. 궁술[권투] 시합. / 【명사】 1. 마인 강: 독일 Bavaria주 북동부 Fichtelgebirge에서 발원하여 서쪽으로 흘러 Mainz에서 Rhine강에 합류.
7 03 20:29:41 <Notepad>	stdio.h 를 포함하라 
7 03 20:29:45 <item4>	사전 내용대로 보면
7 03 20:29:51 <item4>	주된 내용
7 03 20:29:55 <item4>	뭐 이런뜻이란걸 알 수 있습니다
7 03 20:30:07 <item4>	뭔진 몰라도 main이란것이 중요하긴 하다는걸 알 수 있습니다
7 03 20:30:33 <item4>	그 다음줄이요
7 03 20:30:44 <lyn>	{
7 03 20:30:46 <item4>	{
7 03 20:30:56 <item4>	수학시간에나 보던 괄호가 나왔습니다
7 03 20:31:02 <item4>	맨 마지막 줄을 봐보죠
7 03 20:31:31 <lyn>	}
7 03 20:31:32 <item4>	}가 있습니다
7 03 20:31:39 <item4>	수학시간에도 그래왔지만
7 03 20:31:44 <item4>	왠지 괄호는 세트일 것 같습니다
7 03 20:32:01 <드류드류_>	넵
7 03 20:32:06 <item4>	실제로 어떤 역할을 하는지는 잠시 뒤에 보죠
7 03 20:32:09 <item4>	그 다음번째 줄을 봅시다
7 03 20:32:22 *	쪼알 has quit (Quit: Page closed)
7 03 20:32:35 <item4>	printf("Hello world!");
7 03 20:32:48 <item4>	hello world는 아까 출력되서 나왔던건데
7 03 20:32:54 <item4>	왠지 " " 로 싸여있고
7 03 20:32:59 <드류드류_>	출력하라...?!
7 03 20:33:00 <item4>	그걸 또 ( ) 로 감싸놧고
7 03 20:33:08 <item4>	그 앞에는 printf 라는 단어가 붙어있습니다
7 03 20:33:22 <item4>	printf라는 단어는 몰라도
7 03 20:33:27 <item4>	print라는 단어는 사전에 있습니다
7 03 20:33:32 <item4>	?dic print 
7 03 20:33:33 <멍멍이>	【타동사】 1. …을 인쇄 출판[간행, 발행]하다[off, out, up]; [글·그림 등을] 인쇄하다; [의견 등을] 인쇄물로서 공표하다 / 2. print＋[목]／print＋[목]＋[전치사]＋[명사] …에 자국[표]을 내다; [천에] 날염하다, print A oninB／print B with A [A(표시·무늬 등)를 B(물건)에] 찍다, 표하다
7 03 20:33:33 <멍멍이>	3. print＋[목]／print＋[목]＋[전치사]＋[명사] [광경·말 등을] [마음 등에] 새기다[on, upon ‥] / 4. [이름 등을] 활자체로 쓰다. / 5. [필름 등을] 인화하다[off, out].
7 03 20:33:33 <멍멍이>	【자동사】 1. (어떤 상태로) 인쇄[인화]되다; [활자 등이] 인쇄되다 / 2. 활자체로 쓰다 / 3. 인쇄업을 하다. / 【명사】 1. [불] 인쇄(된 상태), 인쇄 효과; 인쇄된 문자[자체], 활자(체)
7 03 20:33:34 <멍멍이>	2. 인쇄물, 프린트(※수업·강의용으로 교실 등에서 배부하는 「프린트」는 handout); (주로 미) (신문·잡지 등의) 출판물; [불] 신문·잡지업계, 활자 미디어; [불] 신문 용지(newsprint).
7 03 20:33:35 <멍멍이>	3. 자취, 흔적, 영향 / 4. (눌려서 생긴) 자국, 표(mark), 족적; (비격식) 지문(fingerprint). / (1) 타인기(打印器), 스탬프; 형판(型板), 찍는 틀
7 03 20:33:37 <멍멍이>	멍멍! 너무 길어요. 직접 가서 보세요 - http://dic.daum.net/word/view.do?wordid=ekw000131681&q=print+
7 03 20:33:43 <item4>	여러가지 뜻이 있지만
7 03 20:33:53 <item4>	출력하다 등의 뜻을 가지고 있죠
7 03 20:34:04 <item4>	뭔진 몰라도 출력을 해주는 역할인 것 같습니다
7 03 20:34:24 <item4>	그리고 마지막으로 안본 return 0; 
7 03 20:34:30 <item4>	return 은 사전을 보면
7 03 20:34:34 <item4>	?dic return
7 03 20:34:35 <멍멍이>	【자동사】 1. return／return＋[전치사]＋[명사] / 2. […에서] 돌아오다[from‥]; [원래의 장소·상태 등으로] 되돌아가다[to‥](※구어보다 문어에 많음)
7 03 20:34:35 <멍멍이>	3. [병 등이] 재발하다; [건강을] 회복하다; [감정·상황이] 되살아나다 / 4. [원래의 이야기·생각 등에] 되돌아가다[to‥] / 5. 대답하다, 답변하다, 대꾸하다(reply, answer).
7 03 20:34:36 <멍멍이>	6. [재산 등이] [원래의 소유자에게] 돌아가다[to‥]. / 【타동사】 1. return＋[목]／return＋[목]＋[전치사]＋[명사] [사람이] …을 되돌려주다, (장소에) 되갖다 놓다, 반환[반송]하다; [군사] [무기 등을] [원래의 위치에] 갖다놓다[to ‥]; return A to B／return B A [A(사물·사람)를 B(사람·원래의 장소
7 03 20:34:38 <멍멍이>	·상태)에게] 되돌려주다
7 03 20:34:38 <멍멍이>	2. return＋[목] …을 (답례·보상으로서) 돌려주다, 되돌리다; …과 비슷한 [동일한] 것으로 반환하다, 응수하다; return A for B／return B with A [B(행위 등)에 A (행위 등)로] 보답하다, 갚다
7 03 20:34:39 <멍멍이>	3. return＋[목](인용절) …이라고 대답하다, 되받아 말하다 / 4. [빛·소리 등을] 반사[반향]하다(reflect). / 5. [노동·지출·투자 등이] [이익·소득 등을] 낳다, 생기게 하다, 가져오다
7 03 20:34:41 <멍멍이>	멍멍! 너무 길어요. 직접 가서 보세요 - http://dic.daum.net/word/view.do?wordid=ekw000140174&q=return
7 03 20:34:48 <item4>	돌아오다, 돌려주다, 답변하다
7 03 20:34:52 <item4>	뭐 여러가지 뜻이 있습니다
7 03 20:35:38 <item4>	그럼, 뭔가 돌려주는건가본데
7 03 20:35:42 *	nolboo (nolboo@*.*.*.*) has joined
7 03 20:35:42 *	ㅇㅈㅇ gives voice to nolboo
7 03 20:35:45 <item4>	지금으로썬 알 수 없는것들이 많습니다
7 03 20:36:27 <item4>	자, 여기까지 오면서 질문 사항 있으신지요
7 03 20:36:50 <Mathieu>	2번쨰 칸을 한칸 띄운 이유는 있나요?
7 03 20:37:39 <item4>	두번째칸을 한칸 띄운 이유는.. 솔직히 없습니다
7 03 20:37:44 <item4>	미관상 이렇게들 많이 씁니다
7 03 20:37:59 <item4>	이것은 첫번째줄과 세번째줄의 성격이 다른것도 있는데요
7 03 20:38:05 <item4>	자세한건 좀 더 들어가서 보도록 합시다
7 03 20:38:13 <item4>	다른 질문 있으신가요
7 03 20:38:16 <Mathieu>	아하! 그럼 안띄어도 작성엔 문제없다는 뜻으로 알겠습니다.
7 03 20:38:24 <드류드류_>	아...중간에 탭이 들어간 것도 미관상인가요?
7 03 20:38:42 <item4>	중간에 탭이 들어간것도 일단은 미관상입니다
7 03 20:38:59 <lyn>	Dev 작성창 옆에 몇번째줄인지 안써있고 그냥 까맣게 되어있는데 정상인가요?
7 03 20:39:24 <item4>	lyn, 설정 문제로 보이네요
7 03 20:39:42 <item4>	*.*.*.*가 문제가 좀 많은것 같네요
7 03 20:39:44 <Jstring>	저도 까맣게 되어있네요
7 03 20:39:55 <Jstring>	*.*.*.* 말고 다른 버젼 어떤게 있죠?
7 03 20:39:59 <T_T_T>	*.*.*.*가 그렇고 상위버젼 받으니 괜찮네요
7 03 20:40:00 <item4>	다음 시간까지 5.4.2로 재설치 해주세요
7 03 20:40:06 <드류드류_>	넵...!
7 03 20:40:09 <T_T_T>	http://blog.naver.com/PostView.nhn?blogId=neverapple88&logNo=40186836513
7 03 20:40:10 <드류드류_>	저도 *.*.*.*...
7 03 20:40:10 <item4>	자세한건 공지 올리도록 하겠습니다
7 03 20:41:16 <item4>	오늘 프로그램 실행은 여기까지고
7 03 20:41:22 <item4>	이제 설명을 해보도록 하겠습니다
7 03 20:42:11 <item4>	잠시 삼천포로 빠져보겠습니다
7 03 20:42:18 <item4>	오늘, 우리는 여기서
7 03 20:42:23 <item4>	프로그램을 만들어보겠다고
7 03 20:42:28 <item4>	프로그래밍을 공부하고 있습니다
7 03 20:42:32 <item4>	프로그램이란 뭘까요
7 03 20:42:41 <item4>	일단 여러분의 생각을 말씀해주세요
7 03 20:43:09 <Hyerim>	소프트웨어?
7 03 20:43:16 <Toto>	컴퓨터에게 이렇게저렇게 하라고 절차를 알려주는것이요
7 03 20:43:20 <Jstring>	약속을 정해주는거?
7 03 20:43:21 <T_T_T>	컴퓨터랑 대화하는거 아닐까요... 일단은 Language 니깐...
7 03 20:43:34 <Mathieu>	인풋을 집어넣으면 뭘 해서든 그에 따른 아웃풋을 만들어내는 것?
7 03 20:43:36 <lyn>	하려는 목적에 따라 컴퓨터를 작동시킬 수 있게 해주는 매개체..
7 03 20:43:43 <momo>	수행하고자 하는 작업을 컴퓨터에게 시키는 일.
7 03 20:43:55 <SEED>	어떠한 일을 하도록하는 것이요
7 03 20:44:01 <sz>	매튜님과 같은생각이에요
7 03 20:44:16 <item4>	여러가지 의견이 나왔는데요
7 03 20:44:26 <item4>	사실, 이건 견해이기에 정답이랄것은 없지만
7 03 20:44:38 <item4>	프로그램을 만드는 입장에서는 이 5가지 속성에 주목하게 됩니다
7 03 20:44:53 <item4>	속성을 설명하기 위해
7 03 20:44:57 <item4>	예를 하나 들어보도록 합시다
7 03 20:45:04 <item4>	우리가 일상적으로 가장 많이 쓰는
7 03 20:45:11 <item4>	인터넷 브라우저를 예로 들어볼까요
7 03 20:45:31 <item4>	예를들어, 페이스북에 접속하고 싶다면
7 03 20:45:41 <item4>	주소표시줄에 facebook.com을 입력하고 엔터를 칠겁니다
7 03 20:45:58 <item4>	우리가 무언가를 
7 03 20:46:04 <item4>	프로그램에게 넣어주었습니다
7 03 20:46:08 <item4>	이것을 우리는 입력이라고 합니다
7 03 20:46:19 <item4>	프로그램은 0개 이상의 입력을 받습니다
7 03 20:46:29 <item4>	0개 이상이라고 한 것은
7 03 20:46:34 <item4>	방금 우리가 만들었던 프로그램은
7 03 20:46:39 <item4>	아무 입력도 받지 않았던것처럼
7 03 20:46:48 <item4>	입력 없이 돌아가는 프로그램도 있을 수 있기 때문이구요
7 03 20:47:19 <item4>	자, 그럼 주소를 입력하고 난 뒤에는
7 03 20:47:27 <item4>	페이스북 페이지가 나옵니다
7 03 20:47:35 <item4>	주소를 넣었더니 페이지가 나옵니다
7 03 20:47:55 <item4>	출력되어 나온 페이지는 프로그램의 결과물이라고 할 수 있겠군요
7 03 20:47:59 <item4>	이걸 출력이라고 합니다
7 03 20:48:18 <item4>	프로그램은 1개 이상의 출력을 갖습니다. 뭐, 혼자 빙빙 돌 다 꺼지는 것들도 있지만 예외로 두도록 하죠
7 03 20:48:34 <item4>	그럼 일단 프로그램은
7 03 20:48:37 <item4>	입력을 받고
7 03 20:48:43 <item4>	출력을 해주는것이란거까진 알았습니다
7 03 20:48:53 <item4>	그럼 프로그램이 제대로 일을 하려면
7 03 20:48:59 <item4>	무엇이 필요할까요
7 03 20:49:21 <item4>	예를들면 이런것이 있을 수 있습니다
7 03 20:49:28 <item4>	계산기에 1/0을 입력해보면
7 03 20:49:30 <item4>	계산이 안됩니다
7 03 20:49:40 <item4>	!= 1/0
7 03 20:49:40 <냐옹이>	오류: Numerical Error
7 03 20:49:55 <item4>	프로그램은 
7 03 20:49:58 <item4>	각 명령이
7 03 20:50:05 <item4>	유효한 명령어여야합니다
7 03 20:50:29 <item4>	크게 보자면 계산기에게 요구하는것은
7 03 20:50:35 <item4>	계산된 결과를 내놓아라! 겠지만
7 03 20:50:48 <item4>	세부적으로 들어가서 본다면
7 03 20:50:54 <item4>	더하기일때는 무엇과 무엇을 더하고
7 03 20:50:55 <item4>	이런것을
7 03 20:51:01 <item4>	정확히 정해주어야 합니다
7 03 20:51:12 <item4>	이걸 명령의 명확성이라고 합니다
7 03 20:51:49 <item4>	그리고, 우리는 언제나 아무 생각 없이 쓰고있지만
7 03 20:51:50 <item4>	가령
7 03 20:51:57 <item4>	페이스북에 접속하려고 했는데 네이버가 나오고
7 03 20:52:05 <item4>	계산기에 1+1을 입력했는데 3이 나오면 안되겠죠
7 03 20:52:19 <item4>	프로그램의 결과는 정확해야합니다
7 03 20:52:23 <item4>	정확성이라고 해둘까요
7 03 20:52:47 <item4>	자, 프로그램의 속성들을 살펴보았습니다
7 03 20:52:51 <item4>	입력을 받고
7 03 20:52:54 <item4>	출력을 해주는데
7 03 20:52:59 <item4>	각 명령은 유효해야하고
7 03 20:53:03 <item4>	결과는 정확해야합니다
7 03 20:53:39 <item4>	만약 이걸 지키지 않으면 프로그램은 사용할 수 있을까요?
7 03 20:53:50 *	spearsky (7db07f20@web/*.*.*.*) has joined
7 03 20:53:50 *	ㅇㅈㅇ gives voice to spearsky
7 03 20:54:01 <Toto>	아니요
7 03 20:54:03 <Jstring>	없습니다!
7 03 20:54:06 *	tikkun (738c2f2a@web/*.*.*.*) has joined
7 03 20:54:06 *	ㅇㅈㅇ gives voice to tikkun
7 03 20:54:09 <lyn>	못하죠
7 03 20:54:11 *	spearsky has quit (Quit: Page closed)
7 03 20:54:19 <item4>	끔찍한 결과를 낳게 될 것입니다
7 03 20:54:28 <item4>	그리고 마지막 속성으로는
7 03 20:54:32 <item4>	유한성이 있습니다
7 03 20:54:39 <item4>	프로그램은 언젠가 꺼집니다
7 03 20:54:52 <item4>	물론 언제까지고 꺼지지 않을것을 전제하고 만드는 프로그램도 존재합니다
7 03 20:55:08 <item4>	하지만 무한정 돌고 있는것이 아니라
7 03 20:55:15 <item4>	어느 작업을 마치고 조건을 충족하면
7 03 20:55:18 <item4>	꺼질 수 있어야 합니다
7 03 20:55:37 <item4>	시동이 꺼지지 않는 자동차는 타고 다닐 수 없잖습니까. 비슷한 이치입니다
7 03 20:55:51 *	나이스비 has quit (Ping timeout: 121 seconds)
7 03 20:56:11 <item4>	그럼, 우리가 만들어보았던 첫 프로그램은
7 03 20:56:17 <item4>	이것들을 모두 충족했을까요?
7 03 20:56:34 <momo>	예.
7 03 20:56:39 <드류드류_>	..넵
7 03 20:56:41 <item4>	먼저 입력
7 03 20:56:45 <item4>	0개 이상이라고 했습니다
7 03 20:56:54 <item4>	입력해준건 딱히 없지만
7 03 20:56:58 <item4>	이 조건은 성립했습니다
7 03 20:57:13 <item4>	출력
7 03 20:57:21 <item4>	분명히 Hello world! 라고 나왔습니다
7 03 20:57:28 <item4>	1개 이상을 충족했네요
7 03 20:57:33 <item4>	정확성
7 03 20:57:45 <item4>	우리가 목표로 했던 결과를 내보내주었습니다
7 03 20:57:56 <item4>	명확성
7 03 20:58:02 <item4>	.... 은 아직 볼 줄 모르니 넘어갑시다
7 03 20:58:12 <item4>	유한성
7 03 20:58:18 <item4>	분명 실행하고 꺼졌습니다
7 03 20:58:24 <item4>	모두 충족했음을 알 수 있습니다
7 03 20:58:42 <item4>	답을 말하자면 명확성도 통과를 합니다
7 03 20:58:49 <item4>	그렇다면, 모든 명령이
7 03 20:58:53 <item4>	유효한 명령이란 뜻인데
7 03 20:58:59 *	Taistealai has quit (Quit: IRC웹클라이언트 에프IRC를 종료하셨습니다. (http://www.firc.kr))
7 03 20:59:03 <item4>	이 명령들이 대략적으로 어떤것인지 알아보도록 하겠습니다
7 03 20:59:20 <item4>	다시 소스를 보겠습니다
7 03 20:59:32 <item4>	#include <stdio.h>
7 03 20:59:42 <item4>	아까 사전을 통해 봤듯
7 03 20:59:51 <item4>	include는 ~를 포함하다 라는 뜻을 가지고 있습니다
7 03 21:00:20 <item4>	아직 우리는 stdio.h가 무엇인진 몰라도
7 03 21:00:25 <item4>	이것을 포함하는 용도가 맞습니다
7 03 21:00:32 <item4>	여기서는 두가지 실수가 발생하고는 하는데요
7 03 21:00:36 <item4>	1. #을 빼먹거나
7 03 21:00:47 <item4>	2. stdio.h를 잘못 쓰거나 (studio.h 등등)
7 03 21:00:55 <item4>	이 줄은 잘못 쓰면 안됩니다
7 03 21:01:09 <item4>	자세한건 다음에 설명하겠지만
7 03 21:01:16 <item4>	#include <stdio.h> 란것은
7 03 21:01:33 <item4>	우리가 앞으로 프로그래밍을 하면서 계속 사용할 소스입니다
7 03 21:01:52 <item4>	지금은 일단 '프로그래밍 초보때는 쓰는것' 정도로 기억하면 될 것 같습니다
7 03 21:02:13 <item4>	여기까진 이해 되셨나요?
7 03 21:02:15 <Uniquegon>	네
7 03 21:02:16 <T_T_T>	네
7 03 21:02:21 <lyn>	네~
7 03 21:02:21 <momo>	예.
7 03 21:02:36 <item4>	중간에라도 궁금한점 생기시면
7 03 21:02:43 <item4>	메시지로 주시면 답변해드립니다
7 03 21:02:50 <귀여운머슴>	넵ㅈ
7 03 21:02:53 <item4>	그럼 계속 진행하겠습니다
7 03 21:02:56 <item4>	int main()
7 03 21:02:58 <Jstring>	네!
7 03 21:03:09 <item4>	int는 integer(정수)의 약자입니다
7 03 21:03:23 <tikkun>	네!
7 03 21:03:30 <item4>	main은 아까도 나왔지만 중앙, 중심 이런 뜻이구요
7 03 21:03:39 <item4>	()도 붙어있음을 알 수 있습니다
7 03 21:04:01 <item4>	자세한건 다음시간에 나오겠지만
7 03 21:04:04 <item4>	main은
7 03 21:04:09 <item4>	main 함수라고 부릅니다
7 03 21:04:19 <item4>	int main()
7 03 21:04:22 <item4>	형태로 사용되고
7 03 21:04:27 <item4>	프로그램이 시작되면
7 03 21:04:32 <item4>	이것이 가장 먼저 켜집니다
7 03 21:04:57 <item4>	마치 반에서 학생들을 통솔할때 가장 먼저 반장을 찾듯
7 03 21:05:02 <item4>	프로그램이 실행될때는 가장 먼저
7 03 21:05:06 <item4>	main 이란 함수를 찾습니다
7 03 21:05:23 <item4>	제가 여기서 함수 라고 말했는데
7 03 21:05:34 <item4>	수학시간에 배운 함수와 비슷한 개념입니다
7 03 21:05:44 <item4>	자세한건 나중에 직접 함수를 만들어보면서 배울겁니다
7 03 21:05:55 <item4>	함수의 영역은
7 03 21:06:01 <item4>	{ 와 }로 감싸도록 되어 있습니다
7 03 21:06:05 <item4>	괄호를 씌우는건데요
7 03 21:06:24 <item4>	4번째줄의 {에서부터
7 03 21:06:31 <item4>	7번째줄의 } 까지가
7 03 21:06:35 <item4>	main 함수의 내용입니다
7 03 21:06:51 <item4>	마치 소설등을 보면
7 03 21:06:58 <item4>	사람이 말하는 부분에
7 03 21:07:05 <item4>	"이거봐, 여기 도둑이 있어"
7 03 21:07:12 <item4>	이런식으로 " " 로 감싸는것과 같습니다
7 03 21:07:20 <item4>	즉, 다시 말하면
7 03 21:07:25 <item4>	5번째줄과 6번째 줄은
7 03 21:07:32 <item4>	main함수에 속해 있다는것을 알 수 있습니다
7 03 21:07:43 <item4>	여기까지 오면서 질문사항 있으신가요
7 03 21:07:56 <투명테이프>	없습니다
7 03 21:07:56 <lyn>	없습니다~
7 03 21:08:01 <momo>	없습니다.
7 03 21:08:04 <tikkun>	없습니다
7 03 21:08:16 <Jstring>	없습니다!
7 03 21:08:16 <귀여운머슴>	네 없습니당
7 03 21:08:26 <item4>	자, 그럼 나머지 살펴볼 부분은
7 03 21:08:32 <item4>	main 함수의 내용입니다
7 03 21:08:46 <item4>	5번째줄 보기 전에
7 03 21:08:51 <드류드류_>	없습니다
7 03 21:08:52 <item4>	6번째 줄부터 보도록 하겠습니다
7 03 21:09:05 <item4>	프로그램은 기본적으로
7 03 21:09:08 <item4>	위에서 아래로 실행됩니다
7 03 21:09:16 <item4>	즉, 5번째줄이 실행된 뒤에
7 03 21:09:19 <item4>	6번째 줄이 실행되는데요
7 03 21:09:28 <item4>	6번째줄은 독특하게
7 03 21:09:31 <item4>	<>도 없고
7 03 21:09:34 <item4>	()도 없습니다
7 03 21:09:54 <item4>	return 0; 라고 되어있는데
7 03 21:09:58 <item4>	return 이란 말 그대로
7 03 21:10:04 <item4>	돌려주다, 반환하다 이런 뜻입니다
7 03 21:10:20 <item4>	0을 돌려준다는 것으로 해석할 수 있습니다
7 03 21:10:33 <item4>	그럼, 0은 왜 돌려줄까요?
7 03 21:11:02 <item4>	이런걸 반환코드라고 하는데
7 03 21:11:18 <item4>	프로그램의 실행결과를 운영체제, 또는 다른 프로그램에게 알려주는 역할을 합니다
7 03 21:11:20 <드류드류_>	음...메모리 반환..일까요?
7 03 21:11:21 <드류드류_>	아...
7 03 21:11:27 <item4>	실행이 잘 되었는지 등을
7 03 21:11:31 <item4>	반환값을 보고 검사합니다
7 03 21:11:37 *	Toto has quit (Quit: IRC웹클라이언트 에프IRC를 종료하셨습니다. (http://www.firc.kr))
7 03 21:12:05 <item4>	자, 그럼 여기까지 오면서
7 03 21:12:21 <item4>	(지금으로썬) 무조건 써야하는 것들을 살펴봤습니다
7 03 21:12:49 <item4>	#include <stdio.h> 의 경우는 프로그램에 필요해서
7 03 21:12:58 <item4>	int main(), { , } 은
7 03 21:13:08 <item4>	프로그램이 실행될때 그 내용물이 실행되기 때문에
7 03 21:13:20 <item4>	return 0;는 반환코드를 알려주기 위해 쓰였습니다
7 03 21:13:26 <item4>	앞으로 만들 모든 프로그램은
7 03 21:13:32 <item4>	이 틀이 계속 사용될 것입니다
7 03 21:13:39 <item4>	손에 익으면 좋겠죠
7 03 21:14:00 <item4>	그럼, 그 틀에 얽메이지 않는 나머지 한줄
7 03 21:14:04 <item4>	5번째 줄을 보겠습니다
7 03 21:14:09 <item4>	printf("Hello world!");
7 03 21:14:21 <item4>	print라는 영단어는 있어도 printf라는 영단어는 없습니다
7 03 21:14:26 <item4>	그럼 왜 f가 붙어있을까요
7 03 21:14:38 <item4>	f는 format의 약자입니다
7 03 21:14:57 <item4>	해석해보면
7 03 21:15:01 <item4>	print format 이 되는데
7 03 21:15:09 <item4>	어떠한 포맷을 출력하라
7 03 21:15:14 <item4>	이런 의미가 됩니다
7 03 21:15:26 <item4>	포맷이란 무엇이고 어떻게 생겼는지는
7 03 21:15:31 <item4>	다음에 나오겠지만
7 03 21:15:42 <item4>	포맷을 출력하는 역할이란건 알 수 있습니다
7 03 21:15:54 <item4>	그 다음, ( )를 봅시다
7 03 21:16:07 <item4>	수학시간에도 나오는 이야기지만
7 03 21:16:17 <item4>	함수는 f(x)=x+2
7 03 21:16:19 <item4>	뭐 이런게 있다면
7 03 21:16:22 <item4>	f(5)
7 03 21:16:25 <item4>	이런식으로 쓰입니다
7 03 21:16:32 <item4>	괄호 안에꺼를 실행한다고 볼 수 있죠
7 03 21:16:36 <item4>	printf는 함수고
7 03 21:16:47 <item4>	printf의 x 자리에 들어가는것이
7 03 21:16:54 <item4>	"Hello world"라는걸 알 수 있습니다
7 03 21:17:13 <item4>	자, 그럼
7 03 21:17:18 <item4>	왜 Hello world! 를
7 03 21:17:22 <item4>	" " 로 감싸놨을까요
7 03 21:17:29 <ellif_w7>	문자열이라서
7 03 21:17:49 <item4>	네. 결론부터 말하면 문자열이라서가 맞습니다
7 03 21:18:02 <dcdc>	ㅠㅠ
7 03 21:18:04 <item4>	그럼 문자열은 무엇인가가 문제가 되겠지요
7 03 21:18:26 <item4>	우리는 일상생활에서 말을 아무 생각 없이 할 수 있지만
7 03 21:18:34 <item4>	컴퓨터는 바보상자라서
7 03 21:18:37 <item4>	알아들을 수 없습니다
7 03 21:18:52 <item4>	지금은 일단
7 03 21:18:54 <item4>	" "
7 03 21:18:57 <item4>	이 안에 들어가는걸
7 03 21:19:09 <item4>	써준데로 읽으라고 컴퓨터에게 시키는것이라고 기억해둡시다
7 03 21:19:53 <item4>	그럼, 이제 모든 퍼즐 맞추기가 끝났습니다
7 03 21:20:01 <item4>	"Hello world"는
7 03 21:20:04 <item4>	컴퓨터에게
7 03 21:20:13 <item4>	Hello world라고 써준대로 기억하고 있으라는것이고
7 03 21:20:18 <item4>	printf("~~~")는
7 03 21:20:27 <item4>	그것을 포맷에 맞춰서 출력하라는 것입니다
7 03 21:20:54 <item4>	자, 여기까지 오면서 궁금하신 부분 있으신가요
7 03 21:21:08 <momo>	완벽합니다!
7 03 21:21:14 <lyn>	반환코드에서 프로그램의 실행결과를 다른 곳에 알린다는 말이 잘 이해가 안됩니다
7 03 21:21:43 <item4>	자
7 03 21:21:52 <item4>	한가지 예를 들어볼까요
7 03 21:22:07 <item4>	계산기를 하나 만들었습니다
7 03 21:22:32 <item4>	그런데 이것이 꺼졌을때
7 03 21:22:38 <item4>	계산을 잘하고 곱게 꺼진건지
7 03 21:22:41 <item4>	에러가 나서 튕긴건지
7 03 21:22:46 <item4>	구분을 해야할 필요가 있습니다
7 03 21:23:35 <item4>	음.. 좀 더 다른 예를 생각해볼까요
7 03 21:23:43 *	lidiq (afdf349e@web/*.*.*.*) has joined
7 03 21:23:43 *	ㅇㅈㅇ gives voice to lidiq
7 03 21:23:44 <lyn>	음.. 알 것 같아요
7 03 21:23:50 <lyn>	그럼
7 03 21:24:09 <lyn>	0에는 의미가 없고 그냥 return 0이라는 구문이 정해져있는거죠?
7 03 21:24:19 <item4>	음. 지금 당장엔 아무 의미 없이
7 03 21:24:25 <lyn>	그리고 저게 뜨면 여기서 실행시켰던 게 아무 문제 없이 종료되었다는 의미가..
7 03 21:24:25 <item4>	return 0을 쓰면 됩니다
7 03 21:24:29 <item4>	네
7 03 21:24:37 <lyn>	네 알겠습니다
7 03 21:24:53 <item4>	다른 질문사항 있으신가요
7 03 21:25:16 <Jstring>	저도 따라만 왔더니
7 03 21:25:18 <Jstring>	잘 이해되네요!
7 03 21:25:20 <lyn>	int main()은 뒤쪽에 있어도 되는 건가요?
7 03 21:25:30 <item4>	뒤로 간다고 하는것은
7 03 21:25:36 <item4>	} 뒤를 말씀하시는건가요
7 03 21:25:54 <lyn>	음.. 여기 입력한... 뭐라고 하는건가요; 구문?
7 03 21:25:57 <lyn>	저런것들이 많을때요
7 03 21:26:06 <lyn>	맨앞이 아니라 뒤쪽에 있을때..
7 03 21:26:11 <item4>	음
7 03 21:26:20 <lyn>	여기서는 main함수 하나뿐이지만 다른 것들도 많으면..
7 03 21:26:23 <item4>	앞으로 함수를 만드는걸 배울때 배우겠지만
7 03 21:26:39 <item4>	다른것이 많아졌을때에도 main은 적당하게 자기 자리를 지킵니다
7 03 21:26:54 <item4>	int main() { 실행할 내용 }
7 03 21:27:02 <item4>	의 틀은 계속 유지되구요
7 03 21:27:37 <item4>	다른 질문 있으신가요
7 03 21:28:03 <momo>	결국, C프로그램이란 { }안의 '실행할 내용'이 다 인 거죠?
7 03 21:28:17 <item4>	결과적으론 그렇습니다
7 03 21:28:31 <momo>	흥미진진...
7 03 21:28:36 <드류드류_>	아..!
7 03 21:28:41 <드류드류_>	메인은 하나만 있어야 하나여?
7 03 21:28:43 <lyn>	main()의 괄호 안에 다른 것들이 들어가기도 하겠죠?
7 03 21:28:52 <드류드류_>	저기 {} 안에 추가적으로 들어가도 되나요...?
7 03 21:29:00 <item4>	드류드류님의 질문에 대답을 해드리자면
7 03 21:29:09 <item4>	첫번째, main은 하나만 있어야 합니다
7 03 21:29:32 <item4>	왜냐하면, 그래야 운영체제가 헤메지 않고 main을 찾아서 실행하기 때문입니다
7 03 21:29:40 *	toto (FIRC@*.*.*.*) has joined
7 03 21:29:40 *	ㅇㅈㅇ gives voice to toto
7 03 21:29:47 <item4>	두번째, { } 안에 무언가 더 들어가도 되는가 하는 부분은
7 03 21:29:52 <item4>	앞으로 열심히 넣을겁니다
7 03 21:30:15 <momo>	대략 어떤 방식으로 넣는 지... 힌트!
7 03 21:30:15 <item4>	무엇이 들어갈 수 있는지는 앞으로 배울거구요
7 03 21:30:31 <드류드류_>	아...! 감사합니다!
7 03 21:30:31 <item4>	예를들면 
7 03 21:30:36 <item4>	프로그램에 조건을 준다던가 
7 03 21:30:45 <item4>	구구단을 출력하려면 무언가 빙빙 도는게 필요하다던가
7 03 21:30:52 <item4>	여러가지가 있을 수 있겠죠
7 03 21:31:00 <item4>	그리고 lyn님의 질문
7 03 21:31:10 <item4>	()  안에 들어갈 수 있는 것
7 03 21:31:15 <item4>	네, 들어갈 수 있는게 있습니다
7 03 21:31:29 <lyn>	음. 네! 감사합니다
7 03 21:31:30 <item4>	이건 좀 고급에 속하므로 후에 다룰 예정입니다
7 03 21:32:10 <Jstring>	5,6 줄에 세미콜론은
7 03 21:32:15 <Jstring>	꼭 들어가야 하나요? 그렇다면 의미는요?
7 03 21:32:24 <item4>	아, 세미콜론이 설명이 빠졌군요
7 03 21:32:31 <item4>	세미콜론은
7 03 21:32:41 <item4>	하나의 동작 설명이 끝났다는 의미입니다
7 03 21:32:54 <item4>	printf("~~~"); 란것은
7 03 21:33:03 <item4>	printf("~~~") 로써 하나의 명령이다
7 03 21:33:06 <item4>	라는 의미가 되는것이죠
7 03 21:33:19 <Jstring>	아하 알겠습니다.
7 03 21:33:25 <Jstring>	그러면 줄이 바뀌어도 세미콜론이 없으면
7 03 21:33:33 <Jstring>	아직 명령이 끝나지 않았다고 해석가능한가요
7 03 21:33:39 <item4>	그럼 왜 int main()이나 #include <stdio.h>에는 안달리는지 궁금할 수 있을텐데
7 03 21:33:45 <item4>	이건 나중에 다루고
7 03 21:33:54 <item4>	;가 없이 줄을 넘어가면 에러가 날겁니다
7 03 21:34:14 <item4>	매 줄의 끝마다 ;는 따라 붙어야 한다고 이해하면 편합니다
7 03 21:34:42 <Notepad>	컨트롤문이나 반복문 등등 특정요소에 안 달리는데 나중에 코딩하다보면 언제 달지 안달지 깨달게 됩니다.
7 03 21:35:14 <item4>	다른 질문 있으신가요
7 03 21:36:16 <momo>	저는 없습니다.
7 03 21:36:19 <sz>	전 없습니다~
7 03 21:36:32 <귀여운머슴>	저도 없습니다~
7 03 21:36:46 <Jstring>	없습니다!
7 03 21:36:49 <lyn>	없습니다!
7 03 21:36:50 <T_T_T>	없습니다~
7 03 21:37:04 <812AAER5O>	없습니다.
7 03 21:37:29 <드류드류_>	없습니다.
7 03 21:37:37 <item4>	다른 질문 더 없으시면 오늘 내용은 여기까지로 정리하도록 하고
7 03 21:37:41 <item4>	오늘의 과제는
7 03 21:37:46 <item4>	오늘 만든 프로그램을 고쳐서
7 03 21:37:54 <item4>	자기가 출력하고 싶은 한마디를 출력하게 고쳐보세요
7 03 21:38:13 <item4>	닉네임도 한번 출력해보시고
7 03 21:38:17 <sz>	네 알겠습니다
7 03 21:38:21 <item4>	좌우명도 한번 해보시고
7 03 21:38:21 <드류드류_>	감사합니다!
7 03 21:38:27 <item4>	여러가지 출력 연습을 해보면서
7 03 21:38:32 <Jstring>	네 알겠습니다!
7 03 21:38:36 <item4>	아, 프로그램은 이런거구나 하는 감을 익혀주세요
7 03 21:38:43 <item4>	그리고 오늘 개발환경 안되서 실습 안되신분들은
7 03 21:38:47 <item4>	환경 교체 바랍니다
7 03 21:38:48 <812AAER5O>	네, 알겠습니다. 
7 03 21:39:03 <item4>	그리고 몇몇분들이 질문을 해주셨는데요
7 03 21:39:18 <item4>	"돈 내야하나요?" "후원이라도 해드려야하나요" 등등
7 03 21:39:33 <item4>	이 기획을 시작할때 돈 받고 해야하는거 아니냐는 이야기도 있었는데
7 03 21:39:53 <item4>	일단 저도 처음 리드해보는거니 유상은 아닌것 같아서 유상으로 시작하진 않기로 했습니다
7 03 21:40:12 <item4>	다만, 나는 돈을 써야지만 돈이 아까워서라도 공부가 될거 같다! 뭐 이런 심정이신분들은
7 03 21:40:23 <item4>	후원해주시면 거절하진 않겠습니다
7 03 21:40:36 <momo>	처음 진행하는 오늘 IRC 수업, 집중도 있고 좋았습니다.
7 03 21:40:36 <dcdc>	후원해야죠~ :) 
7 03 21:41:13 <item4>	하지만 무리하진 않으셨으면 합니다. 돈벌려고 스터디 계획한건 아니니까요
7 03 21:41:26 <item4>	모두가 즐겁게 서로서로 얻어가는게 있으면 된다는 생각입니다
7 03 21:41:43 <item4>	오늘은 그럼 여기서 마치도록 하겠습니다
7 03 21:41:48 <item4>	모두 수고하셨습니다. :)
7 03 21:41:55 <sz>	고생 많으셨어요 :)
7 03 21:41:58 <Jstring>	수업 좋았습니다. item4님 고생많으셨습니다! 
7 03 21:42:04 <Mathieu>	벌써 다음 시간이 기다려집니다. 수고하셨어요!
7 03 21:42:06 <귀여운머슴>	고생많으셨습니다~
7 03 21:42:13 <SEED>	수고하셨습니다.
7 03 21:42:19 <드류드류_>	감사합니다!
7 03 21:42:20 <lyn>	감사합니다!
7 03 21:42:22 <momo>	item4님, 고맙습니다. 행복한 밤입니다.
7 03 21:42:52 *	귀여운머슴 (d32bd2b6@web/*.*.*.*) has left ("")
7 03 21:42:57 *	Jstring has quit (Connection closed)
7 03 21:42:58 <812AAER5O>	네, 감사합니다. 수고하셨습니다.
7 03 21:43:12 <nolboo>	수고많으셨습니다!
7 03 21:43:19 <T_T_T>	수고 많으셨습니다 :)
7 03 21:43:26 *	foyfome (747caf3d@web/*.*.*.*) has joined
7 03 21:43:26 *	ㅇㅈㅇ gives voice to foyfome
7 03 21:43:37 *	nolboo has quit (Client exited)
7 03 21:43:37 <dcdc>	선생님!!
7 03 21:43:38 <item4>	----- 여기까지 내용이 저장됩니다. ------------------------------------