7 21 19:30:52 <item4>	안녕하세요.
7 21 19:31:00 <item4>	오늘은 약속대로, 30분에 바로 시작하도록 하겠습니다
7 21 19:31:16 <item4>	지난시간 배운거 생각나는대로 나눠보는 시간을 가져보도록 하겠습니다
7 21 19:31:43 <item4>	지난시간 배운것중 가장 인상깊은건 무엇인가요?
7 21 19:32:13 <dcdc>	네...
7 21 19:32:17 <NoBrain>	에..=_=
7 21 19:32:26 <NoBrain>	전 오늘 첫 참석이라 열심히 경청하도록 하겠습니다.
7 21 19:32:34 <Jstring>	링크거는거 신기했어요
7 21 19:32:36 <JW>	<h1~5> 와 <a href> 태그요
7 21 19:32:43 <item4>	네. 링크거는것을 했었죠
7 21 19:32:59 <item4>	h1 ~ 6 도 다뤄봤습니다
7 21 19:33:22 <item4>	전반적으로 위키 흉내를 내봤었는데요. 할만하셨는지요
7 21 19:33:29 <NoBrain>	아. HTML 태그 였네요.
7 21 19:33:31 <grimb>	네, 재밌었습니다.
7 21 19:33:31 <JW>	네ㅎ
7 21 19:33:45 <Jstring>	네! 괜찮았습니다ㅎㅎ
7 21 19:34:33 *	jason_ (jason@*.*.*.*) has joined
7 21 19:34:33 *	ㅇㅈㅇ gives voice to jason_
7 21 19:34:37 <item4>	지난시간 프로그래밍 그룹은 과제를 같이 풀어보는 시간을 가졌지만, 이번껀 다시 풀어볼만큼 어렵진 않았다고 생각하기에
7 21 19:34:53 <item4>	일단 진도를 더 나가보도록 하겠습니다
7 21 19:35:15 <JW>	넵
7 21 19:35:31 <item4>	오늘도 위키 흉내를 내봤으면 좋겠는데, 잠시만요
7 21 19:35:59 <NoBrain>	네
7 21 19:37:01 <item4>	적당한 문서 찾기가 힘들군요
7 21 19:38:18 <item4>	자, 그럼 우리가 익숙하게 보는 문서를 해보도록 하겠습니다
7 21 19:38:44 <item4>	https://github.com/item4/StudyGroup/tree/master/1%28130703%2C130707%29/Webpage/130714
7 21 19:38:58 <item4>	오늘은 이 문서를 따라해보도록 하겠습니다
7 21 19:39:23 <item4>	페이지를 다 따라하는건 역시 아니구요
7 21 19:39:28 <NoBrain>	네
7 21 19:39:33 <item4>	1기 온라인 ~
7 21 19:39:34 <item4>	부터
7 21 19:39:41 <item4>	우기시면 안됩니다.
7 21 19:39:46 <NoBrain>	ㅎㅎ
7 21 19:39:46 <item4>	까지를 따라해볼겁니다
7 21 19:39:52 <NoBrain>	넵
7 21 19:40:24 <item4>	자, 일단 이제까지 배운것이 여기에 뭐뭐가 있나 봐봅시다
7 21 19:40:38 <item4>	보이는걸 말씀해주세요
7 21 19:40:41 *	claire (709bf063@web/*.*.*.*) has joined
7 21 19:40:41 *	ㅇㅈㅇ gives voice to claire
7 21 19:40:56 <NoBrain>	H 태그랑... a 태그랑..
7 21 19:41:09 <JW>	p태그
7 21 19:41:09 <NoBrain>	요?
7 21 19:41:12 <NoBrain>	아
7 21 19:42:09 <item4>	음
7 21 19:42:18 <item4>	일단 h1, h2는 쓰이는것 같습니다
7 21 19:42:26 <item4>	item4 온라인 스터디 라는 부분에는 a도 보이네요
7 21 19:42:38 <item4>	근데, 나머지는 보니까 
7 21 19:42:41 <item4>	앞에 동그라미가 있습니다
7 21 19:42:55 <item4>	드래그래도 선택이 안됩니다. 한번 직접 확인해주세요
7 21 19:43:12 <JW>	네
7 21 19:43:19 <Jstring>	예 드래그 안되네요
7 21 19:43:21 <grimb>	네
7 21 19:43:35 <NoBrain>	네
7 21 19:43:41 <item4>	특성으로 보기에, 이건 아직 안배운 종류 같습니다
7 21 19:43:47 <item4>	오늘은 이것을 해볼 예정입니다
7 21 19:44:04 <item4>	사실 지난시간 따라했던 문서에도 슬쩍 나왔었는데
7 21 19:44:12 <item4>	일단 그때는 p인척 하고 넘어갔지만
7 21 19:44:16 <jason_>	아 근데 h태그 앞에 마우스 되면은 나타나는것 몬지 알 수 있습니까?
7 21 19:44:17 <item4>	저게 뭔지는 이번시간에 밝혀지는거죠
7 21 19:44:35 <item4>	h태그로 보이는것들 위에 마우스를 올리면
7 21 19:44:43 <item4>	무언가 앞에 생기는걸 볼 수 있는데요
7 21 19:44:51 <item4>	위키백과도 한번 봐볼까요
7 21 19:45:09 <item4>	위키백과는 안되네요. 음.. 어디가 있더라
7 21 19:45:24 <item4>	여튼, 문서에 일부분에 마우스를 올리면 무언가 나타나는 사이트들이 종종 보일겁니다
7 21 19:45:52 <item4>	당연히, HTML 본연의 기능은 아닙니다
7 21 19:45:56 <NoBrain>	아
7 21 19:45:57 <NoBrain>	네
7 21 19:46:32 <item4>	마우스를 올리는걸 css에선 hover, javascript에선 mouse 이벤트라고 하는데요
7 21 19:46:52 <item4>	이번껀 움직이는 효과가 있으므로 javascript로 예상할 수 있습니다
7 21 19:47:25 <item4>	자, 다시 본론으로 돌아와봅시다
7 21 19:47:34 <item4>	앞에 점이 붙은 저것은
7 21 19:47:40 <item4>	무언가를 나열하고 있는것 같습니다
7 21 19:48:55 <item4>	우리는 이렇게 나열해서 출력하는걸
7 21 19:48:59 <item4>	목록이라고 부르죠
7 21 19:49:32 <JW>	넵
7 21 19:49:41 <NoBrain>	목록 네
7 21 19:50:03 <item4>	이번에는 목록을 따래해보겠습니다
7 21 19:50:28 <item4>	이번시간에는 목록을 세가지 다뤄볼겁니다
7 21 19:50:33 <item4>	두가지는 일반적으로 배울 수 있는데
7 21 19:50:43 <item4>	나머지 하나는 왠진 몰라도 건너 뛰는 물건입니다
7 21 19:51:23 <item4>	자, 일단 그 종류부터 말씀드리자면
7 21 19:51:27 <item4>	1. 순서가 있는 목록
7 21 19:51:31 <item4>	2. 순서가 없는 목록
7 21 19:51:34 <item4>	3. 정의 목록
7 21 19:51:49 <item4>	.. 문제, 제가 위에 쓴 목록은 세가지중 어떤 목록일까요
7 21 19:52:18 <jason_>	3
7 21 19:52:25 <호크마>	2
7 21 19:52:47 <grimb>	3
7 21 19:52:49 <Jstring>	2
7 21 19:53:04 <item4>	다들 고도의 낚시 아닐까 하고 경계하고 계신것 같은데
7 21 19:53:09 <item4>	답은 1번입니다
7 21 19:53:14 <item4>	1,2,3 순서대로 적어놓았죠
7 21 19:53:18 <item4>	순서가 있는 목록입니다
7 21 19:53:33 <호크마>	...아 그 위가 저 위였군요...
7 21 19:53:42 <Jstring>	ㅎㅎ저도 착각을
7 21 19:53:49 <item4>	만약, 제가 이렇게 적었다면 어떻게 될까요
7 21 19:53:52 <grimb>	저도..ㅎㅎ
7 21 19:53:55 <item4>	- 순서가 있는 목록
7 21 19:53:58 <item4>	- 순서가 없는 목록
7 21 19:54:00 <item4>	- 정의 목록
7 21 19:54:16 <item4>	자, 이러면 몇번째것에 속할까요
7 21 19:54:17 <Jstring>	2
7 21 19:54:24 <grimb>	2
7 21 19:54:27 <호크마>	2
7 21 19:54:28 <jason_>	2
7 21 19:54:32 <NoBrain>	2
7 21 19:54:35 <NoBrain>	3333
7 21 19:54:40 <item4>	네. 이번엔 2입니다
7 21 19:54:43 <NoBrain>	헉
7 21 19:54:44 <NoBrain>	-ㅁ-
7 21 19:55:01 <item4>	먼저, 만만한(?) 2번부터 해보겠습니다
7 21 19:55:12 <item4>	html 기본 폼을 작성해주시고
7 21 19:55:34 <item4>	    Whitespace
7 21 19:55:34 <item4>	    HTML, CSS, Javascript
7 21 19:55:34 <item4>	    block과 inline
7 21 19:55:34 <item4>	    헤드라인
7 21 19:55:34 <item4>	    의미 부여
7 21 19:55:34 <item4>	    위키 따라하기
7 21 19:55:41 <item4>	이 목록을 작성해볼건데요
7 21 19:56:01 <item4>	일단 p를 써서 나열만 해봅시다
7 21 19:58:38 <item4>	http://jsfiddle.net/V7cLs/
7 21 19:58:42 <item4>	이런식이 되려나요
7 21 19:58:46 <item4>	(오른쪽 하단을 봐주세요)
7 21 19:59:09 <item4>	근데 이래선 목록이 아니라 문단이 여러개 있을 뿐입니다
7 21 20:00:10 <item4>	우리는 생각해봅니다
7 21 20:00:26 <item4>	아, 귀찮은데, 이걸 자동으로 목록으로 인식해주면 안되나?
7 21 20:00:41 <item4>	하지만 컴퓨터는 바보상자입니다. 그런 친절한 기능은 탑재되어있지 않습니다
7 21 20:01:03 <item4>	컴퓨터에게 알려줘야 하는건 두가지가 있습니다
7 21 20:01:13 <item4>	어디서부터 어디까지가 목록에 들어갈건지와
7 21 20:01:23 <item4>	어떤것들이 목록의 내용인지 구분해줘야합니다
7 21 20:02:03 <grimb>	네
7 21 20:02:16 <item4>	첫번째 역할을 하는게 list를 정의해주는 태그, 여기서 써볼건 ul 이구요
7 21 20:02:25 <item4>	두번째 역할을 하는건 li 라는 태그입니다
7 21 20:03:29 <item4>	http://jsfiddle.net/V7cLs/2/
7 21 20:03:32 <item4>	이렇게 고쳐봅시다
7 21 20:03:38 <item4>	결과물은 오른쪽 하단
7 21 20:03:43 <item4>	소스는 왼쪽 위를 봐주세요
7 21 20:04:38 <item4>	자, 다 확인 하셨나요
7 21 20:04:48 <NoBrain>	네
7 21 20:04:50 <item4>	자신의 컴퓨터에도 소스를 저장해서 같은 결과가 나오나 확인해봅시다
7 21 20:06:38 <grimb>	네,. 확인하였습니다.
7 21 20:06:56 <item4>	자, 이제 앞에 동그라미가 붙어 나오는걸 확인할 수 있습니다
7 21 20:07:15 <item4>	ul은 unordered list의 약자이구요
7 21 20:07:21 <item4>	li는 list 의 약자입니다
7 21 20:07:39 <item4>	소스를 보면 이렇습니다
7 21 20:07:43 <item4>	    <ul>
7 21 20:07:43 <item4>	    <li>Whitespace</li>
7 21 20:07:43 <item4>	    <li>HTML, CSS, Javascript</li>
7 21 20:07:43 <item4>	    <li>block과 inline</li>
7 21 20:07:43 <item4>	    <li>헤드라인</li>
7 21 20:07:43 <item4>	    <li>의미 부여</li>
7 21 20:07:43 <item4>	    <li>위키 따라하기</li>
7 21 20:07:43 <item4>	    </ul>
7 21 20:07:52 <item4>	전체적으로 ul이 감싸주고 있고
7 21 20:07:58 <item4>	각 항목은 li로 감싸져있습니다
7 21 20:08:35 *	환상경 (khmirage@*.*.*.*) has joined
7 21 20:08:36 *	ㅇㅈㅇ gives voice to 환상경
7 21 20:08:43 <item4>	그 결과가 이렇게 나왔는데 여기까진 이해 되시나요
7 21 20:08:51 <claire>	넵
7 21 20:09:05 <item4>	자 그럼 이제 이걸
7 21 20:09:06 <grimb>	네
7 21 20:09:11 <item4>	순서가 있는 목록으로 바꿔보겠습니다
7 21 20:09:36 <dcdc>	네
7 21 20:09:44 <item4>	ul을 ol 로 바꿔주세요
7 21 20:10:18 <item4>	http://jsfiddle.net/V7cLs/3/
7 21 20:10:22 <item4>	이렇게 바꾸시면 됩니다
7 21 20:10:32 <NoBrain>	오호
7 21 20:11:01 <grimb>	번호가 생겼습니다.
7 21 20:11:12 <item4>	이번엔 앞에 번호가 붙었습니다
7 21 20:11:15 <dcdc>	오
7 21 20:11:30 <item4>	드래그 해보면 숫자는 선택도 안되는걸 확인할 수 있습니다
7 21 20:11:46 <claire>	넹넹
7 21 20:11:49 <dcdc>	네네
7 21 20:11:56 <item4>	이것이 ol과 ul입니다
7 21 20:12:04 <item4>	자, 그럼 한번 실습을 해봅시다
7 21 20:12:09 <item4>	https://github.com/item4/StudyGroup/tree/master/1%28130703%2C130707%29/Webpage/130714
7 21 20:12:10 <item4>	에서
7 21 20:12:11 <item4>	나머지
7 21 20:12:25 <item4>	사용파일과 저작권 파트를 자기손으로 목록태그로 나열해보되
7 21 20:12:32 <item4>	사용파일은 순서가 없는 목록
7 21 20:12:39 <item4>	저작권은 순서가 있는 목록으로 표현해보세요
7 21 20:13:01 <item4>	공지사항 부분은 과제라고 써놓긴 했는데
7 21 20:13:07 <item4>	그냥 지금 해치웁시다
7 21 20:13:17 <item4>	8시 18분까지 해보겠습ㄴ디ㅏ
7 21 20:13:23 <item4>	니다*
7 21 20:13:41 <NoBrain>	넵
7 21 20:14:11 <claire>	넵
7 21 20:19:13 <item4>	자, 다 풀으셨나요
7 21 20:20:02 <claire>	넵 휴으..
7 21 20:20:07 <NoBrain>	넵
7 21 20:20:15 <dcdc>	좀만 더요~~
7 21 20:20:22 <item4>	네. 22분까지 해보겠습니다
7 21 20:23:19 <item4>	자. 다 되셨나요
7 21 20:23:29 <dcdc>	네
7 21 20:24:26 <item4>	http://jsfiddle.net/V7cLs/4/
7 21 20:24:32 <item4>	이런 형태로 나오고 있다면 맞게 푸신겁니다
7 21 20:25:59 <grimb>	네. 제대로 풀었습니다~
7 21 20:26:21 <item4>	자, 이제까지 해서 순서가 있는 목록, 없는 목록
7 21 20:26:25 <item4>	두가지를 해봤습니다
7 21 20:26:35 <item4>	그럼, 정의목록은 뭘까요?
7 21 20:27:12 <item4>	일단 봐보도록 하겠습니다
7 21 20:27:14 <item4>	http://jsfiddle.net/MwZWV/
7 21 20:28:08 <item4>	자, 어떤 용도 같나요
7 21 20:28:50 <grimb>	물음과 그 물음에 대한 답?
7 21 20:30:12 <claire>	정해진 형식에 따라 목록 이름과 목록의 내용을 구분하기 위한 것인가요? 
7 21 20:30:25 <item4>	정의 목록 이라고 불렀는데
7 21 20:30:30 <dcdc>	옛날 테이블 구조랑 좀 비슷한데요...
7 21 20:30:34 <item4>	여기서 정의란, justice 말고
7 21 20:30:45 <item4>	define의 정의 입니다
7 21 20:30:55 <item4>	말 그대로 무언가를 정의하는 목록인데요
7 21 20:31:18 <item4>	어떠한 용어에 대해 설명과 같이 쓸때 씁니다
7 21 20:32:03 <item4>	지금 예제에선 오늘 스터디에 대해 정의를 해보고 있는데요
7 21 20:32:29 <item4>	보기에, 각 위치로 구별이 가능합니다
7 21 20:32:32 <item4>	누가
7 21 20:32:34 <item4>	나와 여러 사람들이
7 21 20:32:46 <item4>	공백 위치가 다르죠
7 21 20:33:00 <item4>	이런식으로, 어떤 용어와
7 21 20:33:12 <item4>	그 용어의 정의를 서술할때 사용하는것이 정의 목록입니다
7 21 20:33:36 <item4>	표와 비슷하다고 하셨는데, 표와 비슷한 관계로 별로 쓰이진 않습니다..
7 21 20:33:49 <item4>	표에 비해서 말이죠
7 21 20:34:30 <dcdc>	네
7 21 20:34:36 <item4>	실제 예를 보여드리기 힘든것도
7 21 20:34:41 <item4>	쓰는곳을 찾기가 힘듭니다
7 21 20:34:55 <item4>	사용한다 해도 적어도 지금 보이는 이 형태로는 쓰고있지 않습니다
7 21 20:35:14 <item4>	CSS를 통해 출력되는 방식을 뜯어고쳐서 사용하고 있지요
7 21 20:35:46 <item4>	자. 일단 여기까지 오면서 궁금한점 있으시면 말씀해주세요
7 21 20:36:21 <jason_>	오늘은 좀 무난한 것 같습니다.
7 21 20:37:47 <dcdc>	그런거 같아요.
7 21 20:37:56 <dcdc>	확실히 프로그램보다 100만배 쉽네요.
7 21 20:38:03 <grimb>	특별히 의문점이 있지는 않습니다.
7 21 20:38:21 <item4>	자, 그럼 오늘 내줄 어마어마한 과제(?)에 대비해서
7 21 20:38:26 <item4>	10분만 휴식을 갖도록 하겠습니다
7 21 20:38:31 <item4>	48분에 이어서 시작합니다
7 21 20:38:37 <claire>	:) 넵
7 21 20:38:43 <dcdc>	네~~
7 21 20:49:27 <jason_>	시작
7 21 20:50:07 <item4>	오늘 내드릴 과제는
7 21 20:50:13 <item4>	ol태그를 활용한
7 21 20:50:16 <item4>	100문 100답입니다
7 21 20:50:37 <claire>	헛.넵
7 21 20:50:57 <item4>	근데 100문 100답을 하려면
7 21 20:51:09 <item4>	조금 더 시각적인 효과? 이런걸 낼 줄 알아야 할 것 같습니다
7 21 20:51:25 <grimb>	헉...
7 21 20:51:28 <item4>	그래서 과제 돌입에 앞서서
7 21 20:51:37 <item4>	몇가지 인라인 태그를 알아보도록 하겠습니다
7 21 20:52:11 <grimb>	네
7 21 20:52:45 <item4>	먼저, 지난번에 강조에 의미로 strong을 쓴다고 알아봤는데요
7 21 20:53:12 <item4>	strong보다 약하지만 강조의 의미를 가진 태그가 있습니다
7 21 20:53:21 <item4>	이름은 em 태그입니다
7 21 20:53:31 <item4>	직접 한번 써보도록 하겠습니다
7 21 20:55:07 <item4>	http://jsfiddle.net/4yGJd/
7 21 20:55:14 <item4>	이런 형태로 작성해나갈겁니다
7 21 20:55:52 <grimb>	네
7 21 20:56:03 <claire>	넵
7 21 20:56:32 *	NoBrain has quit (Connection closed)
7 21 20:56:36 <item4>	em태그는 어떻게 보이는 것 같나요
7 21 20:56:42 <jason_>	기울임
7 21 20:57:08 <jason_>	근데 ol로 백문 백답을 하면은 1.질문 2. 답 3.질문 4.답 이런식인가요?
7 21 20:57:31 <item4>	그 부분은 잠시 뒤에 설명드릴게요
7 21 20:57:39 <jason_>	네
7 21 20:57:52 <item4>	기울임으로 강조라고 하기엔 좀 약하지 않냐는 질문이 왔는데요
7 21 20:58:02 <item4>	이건 .. 솔직히 보기에 강조되보이진 않습니다
7 21 20:58:11 <item4>	하지만 문장이 영어일 경우라면 
7 21 20:58:23 <item4>	보통의 알파벳과 기울여진 알파벳은 느낌이 다르니까요
7 21 20:58:31 <item4>	한국어의 기울임과는 느낌이 좀 다른가봅니다
7 21 20:58:44 <item4>	The HTML <em> element (or HTML Emphasis Element) marks text that has stress emphasis.
7 21 20:58:48 <item4>	.. 라고 정의되어 있습니다
7 21 20:58:55 <item4>	일단 용도는 강조라고 볼 수 있습니다
7 21 20:59:27 <jason_>	strong 이나 em은 그럼 css는 아니죠? html 언어죠?
7 21 20:59:39 <item4>	네
7 21 20:59:48 <item4>	기본적으로 기울여져 보이긴 하지만
7 21 20:59:54 <item4>	기울이기 위해서 저걸 써선 안됩니다
7 21 21:00:42 <item4>	굵게하고, 밑줄을 그었고
7 21 21:00:55 <item4>	아니, 이제 밑줄을 그어봐야겠군요
7 21 21:01:16 <item4>	일단 밑줄을 긋는건 u 태그를 통해서입니다
7 21 21:01:36 <item4>	근데 u태그는
7 21 21:01:41 <item4>	밑줄을 긋는 용도가 아닙니다
7 21 21:01:58 <item4>	In HTML5, this element represents a span of text with an unarticulated, though explicitly rendered, non-textual annotation, such as labeling the text as being a proper name in Chinese text (a Chinese proper name mark), or labeling the text as being misspelled.
7 21 21:02:39 <item4>	용도가 이렇게 정의되어있는데요
7 21 21:02:43 <item4>	HTML5 이전엔
7 21 21:02:50 <item4>	이런 용도조차 없었고
7 21 21:02:57 <item4>	HTML5가 아니면 써선 안되는 태그입니다
7 21 21:03:34 <item4>	예를 들어서 중국어 이름이나 
7 21 21:03:51 <item4>	스펠링이 잘못된 부분에 강조를 해주는 용도라고 정의되어 있는데요
7 21 21:04:06 <item4>	그럼, 그냥 밑줄만 그을거면 어떻게 해야할까요?
7 21 21:04:26 <item4>	자, 지금은 이해를 포기하고 일단 외웁시다
7 21 21:04:48 <item4>	<span style="text-decoration:underline;">밑줄</span>
7 21 21:05:13 <item4>	자, <u>밑줄</u>과 <span style="text-decoration:underline;">밑줄</span>
7 21 21:05:18 <item4>	두가지를 비교해보세요
7 21 21:06:12 <grimb>	보여지는 건 같은 거 같습니다.
7 21 21:06:15 <claire>	보기엔 똑.. 같아요;; ^^;; 
7 21 21:06:28 <item4>	외관상으론 같지만
7 21 21:06:36 <item4>	실제 의미하는 바가 다릅니다
7 21 21:07:07 <item4>	자, 일단은 외우자고 했는데
7 21 21:07:11 <item4>	간단히 틀만 봐봅시다
7 21 21:07:19 <item4>	<span style="text-decoration:underline;">밑줄</span>
7 21 21:07:27 <item4>	일단 span 이란 태그인 것 같습니다
7 21 21:07:32 <item4>	속성으로 style이란걸 가지고 있고
7 21 21:07:39 <item4>	안엔 뭔진 몰라도 속성을 준 것 같은데
7 21 21:07:44 <item4>	underline이란게 보이네요
7 21 21:08:12 <item4>	먼저, span이란 태그에 대해 알아야 합니다
7 21 21:08:26 <item4>	<span>span</span> 해봅시다
7 21 21:09:49 <grimb>	했습니다.
7 21 21:09:56 <item4>	자, 어떤가요?
7 21 21:10:22 <item4>	아무런 변화가 없을겁니다
7 21 21:10:27 <dcdc>	밑줄이 없어졌는데요?
7 21 21:10:30 <item4>	네
7 21 21:10:35 <item4>	아무 효과가 없을거에요
7 21 21:10:39 <item4>	밑줄도 없고
7 21 21:10:41 <grimb>	일반 텍스트와 별 차이는 없어 보입니다.
7 21 21:10:43 <item4>	강조도 없고
7 21 21:10:47 <item4>	일반 텍스트 그 자체입니다
7 21 21:11:00 <item4>	span은 일반 텍스트의 일부를 선택만 하는 역할을 합니다
7 21 21:11:12 <item4>	특정 영역을 지정한 다음
7 21 21:11:22 <item4>	아까 style="text-decoration:underline;" 같은걸로
7 21 21:11:39 <item4>	꾸민다던가 하는것이 가능합니다
7 21 21:11:59 <item4>	이제까지 
7 21 21:12:11 <item4>	굵게하고, 밑줄긋고, 기울이고 하는걸 알아봤는데요
7 21 21:12:26 <item4>	사실 같은 느낌으로 출력해주는것들이 좀 더 있습니다
7 21 21:12:38 <item4>	먼저, 지난시간에 다뤘지만
7 21 21:12:47 <item4>	<b>b</b> 해봅시다
7 21 21:13:55 <jason_>	굻게 나오네요
7 21 21:13:59 <jason_>	굵게
7 21 21:14:12 <jason_>	strong이랑 같은 건가요?
7 21 21:14:36 <item4>	네. b도 굵게 나옵니다
7 21 21:14:49 <jason_>	의미도 같은 건가요?
7 21 21:15:01 <item4>	하지만 의미는 다릅니다
7 21 21:15:56 <jason_>	의미도 가르쳐주세요.....
7 21 21:16:47 <item4>	http://jsfiddle.net/4yGJd/2/
7 21 21:16:52 <item4>	일단 이런식으로 정리가 가능하고
7 21 21:16:58 <item4>	b는 strong과 달리
7 21 21:17:05 <item4>	문장에서 강조는 해야겠는데
7 21 21:17:10 <item4>	실제 강조의 의미는 없을때 씁니다
7 21 21:17:15 <item4>	지난 시간에도 설명했지만
7 21 21:17:21 <item4>	이목 끌기용 같은 느낌입니다
7 21 21:18:07 <item4>	Represents a text which to which attention is drawn for utilitarian purposes . It doesn't convey extra importance and doesn't imply an alternate voice.
7 21 21:18:12 <item4>	라고 정의되어있습니다
7 21 21:18:37 <item4>	"여기는 좀 잘 봐주세요~" 같은 의미로 해석하시면 되겠습니다
7 21 21:18:54 <item4>	실제로 검색엔진들은 b를 strong처럼 해석하는 경향이 있습니다
7 21 21:19:18 <item4>	하지만, 그런 이유도 아니라면 b는 써선 안됩니다. 그냥 글자가 굵기 원하는거면
7 21 21:19:26 <item4>	<span style="font-weight:bold;">볼드</span>
7 21 21:19:30 <item4>	이런식으로 써주시면 됩니다
7 21 21:19:35 <jason_>	u나 b는 그럼 html5에서 사용하는 빈도가 어떻습니까?
7 21 21:19:57 <item4>	u의 경우라면 중국에선 좀 높겠군요
7 21 21:20:10 <item4>	b는 많이 쓰일겁니다
7 21 21:20:13 <dcdc>	중국에서 왜 u 사용이 높은거죠?
7 21 21:20:21 <item4>	그 원인은, HTML4에서 5로 올라올때
7 21 21:20:22 <dcdc>	b도 그렇고요...?
7 21 21:20:24 <item4>	별 탈이 없고요
7 21 21:20:33 <item4>	u는 중국어 이름등을 강조할 때 쓰이는데요
7 21 21:20:40 <jason_>	여튼 많이들 쓰는 태그네요. 전부.......
7 21 21:20:45 <item4>	지명등을 표현할때는 
7 21 21:20:52 <item4>	중국어는 읽는법이 다르다던가 그런게 있나봅니다
7 21 21:21:03 <item4>	그런것을 표현해줄때 사용되는것입니다
7 21 21:21:20 <item4>	자, 좀 더 혼란속에 빠져봅시다
7 21 21:21:28 <item4>	<i>i</i> 해봅시다
7 21 21:22:16 <jason_>	슬러쉬?
7 21 21:22:35 <jason_>	아니구나
7 21 21:22:40 <jason_>	기울임인데
7 21 21:23:02 <item4>	네. 기울임입니다
7 21 21:23:07 <jason_>	b u i 이런거 워드에서 컨트롤 하고 하면 하는 효과랑 다 똑같은거 아니예요?
7 21 21:23:25 <item4>	네. 그렇다고 보시면 되겠네요
7 21 21:23:33 <item4>	i의 경우에도 기울임이 발생합니다
7 21 21:23:38 <item4>	그럼 em과는 뭐가 다를까요
7 21 21:24:01 <jason_>	보기에는 똑같은대요.
7 21 21:24:02 <jason_>	ㅎㅎ
7 21 21:24:13 <item4>	i또한 b나 u와 같이
7 21 21:24:21 <item4>	HTML5 이전 버전에선 비권장 요소입니다
7 21 21:24:27 <item4>	HTML5니까 허용되는 요소이구요
7 21 21:24:38 <item4>	일단 정의상으론 이렇습니다
7 21 21:24:39 <item4>	 	Represents some text in an alternate voice or mood, or at least of different quality, such as a taxonomic designation, a technical term, an idiomatic phrase, a thought, or a ship name.
7 21 21:25:33 <item4>	... 좀 설명이 긴데
7 21 21:25:39 <item4>	다른 목소리
7 21 21:25:43 <item4>	분위기 
7 21 21:26:12 <item4>	양에 관한거라던가.. 에 쓰입니다
7 21 21:26:25 <jason_>	근데 꼭 이런 의미에 맞혀서 태그를 사용해야하나요? 다른 의미로 사용자 마음대로 사용하면 안 되는건가요?
7 21 21:27:14 <item4>	음. 방금 하신 말씀은 이런 느낌입니다
7 21 21:27:21 <grimb>	소설 같은데서 쓰이는 기울임이라고 생각하면 편할 것 같습니다.
7 21 21:27:41 <item4>	'나는 가/이를 구분해서 쓰는건 귀찮으니까 모두 가 라고 쓸거야.'
7 21 21:27:59 <item4>	일단 당장에 아무 탈은 없습니다
7 21 21:28:04 <item4>	문서 보이는것에도 아무 문제가 없습니다
7 21 21:28:34 <item4>	하지만 나중에 문서를 뜯어봤을때 여기에 왜 이걸 썼는지 알기가 힘들어집니다
7 21 21:30:24 <item4>	이 문제가 가장 불거진 예를 들자면 표가 있습니다
7 21 21:30:35 <item4>	XHTML 이전 사이트들은 죄다 표로 만들어져있었습니다
7 21 21:31:10 <item4>	그 이유는 CSS로 사이트를 꾸미기 힘들 시절 어느 외국인이 사이트를 맞추기 쉽게 하는 전략으로 사이트 요소를 죄다 표에 넣는 방법을 찾아서 그것이 널리 퍼진 여파인데요
7 21 21:31:19 <item4>	HTML은 하나의 문서 약속입니다
7 21 21:31:26 <item4>	표라면 표에 담을만한 내용이 들어가야하는데
7 21 21:31:31 <item4>	표에다가 디자인을 먹이고 있습니다
7 21 21:31:54 <dcdc>	여기서 표라 하면 '테이블'을 말하는건가요?
7 21 21:31:55 <item4>	안타깝게도 아직도 많은 홈페이지 제작사들이 표를 이용한 레이아웃을 만들고 있죠
7 21 21:32:01 <item4>	네. 테이블을 말합니다
7 21 21:32:08 <dcdc>	어휴... 그건 말도 안되는 짓이죠.
7 21 21:32:18 <item4>	한글 문서를 꾸미기 귀찮다고 표를 만들어서 그 안에 모두 꾸며넣은거라고 생각하시면 됩니다
7 21 21:32:25 <dcdc>	저희 회사는 그랬다간 바로 퇴직처리시킵니다.
7 21 21:32:36 <dcdc>	네... 꼼수네요. :(
7 21 21:33:06 <item4>	책 이름에는 무엇을 써야하냐는 질문도 받았는데요
7 21 21:33:13 <item4>	책 이름같은것엔 
7 21 21:33:18 <item4>	cite란 태그를 사용하고
7 21 21:33:27 <item4>	.. 좀 정신이 없습니다
7 21 21:33:33 <item4>	솔직히 다 지키긴 너무 힘들어요
7 21 21:33:40 <item4>	귀찮아서 태그 먹이는걸 생략하곤 합니다
7 21 21:33:51 <item4>	하지만 의미를 정확하게 문서에 박아두고 싶다면
7 21 21:33:58 <item4>	태그를 올바르게 사용하는편이 좋을 것 같습니다
7 21 21:34:22 <item4>	자, 벌써 시간이 이렇게 되버렸네요
7 21 21:34:35 <jason_>	태그 의미 정리한 것 좀 나중에 사이트에 올려주세요.ㅎㅎ
7 21 21:34:39 <item4>	마지막으로 가장 쓰임새가 좋은 하나만 알아보고 마치겠습니다
7 21 21:34:51 <item4>	그리고 태그 사전은 이번에 리체님께서 생활코딩에 올리신것으로 알고 있습니다
7 21 21:35:00 <jason_>	아 진짜요
7 21 21:35:02 <jason_>	네
7 21 21:35:02 <item4>	아직 저도 내용은 안훑어봤는데 그쪽 참고하시면 도움이 많이 될 것 같네요
7 21 21:35:10 <jason_>	감솨
7 21 21:35:42 <item4>	자, 이번에 100문 100답을 하는데 과연
7 21 21:35:53 <item4>	제목과 내용을 어떻게 분리할 것인가
7 21 21:36:00 <item4>	일단 생각나는것으론
7 21 21:36:14 <item4>	dl로 한다음 1. ~~~~  이런식으로 쪼개는 방법도 있을 것 같은데
7 21 21:36:26 <item4>	숫자를 다 붙이자니 내키지 않는분도 있을 것 같습니다.
7 21 21:36:37 <item4>	정의라는 용도에도 부합하지 않는 것 같습니다
7 21 21:37:02 <item4>	근데 그렇다고 <h1>1. 이름은?</h1> 이런건 너무 끔찍합니다
7 21 21:37:17 <item4>	헤드라인이 100개나 되는 문서는 솔직히 심했죠
7 21 21:37:35 <item4>	일단 이번엔 ol을 쓰겠습니다
7 21 21:37:46 <item4>	근데, 그래선 제목과 본문이 구분이 안되니까
7 21 21:37:50 <item4>	이렇게 해보겠습니다
7 21 21:38:17 <item4>	<b>이름은?</b><br />홍길동
7 21 21:38:22 <item4>	처음 보는 녀석이 나왔습니다
7 21 21:38:43 <item4>	이것은 줄을 나눠주는 역할을 합니다
7 21 21:38:50 <item4>	강제 개행이라고 할 수 있겠습니다
7 21 21:38:58 <item4>	원래 문장은 끝까지 간다음 내려와야하지만
7 21 21:39:06 <item4>	이것을 이용하면 강제로 줄바꿈을 시킬 수 있습니다
7 21 21:39:38 <item4>	이것을 이용하면 이번 과제는 수행이 가능할 것 같습니다
7 21 21:39:49 <item4>	다른 질문 있으신지요
7 21 21:40:23 <jason_>	아뇨
7 21 21:40:27 <jason_>	없습니다. 수고하셨습니다.
7 21 21:40:31 <jason_>	강의 너무 재미있네요.
7 21 21:40:51 <item4>	100문 100답을 해보는것은
7 21 21:41:01 <item4>	여기엔 뭘 써볼까 고민하면서
7 21 21:41:19 <item4>	직접 태그들을 실습해보는데에 그 목적이 있습니다
7 21 21:41:34 <jason_>	네
7 21 21:41:37 <item4>	100문 100답은 인터넷에서 구할 수 있는것 아무거나 사용하셔도 되고, 직접 만드셔도 됩니다
7 21 21:42:31 <claire>	음..넵 저 100문 100답에서 방금 알려주신 <br />과 함께 ol을 사용해야 하는 거 맞나요? 1,2,3,4~~ 숫자를 붙여야 하는 건지 궁금합니다.
7 21 21:42:45 <item4>	ol에는 자동으로 숫자가 붙어나오니까
7 21 21:42:56 <item4>	*.*.*.* 이런 숫자는 따로 안붙이셔도 될 것 같습니다
7 21 21:42:58 <dcdc>	아까 <b>는 사용하지 말아야 한다고 하지 않으셨나요? 
7 21 21:43:06 <claire>	넵
7 21 21:43:12 <item4>	b는 HTML5 이전에는 사용하면 안된다고 한것입니다
7 21 21:43:12 <dcdc>	<strong>으로 써도 될까요?
7 21 21:43:21 <item4>	쓰면 안되는건 알려드리지 않았겠죠.. ^^;;
7 21 21:43:26 <dcdc>	아네...
7 21 21:43:28 <item4>	strong으로 하지 않은 이유는
7 21 21:43:37 <item4>	strong은 강조의 의미가 들어가버립니다
7 21 21:43:52 <item4>	100개의 제목마다 강조가 들어가야하는건지 저는 특별히 느끼지 못하겠기에
7 21 21:43:53 <dcdc>	네?? html5 이전에 사용하면 안된다고요? 오히려 반대 아닌가요? 이전버전에서는 사용해도 되는거 아닌가요?
7 21 21:44:07 <dcdc>	아 그냥 진하게 한다는 의미인것이군요?
7 21 21:44:14 <item4>	b의 경우
7 21 21:44:19 <item4>	html5 이전에는
7 21 21:44:25 <item4>	정확히는 html4에선 비권장
7 21 21:44:33 <item4>	xhtml에서는 삭제되었습니다
7 21 21:44:50 <item4>	그러다가 html5에서 의미를 넣어서 부활을 시킨건데요
7 21 21:45:09 <item4>	문장에서 특별히 여기를 봐달라는 의미를 주고 싶을때
7 21 21:45:15 <item4>	b를 씁니다
7 21 21:45:25 <dcdc>	네
7 21 21:46:02 <item4>	오늘 배운 인라인 태그들은 별도로 정리해서 스터디 로그 올릴때 같이 올려드릴거고
7 21 21:46:07 <item4>	빠진게 아직도 좀 있습니다
7 21 21:46:19 <item4>	이것들은 보면서 필요할때 하나하나 챙겨가도록 하겠습니다
7 21 21:47:12 <grimb>	네
7 21 21:47:14 <claire>	넵
7 21 21:47:42 <dcdc>	수고하셨습니다. :) 
7 21 21:47:53 <claire>	수고하셨습니다! 
7 21 21:48:16 <grimb>	수고하셨습니다.
7 21 21:48:25 <item4>	네. 그럼 오늘 스터디는 여기까지 하겠습니다. 수고하셨습니다. :)