7:41:04 PM <item4> 시작하겠습니다
7:41:13 PM <momo> 네
7:41:15 PM <한면> 네
7:41:28 PM <item4> 안녕하세요. 오늘도 리드를 담당하게 된 item4입니다
7:41:47 PM <item4> 지난 시간에는 간단한 자기만의 줄글 문서를 만들어보는것 까지 했는데
7:41:51 PM <item4> 숙제 해보신분 계신가요
7:41:54 PM <momo> 저요.
7:41:59 PM <호크마> 저요
7:42:20 PM <item4> 숙제 하면서 어떤 부분이 막히던가요
7:42:42 PM <momo> 줄이 마구마구 길어지니까 보기에 불편했습니다.
7:43:44 PM <item4> 네. momo님 과제는 시작 전에 봤는데
7:43:54 PM <item4> 확실히 줄이 길어지니 보기 힘들었습니다
7:44:14 PM <item4> 그러면, 다른 방법은 없을까 한번 생각해봅시다
7:44:39 PM <item4> 충분히 긴 문장을 하나 출력한다고 해봅시다
7:44:44 PM <item4> 예를 들면
7:44:52 PM <item4> !py print '안녕하세요! '*100
7:44:53 PM <냐옹이> ieii¸i! ieii¸i! ieii¸i! ieii¸i! ieii¸i! ieii¸i! ieii¸i! ieii¸i! ieii¸i! ieii¸i! ieii¸i! ieii¸i! ieii¸i! ieii¸i! ieii¸i! ieii¸i! ieii¸i! ieii¸i! ieii¸i! ieii¸i! ieii¸i! ieii¸i! ieii¸i! ieii¸i! ieii¸i! ieii¸i! ieii
7:44:59 PM <item4> !py print '안녕하세요! '*10
7:45:00 PM <냐옹이> 안녕하세요! 안녕하세요! 안녕하세요! 안녕하세요! 안녕하세요! 안녕하세요! 안녕하세요! 안녕하세요! 안녕하세요! 안녕하세요! 
7:45:07 PM <item4> 안녕하세요! 안녕하세요! 안녕하세요! 안녕하세요! 안녕하세요! 안녕하세요! 안녕하세요! 안녕하세요! 안녕하세요! 안녕하세요! 
7:45:14 PM <item4> 지금 이정도야 짧아서
7:45:20 PM <item4> 한눈에 읽을 수 있지만
7:45:28 PM <item4> 만약 더 길다면 보기 불편하지 않을까요
7:45:34 PM <짱짱걸> 네
7:45:37 PM <grimb> 네 불편합니다.
7:45:48 PM <JW> 네
7:45:54 PM <momo> 네. 줄바꿈을 했으면 좋겠습니다.
7:46:02 PM <momo> 보기 좋게.
7:46:13 PM <item4> http://codepad.org/pFlOAhOH
7:46:19 PM <item4> 가령 이런식이면 전혀 보기 좋지 않죠
7:46:24 PM  → ?dojun (voiced) and ?lyn (voiced) joined  
7:46:35 PM <lyn> 늦어서 죄송합니다
7:46:36 PM <momo> 예.
7:46:56 PM <item4> 이런 상황이라면, 우리는 어떻게 해야할까요
7:47:04 PM <item4> 자, 이번엔 좀 변형을 해보겠습니다
7:47:31 PM <item4> 직접 저장해서 확인하실분은 하셔도 되는데 일단 듣는것에 포커스를 맞추시기만 해도 됩니다
7:48:09 PM <item4> http://codepad.org/YCcHjwI4
7:48:22 PM <item4> 다른점이 느껴지시나요
7:48:50 PM <momo> 줄 바꿈.
7:49:06 PM <item4> 좀 전에 보여드린 가로로 긴것과
7:49:11 PM <item4> 지금 보여드린 세로로 긴것은
7:49:16 PM <item4> 출력 결과가 동일합니다
7:49:26 PM <item4> (안녕하세요 갯수가 틀릴지도 모르지만 넘어가죠)
7:49:31 PM <item4> 동일한 형태로 나옵니다
7:49:44 PM <item4> 앞에 나왔던거야 한줄에 다 있으니 그렇게 나온다 치고
7:49:49 PM <item4> 두번째꺼는 왜 그럴까요?
7:50:29 PM <item4> 정답부터 말씀드리자면
7:50:35 PM <item4> HTML은 공백을 무시합니다
7:50:52 PM <item4> 정확히는 필요한 부분에서 1개까지의 공백만 인정합니다
7:51:05 PM <item4> 예를들어 <p>안 녕 하 세 요</p> 라고 한다면
7:51:09 PM <item4> 안 녕 하 세 요
7:51:14 PM <item4> 이렇게 떨어져서 나올것입니다
7:51:20 PM <item4> 여기부터는 실습을 해볼까요
7:51:25 PM <한면> 넵
7:51:45 PM <momo> 출력 결과가 같다는 설명이었군요. 이제 이해 했습니다. &&
7:51:57 PM <item4> http://codepad.org/EMadtgeJ
7:52:01 PM <item4> 먼저 이렇게 해봅시다
7:53:21 PM <item4> (저는 이 파일을 whitespace.html이라고 저장했습니다)
7:53:28 PM <item4> 어떻게 보이시나요
7:54:12 PM <JW> 두번째 세번째는 똑같네요
7:54:33 PM <item4> 자, 감을 잡으셨을지도 모르지만
7:54:38 PM <item4> 한술 더 떠보도록 하겠습니다
7:55:21 PM <item4> http://codepad.org/EMadtgeJ
7:55:31 PM <item4> 이번엔 세로로 늘어뜨려 놓아보았습니다
7:55:52 PM <item4> 어떤가요?
7:56:19 PM <lyn> 아까랑 같은데요?
7:56:35 PM <item4> 두번째 세번째 네번째는
7:56:39 PM <item4> 입력한 모양은 다른데
7:56:41 PM <item4> 출력은 같습니다
7:57:11 PM <momo> 안녕하세요  안 녕 하 세 요  안 녕 하 세 요
7:57:12 PM <피쉬> 저만 같은 예제가 보이는 건가요
7:57:25 PM <item4> http://codepad.org/FMapbJ4n
7:57:28 PM <JW> 주소가 똑같은거 같습니다
7:57:29 PM <item4> 주소가 안바뀌었군요
7:57:34 PM <item4> 다시 확인해주세요
7:58:15 PM <JW> 똑같네요 두번째 세번째 네번째
7:58:29 PM  → ?nanana (voiced) joined  
7:58:35 PM <item4> HTML은 처리될 때 
7:58:45 PM <item4> 문자와 문자 사이의 한번 띄어쓰기 말고는
7:58:49 PM <item4> 모두 무시합니다
7:58:58 PM <item4> 그래서 안 녕 과
7:59:00 PM <item4> 안  녕
7:59:07 PM <item4> 이 띄어쓰기 개수가 다른데도 불구하고
7:59:14 PM <item4> 똑같은 안 녕 으로 나오는것입니다
7:59:28 PM <item4> 해당되는것은 띄어쓰기뿐만이 아닙니다
7:59:35 PM <item4> 엔터도 해당되는데요
8:00:06 PM <item4> 이러한 녀석들을 whitespace라고 합니다
8:00:19 PM <item4> 글자와 글자사이에 한번만 인정되는 요소지요
8:00:29 PM <item4> 그렇게 막 중요한건 아닌데
8:00:39 PM <item4> 긴 글을 쓰다보면 필요할 수 있어서 적어보았습니다
8:00:55 PM <item4> 오늘은 본격적으로 웹페이지를 뜯어보도록 하겠습니다
8:01:26 PM <item4> 첫날, HTML은 원고지 같은거다.. 라는 예를 들었었는데요
8:01:56 PM <item4> 그럼, 웹페이지는 HTML만으로 구성되는가?
8:01:59 PM <item4> 그건 아니거든요
8:02:10 PM <item4> 그럼 웹페이지는 무엇들이 조합되어 만들어지는것인지 알아보고자 합니다
8:02:35 PM <item4> 이번에도 예를 들어야겠군요
8:02:39 PM <item4> 건물을 짓는다고 생각해봅시다
8:02:55 PM <grimb> 네
8:02:58 PM <item4> 건축물 자체도 쌓아 올려야하고
8:03:02 PM <item4> 건물을 꾸미기도 해야하고
8:03:11 PM <item4> 문같은건 사람이 건드리면 움직여야합니다
8:03:18 PM <item4> 웹페이지도 마찬가지입니다
8:03:23 PM <item4> 문서로써 있어야하는데
8:03:26 PM <item4> 꾸며져 있어야하고
8:03:34 PM <item4> 몇몇가지는 사용할 수 있게 움직여야합니다
8:03:58 PM <item4> 웹페이지에서 HTML이란 문서로써 있게 해주는 녀석으로
8:04:06 PM <item4> 문서의 틀을 잡아주고, 내용을 담습니다
8:04:13 PM <item4> 건물의 설계도 같은것이라고 할 수 있습니다
8:04:26 PM <item4> 그래서 우리가 처음 만든 페이지는 아무것도 꾸며져있지 않았죠
8:04:46 PM <item4> 그럼, 나머지
8:04:48 PM <item4> 꾸미는것과
8:04:52 PM <item4> 움직이게 하는것이 있습니다
8:05:07 PM <item4> 꾸미는쪽을 CSS라고 부르구요
8:05:15 PM <item4> 움직이게 하는쪽을 Javascript라고 부릅니다
8:05:15 PM  → ?libelo (voiced) joined  
8:05:41 PM <item4> CSS라는것은
8:05:59 PM <item4> 문서에 배경색을 넣거나
8:06:03 PM <item4> 글자의 색을 바꾸거나
8:06:14 PM <item4> .. 뭐 이런 변화를 주는 녀석들을 말합니다
8:06:19 PM <item4> 우리가 보는 거의 모든 웹사이트는
8:06:22 PM <item4> CSS로 꾸며져있습니다
8:06:35 PM <grimb> 아!~
8:06:38 PM <item4> 움직이는것은 Javascript입니다
8:06:55 PM <item4> 페이스북에서 지구본 모양(?)을 누르면 메뉴가 나온다던가
8:07:07 PM <item4> 지금 웹 채팅창으로 대화를 참여하신분들이 대화를 하신다던가
8:07:14 PM <item4> 이런건 모두 Javascript의 영역입니다
8:07:24 PM <item4> .. 자 그럼 이제 궁금한것이 생길겁니다
8:07:27 PM <item4> "그림은요?"
8:07:31 PM <item4> "플래시도 들어가지 않나요?"
8:07:43 PM <item4> 네. 이런것도 들어갑니다
8:07:54 PM <item4> 이런건 문서에 첨부된 외적인 요소라고 할 수 있죠
8:08:16 PM <item4> 우리가 배울건 여기서
8:08:24 PM <item4> HTML과 CSS와 Javascript입니다
8:08:37 PM <item4> 하지만 일단 HTML을 좀 알아야
8:08:46 PM <item4> CSS도 먹여보고, Javascript도 달아볼 수 있으므로
8:08:58 PM <item4> 일단은 HTML 중심으로 진행될 예정입니다
8:09:07 PM <JW> 집 지을때 틀을 만들줄 알아야 다른거도 꾸밀수 있다는거군요
8:09:14 PM <item4> 그렇지요
8:09:24 PM <item4> 꾸밀 집도 없는데 벽지부터 사와봐야 의미가 없는겁니다
8:09:55 PM <한면> ㅎㅎㅎㅎ
8:10:03 PM <item4> 그럼, 집을 만들기 위해 필요한것들을 하나씩 배워보도록 하겠습니다
8:10:42 PM <item4> 지난시간에, head태그 안에는 문서에 대한 정보가
8:10:54 PM <item4> body태그에는 문서 자체의 정보가 들어가는걸 알았습니다
8:11:06 PM <item4> 그럼, body태그안에 들어가는것은 무엇무엇이 있을까요
8:11:29 PM <item4> 일단 들어갈 수 있는 종류가
8:11:32 PM <item4> 여러가지 있지만
8:11:55 PM <item4> 아주 크게 보면 세가지 정도로 축약이 가능합니다
8:12:03 PM <item4> 가장 먼저 글입니다
8:12:14 PM <item4> 글자들이 없는 문서는 이상한 문서입니다
8:12:31 PM <item4> 그림만 걸어놓기도 하지만 문서라면 글이 있어야 합니다
8:12:45 PM <item4> 글과 글자들이 있을 수 있습니다
8:12:59 PM <item4> 그럼, 글과 글자들에 의미를 부여하거나 꾸며주는 태그도 당연히 있기 마련입니다
8:13:12 PM <item4> 이러한 종류의 태그를 inline 태그라고 합니다
8:13:30 PM <item4> 그런데, 우리는 지난 시간에 글자들을 그냥 놔두지 않고
8:13:37 PM <item4> <p>라는 태그로 가둬놨습니다
8:13:58 PM <item4> p태그는 문단을 의미한다고 했는데요
8:14:06 PM <item4> 이 자체로 하나의 덩어리라는 속성을 가지고 있습니다
8:14:32 PM <item4> 이러한 덩어리 같은것들의 다른 예라면
8:14:39 PM <item4> 표같은것이 있을 수 있겠는데요
8:14:45 PM <item4> 이런 느낌의 태그들을
8:14:52 PM <item4> block 태그라고 정리할 수 있습니다
8:15:07 PM <item4> 나머지 한 종류는.. 이 둘로 분류가 안되는것들이 몇가지 있습니다
8:15:21 PM <item4> 예를들어 아까 나온 javascript같은것이 그런것입니다
8:15:35 PM <item4> 여기까진 이해가 되셨나요?
8:15:40 PM <JW> 넵!
8:15:48 PM <momo> 네
8:15:58 PM <dcdc> 네
8:16:38 PM <lyn> 네
8:16:38 PM <grimb> 네
8:16:46 PM <한면> 넵
8:16:48 PM <item4> 자 그럼
8:16:56 PM <item4> 이제 태그들을 하나씩 보면서
8:17:02 PM <item4> 이건 어떤것이다 나눠가며
8:17:08 PM <item4> 용도등을 익혀보도록 하겠습니다
8:17:29 PM <item4> 오늘은 문서 하나를 흉내내볼 예정입니다
8:17:49 PM <item4> 수업 전에 한참을 랜덤을 돌려서 찾은것인데요
8:17:50 PM <item4> https://ko.wikipedia.org/wiki/GMAT
8:18:08 PM <item4> 오늘은 이 문서의 흉내를 내보도록 하겠습니다
8:18:31 PM <item4> 근데 이걸 다 따라하는건 지금 배운걸론 무립니다
8:18:40 PM <item4> GMAT
8:18:41 PM <item4> 위키백과, 우리 모두의 백과사전.
8:18:43 PM <item4> 여기서부터
8:18:43 PM <grimb> 보기만 해도 어려울 것 같습니다.
8:18:50 PM <item4> 외부고리
8:18:51 PM <item4>     (영어) 공식 홈페이지
8:18:54 PM <item4> 여기까지만 할건데
8:19:01 PM <item4> 목차 부분과
8:19:08 PM <item4> [편집] 이라는 버튼은 뺄겁니다
8:19:19 PM <item4> GMAT 성적표 라는것도 빼겠습니다
8:19:40 PM <grimb> 네
8:19:44 PM <item4> 자. 이러한 형식의 웹페이지를 우리는 위키위키라고 합니다
8:19:57 PM <item4> 제가 가장 처음 도전할 과제로 위키를 고른것은
8:20:08 PM <item4> 줄글을 다루는 문서의 대표라고 할 수 있기 때문입니다
8:20:31 PM <item4> 먼저, 맨 첫번째 줄을 보도록 할까요
8:20:37 PM <item4> GMAT
8:20:45 PM <item4> 혼자 글씨 크기가 제일 큽니다
8:20:54 PM <item4> 보기에 문서에서 가장 중요한 주제인 것 같습니다
8:21:02 PM <item4> 크기만 한것이 아니라 굵기까지 하군요
8:21:10 PM <item4> 아래 밑줄도 그어져있네요
8:21:33 PM <item4> 그 다음 다음줄을 보겠습니다
8:21:43 PM <item4> 경영대학원 입학시험
8:21:51 PM <item4> 이건 왠지 다른것과 달리 글씨가 굵습니다
8:21:56 PM <item4> 하지만 옆에 줄글이 있습니다
8:22:39 PM <item4> GMAT와 경영대학원 
8:22:45 PM <item4> 모두 굵게 강조가 되어있지만
8:22:51 PM <item4> 의미하는바가 다릅니다
8:23:11 PM <item4> 먼저 나온것을 우리는
8:23:14 PM <item4> 신문이라면
8:23:20 PM <item4> 헤드라인이라고 부릅니다
8:23:29 PM  → ?jason (voiced) joined  
8:23:41 PM <jason> 혹시 시작했나요?
8:23:41 PM <item4> HTML에서도 
8:23:45 PM <item4> 헤드라고 부르죠
8:23:53 PM <item4> head 말고
8:24:04 PM <item4> heading 이라고 부르는 태그들로
8:24:19 PM <item4> 문서의 제목을 단계별로 나타내줍니다
8:24:20 PM <item4> 예를들면
8:24:23 PM <item4> GMAT가 가장 크지만
8:24:28 PM <item4> 그 아래보면 시험 특징도 있습니다
8:24:39 PM <item4> 시험특징의 아래로는 분석적 작문 평가 라는 부분도 볼 수 있네요
8:24:52 PM <item4> 모두 어느 단락의 제목이란것은 확실합니다
8:25:09 PM <item4> 이러한 용도로 쓰이는것이 바로
8:25:16 PM <item4> h1부터 h6까지의 태그입니다
8:25:35 PM <item4> 자, 우리도 흉내내보도록 하겠습니다
8:26:08 PM <JW> 넵
8:26:30 PM <item4> http://codepad.org/KXAgPX8v
8:26:38 PM <item4> 이렇게 작성해주세요
8:27:51 PM <item4> 작성하셨나요?
8:27:58 PM <lyn> H4는 굵게, H5, 6은 그냥보다 더 작군요
8:28:08 PM <짱짱걸> 넵
8:28:21 PM <item4> 일단 눈에 띄는 특징으로는
8:28:24 PM <item4> 한결같이 굵고
8:28:29 PM <item4> 옆으로 붙진 않습니다
8:28:44 PM <item4> 아까 block태그와 inline태그가 있다고 했는데
8:28:48 PM <item4> 구분하는 가장 쉬운 방법은
8:28:55 PM <item4> 이렇게 늘어트려놓았을때 
8:29:09 PM <item4> 알아서 옆에 가서 붙으면 inline 이라고 보면 됩니다
8:29:32 PM <item4> 그렇다는 말은
8:29:39 PM <item4> h1부터 h6는
8:29:46 PM <item4> block이란걸 알 수 있습니다
8:30:02 PM <item4> 그리고 글자크기가 다른데요
8:30:10 PM <item4> h1이 가장 크고 6은 무지 작습니다
8:30:36 PM <item4> 제가 아까 이 태그들은 헤드라인에 쓴다고 말씀드렸었는데요
8:30:45 PM <item4> 신문에서도 그렇지만
8:30:55 PM <item4> 클수록 의미가 크다고 볼 수 있겠죠
8:31:07 PM <item4> H1이 가장 큰 제목이고
8:31:13 PM <item4> 그 아래로 갈수록 소분류가 됩니다
8:31:40 PM <item4> 자, 그럼 이젠 정말 제대로 흉내를 내보도록 하겠습니다
8:31:48 PM <item4> 다시 https://ko.wikipedia.org/wiki/GMAT
8:31:50 PM <item4> 여기를 보죠
8:32:02 PM <item4> 헤드라인으로 보이는것은
8:32:10 PM <item4> 7개 있습니다
8:32:22 PM <item4> 이걸 계급별로 나눠서 옮겨보도록 합시다
8:32:29 PM <item4> 나머지 text는 신경쓰지 말고
8:32:37 PM <item4> 제목만, h1부터 h6를 써서
8:32:47 PM <item4> 저 문서의 분류체계처럼 정리를 시켜보세요
8:32:52 PM <item4> 정답은 3분 뒤에 공개합니다
8:32:54 PM <item4> !알려 3분
8:32:54 PM <냐옹이> 3분: 오류: 존재하지 않는 기억입니다. 라고 Aoto가 알려주었어요.
8:32:58 PM <item4> !알람 3분
8:32:59 PM <냐옹이> i·tem4, 3분 후에 알람합니다. (번호: 4)
8:35:32 PM <item4> 다되신분은 말씀해주세요
8:35:50 PM <lyn> 다됐습니다
8:35:58 PM <냐옹이> item4, 알람한 시각입니다.
8:36:05 PM <item4> 자, 3분이 되었습니다
8:36:33 PM <item4> 이번 문제에서 가장 고려해야했던 부분은
8:36:44 PM <item4> 어느 제목이 어느정도의 강조인가였습니다
8:36:53 PM <item4> 단순히 글자 크기만 봐도 알 수 있는거지만
8:37:00 PM <item4> 실제 써보는게 목적이었구요
8:37:01 PM <피쉬> 됐습니다
8:37:19 PM <item4> 일단 제 의도는
8:37:20 PM <item4> http://codepad.org/vxpGOSAc
8:37:22 PM <item4> 이겁니다
8:37:50 PM <item4> 이거랑 같게 나오신분 몇분 계신가요
8:38:00 PM <lyn> 저요
8:38:01 PM <짱짱걸> 저요
8:38:05 PM <피쉬> 저도요
8:38:07 PM <nanana> 넵
8:38:14 PM <nanana> 저두욥
8:38:34 PM <item4> 자, 이걸 실행했을때
8:38:39 PM <item4> 위키쪽과 다른게 있었습니다
8:38:57 PM <item4> GMAT가 좀 더 크게 나온다던가
8:39:00 PM <item4> 아래 줄이 없다던가
8:39:09 PM <item4> 이런 부분이 바로
8:39:16 PM <item4> 꾸민 부분, 그러니까 CSS라고 보시면 됩니다
8:39:42 PM <item4> 우리는 일단 HTML을 익히고 있으므로 
8:39:53 PM <item4> 똑같이 꾸며보는건 하지 않겠습니다
8:39:59 PM <item4> 여기까지, 질문 있으신가요
8:40:16 PM <피쉬> 그럼 지금까지는 CSS 가 아니었던 건가요?
8:40:27 PM <피쉬> h1, h2 이런 거요
8:40:30 PM <item4> 네
8:40:52 PM <피쉬> 글씨 크기가 달라지는데도요?
8:40:53 PM <item4> HTML에는 각각의 기본적인 출력이 있습니다
8:40:55 PM <피쉬> 아하
8:41:19 PM <dcdc> 밑줄도 HTML로 할 수 있는거 아닌가요?
8:41:21 PM <item4> 그런데 이건 표준으로 '이렇게 해라!' 딱 정해놓고 강제시켜놓은게 아니라서
8:41:42 PM <item4> 프로그램마다 조금씩 다르게 나올 수 있습니다
8:41:58 PM <item4> dcdc님이 밑줄도 HTML로 가능하지 않냐고 하셨는데
8:42:08 PM <item4> 그 부분은 인라인 태그들을 다룰때 말씀드리겠습니다
8:42:26 PM <item4> 자, 그럼 나머지 문장들도 배껴오도록 하겠습니다
8:42:43 PM <item4> 각 제목 아래에 문단은 하나씩밖에 없습니다
8:42:58 PM <item4> 일단 복붙만 해보도록 할까요?
8:43:07 PM <item4> <p>경영대학원 입학시험 (Graduate Management Admission Test, GMAT)은 주로 경영학 석사(Master of Business Administration, MBA)학위를 부여하는 경영대학원 입학 시험으로 미국, 유럽에 있는 경영 대학원에서 주로 요구한다. 시험응시료는 미화 $250이며 시험 형태는 컴퓨터 적응식이다.</p>
8:43:09 PM <item4> 이런식으로
8:43:14 PM <item4> 각 자리에 맞게 배치시켜주세요
8:44:47 PM <item4> 다되신분은 말씀해주세요
8:45:20 PM <피쉬> 네
8:45:21 PM <피쉬> 됐어요
8:45:39 PM <item4> http://codepad.org/N5hbYu5h]
8:45:42 PM <item4> 이렇게 나오면 됩니다
8:45:45 PM <item4> http://codepad.org/N5hbYu5h
8:46:32 PM <피쉬> 네
8:47:09 PM <짱짱걸> 네
8:47:45 PM <투명테이프> 넵
8:48:03 PM <lyn> 네
8:48:17 PM <grimb> 네
8:51:20 PM <짱짱걸> ?
8:52:08 PM  → ?sz (voiced) joined  
8:54:30 PM <item4> 자, 이제 좀
8:54:32 PM  → ?울퍼 (voiced) joined  
8:54:32 PM <item4> 비슷한거 같긴 합니다
8:54:34 PM <item4> 하지만 아직 다른 부분들이 보이는데요
8:54:36 PM <item4> 먼저, 가장 눈에 띄는게 있다면
8:54:38 PM <item4> 경영대학원 입학시험 입니다
8:54:39 PM ? 울퍼 quit (79a43872@web/121.164.56.114) Quit: Page closed
8:54:40 PM <item4> 이건 글씨가 굵네요
8:54:42 PM <item4> 자, 여기서 설명이 필요한 것 같습니다
8:54:44 PM <item4> 글씨가 굵은건 CSS의 영역이 아닐까요?
8:54:46 PM <item4> 아까 dcdc님께서 HTML로도 밑줄을 칠 수 있지 않느냐고 하셨는데요
8:54:50 PM <item4> 칠 수 있습니다
8:54:52 PM <item4> 그런데, 그것이 밑줄을 치는것이 목표가 아닙니다
8:54:58 PM <item4> HTML은 구조를 나타냅니다
8:55:00 PM <item4> 즉, 제 1 목표는 구조를 표현해주는겁니다
8:55:02 PM <item4> 그리고 그 다음은
8:55:04 PM <item4> 의미를 부여하는것입니다
8:55:06 PM <item4> 방금 우리는 h1 ~ h6을 이용해서
8:55:08 PM <item4> 각 부분부분마다
8:55:10 PM <item4> 이 부분의 제목이란 부여해줬습니다
8:55:16 PM <item4> 그와 마찬가지로
8:55:18 PM <item4> HTML로도 꾸며지는것처럼 보이는것들이 있지만
8:55:20 PM <item4> 꾸미는것 자체가 목표가 아니라
8:55:22 PM <item4> 그것으로 인해 의미가 부여되는것이 목적인것이 HTML 태그입니다
8:55:24 PM <item4> 간단히 예를 들자면
8:55:28 PM <item4> 우리는 책을 보면서 중요한 부분에 형광펜을 긋습니다
8:55:30 PM <item4> 우리의 목적은 색칠이 아니라
8:55:32 PM <item4> 그 부분이 중요하다는
8:55:34 PM <item4> 의미를 부여한것이죠
8:55:36 PM <item4> 말이 좀 어려웠나요
8:55:38 PM <item4> 다시 https://ko.wikipedia.org/wiki/GMAT 를 보도록 하겠습니다
8:55:40 PM <item4> 이 문장들을 볼때
8:55:42 PM <item4> 경영대학원 입학시험이란것은
8:55:44 PM <item4> GMAT를 한국어로 풀어서 말하는 이름인 것 같습니다
8:55:46 PM <item4> 즉, 이 문단에서 중요한 단어라고 볼 수 있습니다
8:55:48 PM <item4> 우리가 중요한 단어를 다른 색으로 필기를 한다던가 하는식으로
8:55:50 PM <item4> 이 부분도
8:55:52 PM <item4> 다른식으로 표현이 되야
8:55:54 PM <item4> 강조가 될 것입니다
8:55:58 PM <item4> 단순히 보여지는것만을 생각하면 CSS로 진하게 하는거 아닐까 싶지만
8:56:00 PM <item4> 우리가 생각 못하는 독자가 두종류 있습니다
8:56:02 PM <item4> 먼저 시각장애인입니다
8:56:04 PM <item4> 그분들은 문서를 직접 읽지 못합니다
8:56:10 PM <item4> 대신 읽어주는 프로그램을 사용하는데요
8:56:14 PM <item4> 지금같이 중요한 단어는
8:56:20 PM <item4> 좀 강조해서 읽어주는게 좋을겁니다
8:56:45 PM <item4> 그리고 두번째는 검색엔진을 포함한 프로그램들입니다
8:56:56 PM <item4> 프로그램은 웹페이지를
8:57:06 PM <item4> 우리가 작성한 태그의 글자 덩어리로만 봅니다
8:57:19 PM <item4> 당연히 css로 굵게했는지 뭘 했는지
8:57:21 PM <item4> 알 방도가 없습니다
8:57:29 PM <item4> 컴퓨터 프로그램에게
8:57:38 PM <item4> 이건 중요한 단어다라고 알려주기 위해선
8:57:41 PM <item4> 별도의 표시가 필요합니다
8:58:04 PM <item4> 이런 의미를 담은 태그가 html에는 매우 많습니다
8:58:18 PM <item4> 특히, html5부터는 상당히 많아졌다고 할 수 있습니다
8:58:33 PM <item4> 말이 좀 길어졌는데요
8:58:36 PM <item4> 그럼 결론적으로
8:58:42 PM <item4> 저걸 강조하려면 어떻게 해야하는가?
8:58:58 PM <item4> <strong>경영대학원 입학시험</strong>
8:59:02 PM <item4> 자, 이렇게 바꿔봅시다
8:59:32 PM <lyn> 네
9:00:03 PM <item4> 어떻게 나오나요
9:00:09 PM <lyn> 볼드체로요
9:00:11 PM <피쉬> 진해졌어요
9:00:20 PM <JW> 굵게나오네요
9:00:52 PM <item4> 굵어졌습니다
9:01:00 PM <item4> 그런데, 굵어진것은 우리가 보기에 굵어진거고
9:01:14 PM <item4> 시각장애인분들에겐 프로그램이 이 부분은 좀 더 강하게 읽어줄것이고
9:01:27 PM <item4> 검색엔진은 이 문서에서 이 단어가 중요한 단어라고 인식할겁니다
9:02:03 PM <item4> 제가 '우리가 보기에 굵어진것' 이라고 말한건
9:02:12 PM <item4> 기본적으로 대부분의 브라우저가 굵게 표시해줍니다
9:02:18 PM <item4> 하지만, CSS로 바꿀 수 있습니다
9:02:31 PM <item4> 꾸며지는 효과에 대해 너무 의미부여는 하지 마시고
9:02:37 PM <item4> 강조라는점에 포커스를 맞춰주세요
9:02:41 PM <item4> 여기까진 이해 되셨나요
9:02:46 PM <dcdc> 네
9:02:49 PM <momo> 네
9:03:03 PM <피쉬> 네
9:03:08 PM <lyn> 네
9:03:42 PM <item4> 하나만 더 알아봅시다
9:03:48 PM <item4> 아까 밑줄을 말씀하셨는데
9:04:15 PM <item4> 보통 HTML로 밑줄을 친다고 하면
9:04:18 PM <item4> u 태그를 말합니다
9:04:31 PM <item4> <u>밑줄을 칩니다</u>
9:04:35 PM <item4> 이런식으로 사용되었는데요
9:05:05 PM <item4> HTML4.1에선 비권장으로 지정되었고
9:05:13 PM <item4> XHTML1에선 아예 제외되었습니다
9:05:26 PM <item4> 이유는 꾸미는 용도는 CSS로 충분하기 때문입니다
9:05:41 PM <item4> 아 물론 HTML5엔 u 태그가 있습니다. 다시 부활했는데요
9:05:53 PM <item4> 대신 다른 의미를 갖고 살아났습니다
9:06:21 PM <item4> MDN에선 u태그의 용도를
9:06:22 PM <item4> Represents a non-textual annoatation for which the conventional presentation is underlining, such labeling the text as being misspelt or labeling a proper name in Chinese text.
9:06:36 PM <item4> ... 라고 합니다
9:06:58 PM <item4> 요타라던가, 중국어 이름 부분등에 사용하는것이라고
9:07:02 PM <item4> 정의가 되어있습니다
9:07:05 PM <item4> 오타*
9:07:28 PM <item4> 자, 그럼 이번에 배운 storng을 봅시다
9:07:36 PM <item4> 굵어지긴 했는데
9:07:45 PM <item4> 좀전의 h1 ~ h6와는 달리
9:07:48 PM <item4> 옆에 글씨가 잘 있습니다
9:07:58 PM <item4> 이걸로 보아 이건
9:08:05 PM <item4> inline 태그라고 볼 수 있겠습니다
9:08:50 PM <item4> 그런데, 아직 흉내를 냈다고 하기엔
9:08:55 PM <item4> 뭔가 결정적으로 부족합니다
9:08:58 PM <item4> 뭐가 부족할까요?
9:09:33 PM <피쉬> 링크?
9:09:41 PM <item4> 네
9:09:44 PM <item4> 링크가 빠졌습니다
9:09:54 PM <item4> 위키의 생명은 링크라고 할 수 있는데요
9:10:01 PM <item4> 위키를 흉내냈다면서
9:10:05 PM <item4> 링크는 하나도 없습니다
9:10:28 PM <item4> 이 문서에 보면 링크는 수도 없이 많습니다
9:10:47 PM <item4> 링크 연습에는 충분할 것 같네요
9:10:55 PM <item4> 하나만 같이 해보도록 하겠습니다
9:11:07 PM <item4> 맨 첫번째줄에
9:11:12 PM <item4>  GMAT)은 주로 경영학 석사(Master of Busine
9:11:19 PM <item4> 이 경영학 석사 라는 링크를
9:11:25 PM <item4> HTML로 만들어보겠습니다
9:11:54 PM <item4> 일단 링크를 걸려면 링크를 누르면 어디로 가는지부터 알아야합니다
9:11:59 PM <item4> 한번 눌러보죠
9:12:33 PM <item4> 다른 페이지가 나왔습니다
9:12:38 PM <item4> 우리가 볼건 주소입니다
9:12:48 PM <item4> https://ko.wikipedia.org/wiki/%EA%B2%BD%EC%98%81%ED%95%99_%EC%84%9D%EC%82%AC
9:12:55 PM <item4> 경영학 석사를 누르면
9:12:59 PM <item4> 이 주소로 이동이 되야합니다
9:13:08 PM <item4> 이걸 html로 표현해보도록 하겠습니다
9:13:32 PM <item4> <a href="https://ko.wikipedia.org/wiki/%EA%B2%BD%EC%98%81%ED%95%99_%EC%84%9D%EC%82%AC">경영학 석사</a>
9:13:37 PM <item4> 이렇게 바꿔보도록 합시다
9:13:59 PM <lyn> 네 가네요
9:14:11 PM <JW> 넵
9:14:23 PM <item4> 이렇게 하니 이동하는 링크가 되었습니다
9:14:37 PM <item4> a 태그만 써선 안되고
9:14:46 PM <item4> href 라는 속성(attribute)에
9:14:51 PM <item4> 주소를 줘야만 하는걸 알 수 있습니다
9:15:16 PM <item4> 한가지 더 해보겠습니다
9:15:46 PM <item4> 맨 아래를 보면
9:15:52 PM <item4> 공식 홈페이지
9:15:55 PM <item4> 라고 있습니다
9:16:27 PM ? 한면 quit (FIRC@116.33.214.67) Connection closed
9:16:28 PM <item4> 이번에는 이걸
9:16:33 PM <item4> 새창으로 뜨게 만들어보겠습니다
9:16:47 PM <item4> 이걸 클릭하면 http://www.mba.com/로 가는데요
9:16:55 PM <item4> 왜 강조가 들어갔지.. 
9:17:07 PM <item4> 여튼, 일단 새창이어도 이동이긴 하니까
9:17:19 PM  → ?한면 (voiced) joined  
9:17:19 PM <item4> <a href="http://www.mba.com/">공식 홈페이지</a> 를 이용합니다
9:17:31 PM <item4> a 태그는
9:17:42 PM <item4> 어디를 향해 보낼것인지 지정할 수 있는 옵션이 있습니다
9:17:49 PM <item4> target이라는 속성인데요
9:18:37 PM <item4> 이름이 있다면 그 이름의 요소에
9:18:43 PM <item4> 접속을 시킵니다
9:18:49 PM <item4> 그런데 우리는 새창이 뜨길 바라는거니
9:18:55 PM <item4> 새창이 뜨라고 지정을 해야겠지요
9:19:14 PM <item4> <a href="http://www.mba.com/" target="_blank">공식 홈페이지</a>
9:19:18 PM <item4> 이렇게 해보겠습니다
9:20:00 PM <item4> 어떤가요?
9:20:00 PM <피쉬> 새창으로 뜹니다
9:20:23 PM <grimb> 새창으로 뜹니다~~
9:20:37 PM <lyn> 네 됩니다
9:20:55 PM <item4> 자, 그럼 이제 나머지 링크를 모두 연결해보도록 합시다
9:21:25 PM <item4> ... 은 과제로 하겠구요
9:21:29 PM <피쉬> ...
9:22:05 PM <피쉬> 과제는 어디로 보내나요?
9:22:14 PM <item4> 과제는 혼자 해서 보관하시면 됩니다
9:22:17 PM <피쉬> 네
9:22:19 PM <item4> 꼭 검사를 받으셔야겠다면
9:22:28 PM <item4> 저한테 수업 전에 오셔서 말씀해주시면 확인해드립니다
9:22:32 PM <피쉬> 네네
9:22:48 PM <item4> 오늘의 과제는 2개
9:22:57 PM <item4> 1. 오늘 만든 GMAT 문서의 링크 마저 걸기
9:23:20 PM <item4> 2. 오늘 한것과 같은 방식으로 (못하는건 과감히 생략하면서) 경영학 석사 문서도 만들어오기
9:23:45 PM ? 짱짱걸 quit (FIRC@218.237.101.7) Quit: IRC웹클라이언트 에프IRC를 종료하셨습니다. (http://www.firc.kr)
9:23:47 PM <item4> 오늘 수업을 무난히 따라오셨다면 충분히 가능할것이라고 봅니다
9:24:07 PM <item4> 그리고 수업 시작할때 인원이 얼마 없어서 말씀 안드렸던 공지 부분을 지금 말씀드리려고 합니다
9:24:38 PM <item4> 1. 스터디 그룹용 페이스북 그룹이 만들어졌습니다
9:24:48 PM <item4> https://www.facebook.com/groups/item4OnlineStudy
9:24:55 PM <item4> 아직 가입 안하신분이 계시다면 가입해주세요
9:25:36 PM <item4> 앞으로 스터디 내용은
9:25:40 PM <item4> 이쪽 그룹으로만 올라옵니다
9:25:50 PM <JW> 넵
9:25:51 PM <lyn> 네
9:25:52 PM <한면> 네
9:25:53 PM <피쉬> 네
9:26:14 PM <momo> 네
9:26:15 PM <grimb> 네
9:26:19 PM <item4> 2. 다음시간부터는 30분에 바로 시작합니다
9:26:29 PM <item4> 지각하지 맙시다.. 늦게 시작하면 늦게 끝나요 ㅠㅠ
9:26:35 PM <lyn> 알람 맞춰둘게요;
9:26:59 PM <피쉬> 저.. 질문 더 해도 되나요?
9:26:59 PM <momo> 지각하면, 인사하지 않아도 되기.
9:27:11 PM <item4> 피쉬, 네 질문해주세요
9:28:07 PM <item4> 왜 밑줄이 생기는가를 질문해주셨는데요
9:28:20 PM <item4> 결론부터 말하면 대부분의 브라우저가
9:28:25 PM <item4> a태그에는 밑줄을 긋습니다
9:28:30 PM <item4> 위키쪽에는 없었고
9:28:44 PM <item4> 더구나 어떤 링크에는 색칠도 되어 있었습니다
9:28:52 PM <item4> 이 부분은 그럼
9:28:57 PM <item4> CSS의 영역입니다
9:29:09 PM <item4> 설명이 되었나요?
9:29:26 PM <momo> 속성에서 밑줄을 없애는 방법이 있나요?
9:29:36 PM <momo> 속성으로.
9:29:44 PM <item4> 태그의 속성으로는 없습니다
9:30:01 PM <item4> 어떤 형식으로건 CSS가 들어가야합니다
9:30:23 PM <momo> <h>태그와 <p>태그에서
9:30:40 PM <momo> 별도의 줄바꿈을 하지 않아도 줄바꿈이 들어가서 나옵니다.
9:30:48 PM <dcdc> 그냥 CSS파일 만들지 말고 HTML로만 만든 페이지가 아직도 많이 존재하나요?
9:30:59 PM <item4> 잠시
9:31:04 PM <피쉬> 아, 밑줄을 없애는 건 css 로 한다는 말씀이시죠?
9:31:15 PM <item4> 1. 피쉬님의 질문, 밑줄 없애는건 CSS구요
9:31:41 PM <item4> 2. momo님의 질문, h숫자와 p태그에서 줄바꿈이 알아서 들어가는건..
9:31:55 PM <item4> block 태그는 옆에 다른 태그를 두려고 하지 않습니다
9:32:00 PM <item4> 아랫줄로 밀어버리죠
9:32:04 PM <item4> h1도 block이고
9:32:07 PM <피쉬> 아
9:32:09 PM <item4> p도 block이라서
9:32:13 PM <item4> 밀려난겁니다
9:32:26 PM <momo> 음, 제가 굉장한! 것을 질문했습니다.
9:32:37 PM <item4> 네. 이런 질문 환영합니다
9:32:42 PM <item4> 그리고 dcdc님 질문
9:32:56 PM <item4> 이제 와서는.. CSS를 쓰지 않은 사이트는 없을겁니다
9:33:08 PM <jason> 질문해도 될까요?
9:33:12 PM <item4> 네. 질문해주세요
9:33:22 PM <jason> 인라인 태그랑 블락 태그 한 번만 설명 좀 다시 해 주실 수 있나요?
9:33:23 PM <jason> 지송 
9:33:25 PM <jason> 이해가 안 가서
9:33:39 PM <momo> 로그 보시면 좋을 듯.
9:33:45 PM <item4> 음
9:33:47 PM <jason> 아 봤는데
9:33:54 PM <jason> 첨부터 끝까지 다 봤는데
9:33:59 PM <jason> 아랫줄로 밀어버리죠
9:34:02 PM <jason> 이런말 무슨 말임?
9:34:06 PM <jason> 약간 이해가 안 가서
9:34:09 PM <item4> 인라인과 블락을 구분하는 방법은
9:34:17 PM <jason> 수업 내용은 이해 다함
9:34:22 PM <jason> 인라인과 블락만 이해 못함
9:34:26 PM <item4> 4가지 실습을 해보시기 바랍니다
9:34:35 PM <item4> <p>1</p><p>2</p>
9:34:48 PM <item4> <p>1</p><a>2</a>
9:34:53 PM <item4> <a>1</a><a>2</a>
9:34:59 PM <item4> <a>1</a><p>2</p>
9:35:24 PM <item4> 이걸 보면
9:35:30 PM <item4> <a>1</a><a>2</a>
9:35:32 PM <item4> 이것만
9:35:35 PM <item4> 12라고 나올겁니다
9:35:41 PM <item4> 나머진 한줄 밀려나는데요
9:35:50 PM <item4> a는 inline
9:35:57 PM <item4> p는 block이라서 그렇습니다
9:36:02 PM <jason> 아 이해 감
9:36:09 PM <jason> 아 이제 이해 됐어요
9:36:10 PM <jason> 감솨
9:36:14 PM <jason> 오늘 늦어서 지송요
9:36:20 PM <jason> 여튼 잘 들었습니다.
9:36:22 PM <item4> 네. 다른 질문 있으신분 계신가요?
9:36:25 PM <한면> 저 로그는 올려주시는거 말구 
9:36:29 PM <dcdc> 네
9:36:33 PM <한면> 제가 볼 수 있는 방법은 없나요?
9:36:39 PM <한면> 아까 튕겨서 나갔다 들어왔는데
9:36:48 PM <한면> 수업 내용이 다 사라져서요
9:36:59 PM <item4> web이면 방법 없고요
9:37:12 PM <item4> 프로그램을 설치하셨다면 scrollback이 활성화되있으면 남아있구요
9:37:16 PM <dcdc> strong 대신에 b 태그 쓰면 안되나요?
9:37:30 PM <dcdc> 어릴적에 b태그를 많이 썼던거 같아서요...
9:37:30 PM <item4> 또 예리한 질문이 왔네요
9:37:42 PM <momo> 예, 스트롱과 비태그의 차이점요.
9:37:56 PM <item4> 제가 아까 u 태그가
9:38:10 PM <item4> XHTML에 가선 아예 사라졌었다고 말씀드린 바 있습니다
9:38:16 PM <item4> b도 마찬가지입니다
9:38:25 PM <item4> 단순히 꾸미기 위한 태그였었기때문에
9:38:28 PM <item4> 사라졌었는데요
9:38:33 PM <item4> HTML5에 와서
9:38:39 PM <item4> 다른 용도를 가지고 부활했습니다
9:39:05 PM <item4> Represents a text which to which attention is drawn for utilitarian purposes . It doesn't convey extra importance and doesn't imply an alternate voice.
9:39:36 PM <dcdc> 아 그렇군요...
9:39:43 PM <item4> ... 영어로 길게 나왔는데
9:39:52 PM <item4> 간단히 설명하면
9:40:05 PM <item4> 억양상의 강조등은 없는데
9:40:15 PM <item4> 주목을 끌고 싶은 부분에 씁니다
9:41:20 PM <item4> 즉
9:41:33 PM <item4> strong은 정말 본디 의미에서 강조
9:41:38 PM <item4> b는 "나좀 봐주세요~"
9:41:45 PM <item4> 같은 느낌으로 이해하시면 될 것 같습니다
9:42:19 PM <dcdc> 네
9:42:29 PM <lyn> 과제하면서 써봐야겠네요..
9:42:44 PM <lyn> 경영학 석사엔 링크가 꽤 많네요;
9:43:11 PM <item4> 노가다성 과제지만
9:43:15 PM <item4> 직접 해보다보면
9:43:20 PM <item4> 태그 사용법이 손에 익기에
9:43:25 PM <item4> 이번엔 좀 노가다성으로 골랐습니다
9:43:54 PM <한면> hexchat설치하는 다른링크는 없나요?
9:44:23 PM <lyn> 과연
9:45:00 PM <item4> hexchat 링크
9:45:03 PM <item4> 복구해두었습니다
9:45:14 PM <item4> 제가 올려두었던글 가면 바뀐 링크 있습니다
9:45:37 PM <한면> 아 넵 감사합니다 오늘 로그는 페이스북으로 올라오겠군요 그럼
9:46:18 PM <lyn> target="_blank"에서
9:46:27 PM <lyn> blank 앞의 _가 어떤 의미가 있나요?
9:46:45 PM <item4> 음. 이건 정해진 룰입니다
9:46:55 PM <item4> _blank말고도 _top, _parent 등이 있는데요
9:47:05 PM <item4> 이건 iframe이란 태그를 배울때 다루도록 하겠습니다
9:47:11 PM <lyn> 아하..네
9:48:19 PM <item4> 메시지로 질문이 왔는데요
9:48:28 PM <item4> strong을 쓰면 검색이 더 잘되는가에 대한 부분입니다.
9:48:49 PM <item4> 이건 살짝 옆 학문(?)인 SEO, 검색엔진 최적화라는 분파인데요
9:49:09 PM <item4> 검색엔진은 야후가 옛날에 사람이 손수 추가했던적은 있지만
9:49:19 PM <item4> 지금은 모두 프로그램이 자동으로 자료를 추가합니다
9:49:33 PM <item4> 해당 문서에서 무엇이 핵심 단어인지를 프로그램이 판단해야하는데
9:49:55 PM <item4> 그 판단 기준으로 strong을 참조하는 경향이 있습니다
9:50:03 PM <item4> 단, 너무 남발하면 역효과가 나구요
9:50:10 PM <jason> 아
9:50:13 PM <item4> 정말 강조해야할때 몇번 쓰는 정도면 잘잡힙니다
9:50:20 PM <jason> 어느 싸이트나 마찬가지겠군요
9:50:26 PM <jason> 네이버 구글 다음 전부
9:50:28 PM <item4> 근데 이게 좀 사이트마다 다른데
9:50:34 PM <jason> 아 그래요
9:50:38 PM <item4> 네이버는 네이버만의 공식, 구글은 구글만의 공식이 있습니다
9:50:49 PM <jason> 아하~~~~~
9:50:51 PM <item4> 네이버의 특징을 들자면.. 네이버에서 검색이 잘되려면 그냥 네이버 블로그를 차려야합니다
9:51:04 PM <item4> 네이버의 외부 검색엔진으로써의 성능은 바닥이라서요
9:51:10 PM <jason> 네
9:51:12 PM <jason> 맞아요
9:51:17 PM <jason> 정말 이상하더라고요
9:51:21 PM <jason> 직접 운영해보니까
9:51:41 PM <jason> 여튼 감사합니다.
9:51:50 PM <item4> 검색엔진 최적화에 대한 부분은
9:52:02 PM <item4> 중간중간 나올테니 별미(?) 수준으로 즐겨주세요
9:52:16 PM <momo> 네
9:52:22 PM <item4> 다른 질문 없으신가요
9:52:45 PM <lyn> 서브라임이 만료되었다고 못쓰게되었는데;
9:52:54 PM <lyn> 이건 만료되면 새로 받고 계속 그래야하나요?;
9:53:04 PM <dcdc> 그냥 무시하면 되던데...
9:53:08 PM <item4> 음. 아니오창 누르면 계속 쓸 수 있긴 한데
9:53:18 PM <lyn> 저번주엔 그랬는데 이번엔 실행이 안돼서요...
9:53:18 PM <item4> 귀찮게 해서 사라고 하는 상술(?)인데
9:53:34 PM <item4> 서브라임이 계속 쓰고싶으시면 정품 구입을 하시거나.. 어둠의 루트(?)를 통하셔야 하고
9:53:38 PM <item4> 아니면 다른 에디터를 찾아보세요
9:53:54 PM <lyn> 아 업데이트하라고 뜨네요
9:54:00 PM <dcdc> 우리 그래도 프로그램 배우는데... 어둠의 루트는 하지 맙시다.
9:54:21 PM <lyn> 뭐... 놋패드++도 있고 압타나도 있고
9:54:25 PM <lyn> 이거면 되겠죠
9:54:27 PM <item4> 네
9:54:42 PM <item4> 다른 질문 더 있나요?
9:54:54 PM <dcdc> 없습니다. :) 오늘 수업 너무 감사합니다.
9:55:03 PM <피쉬> 감사합니다
9:55:04 PM <grimb> 감사합니다.
9:55:13 PM <Louis> 감사합니다.
9:55:15 PM <lyn> 감사합니다
9:55:17 PM <momo> 고맙습니다. 
9:55:29 PM <item4> 네. 그러면 오늘은 여기까지 하겠습니다
9:55:42 PM <item4> 모두 수고하셨습니다. :)